15:09:02 DEBUG : Logs will be stored at 'C:/Users/TAlars/Documents/vivado_projects_tests/vipix/bram/IDE.log'.
15:09:06 INFO  : Launching XSCT server: xsct.bat -n  -interactive C:\Users\TAlars\Documents\vivado_projects_tests\vipix\bram\temp_xsdb_launch_script.tcl
15:09:06 INFO  : Registering command handlers for Vitis TCF services
15:09:07 INFO  : Platform repository initialization has completed.
15:09:09 INFO  : XSCT server has started successfully.
15:09:09 INFO  : plnx-install-location is set to ''
15:09:10 INFO  : Successfully done setting XSCT server connection channel  
15:09:10 INFO  : Successfully done query RDI_DATADIR 
15:09:10 INFO  : Successfully done setting workspace for the tool. 
15:13:39 INFO  : Result from executing command 'getProjects': design_1_wrapper
15:13:39 INFO  : Result from executing command 'getPlatforms': xilinx_vck190_base_202220_1|C:/Xilinx/Vitis/2022.2/base_platforms/xilinx_vck190_base_202220_1/xilinx_vck190_base_202220_1.xpfm;xilinx_vck190_base_dfx_202220_1|C:/Xilinx/Vitis/2022.2/base_platforms/xilinx_vck190_base_dfx_202220_1/xilinx_vck190_base_dfx_202220_1.xpfm;xilinx_vmk180_base_202220_1|C:/Xilinx/Vitis/2022.2/base_platforms/xilinx_vmk180_base_202220_1/xilinx_vmk180_base_202220_1.xpfm;xilinx_zcu102_base_202220_1|C:/Xilinx/Vitis/2022.2/base_platforms/xilinx_zcu102_base_202220_1/xilinx_zcu102_base_202220_1.xpfm;xilinx_zcu102_base_dfx_202220_1|C:/Xilinx/Vitis/2022.2/base_platforms/xilinx_zcu102_base_dfx_202220_1/xilinx_zcu102_base_dfx_202220_1.xpfm;xilinx_zcu104_base_202220_1|C:/Xilinx/Vitis/2022.2/base_platforms/xilinx_zcu104_base_202220_1/xilinx_zcu104_base_202220_1.xpfm
15:13:41 WARN  : An unexpected exception occurred in the module 'platform project logging'
15:13:45 INFO  : Platform 'design_1_wrapper' is added to custom repositories.
15:14:03 INFO  : Platform 'design_1_wrapper' is added to custom repositories.
15:31:15 INFO  : Result from executing command 'getProjects': design_1_wrapper
15:31:15 INFO  : Result from executing command 'getPlatforms': design_1_wrapper|C:/Users/TAlars/Documents/vivado_projects_tests/vipix/bram/design_1_wrapper/export/design_1_wrapper/design_1_wrapper.xpfm;xilinx_vck190_base_202220_1|C:/Xilinx/Vitis/2022.2/base_platforms/xilinx_vck190_base_202220_1/xilinx_vck190_base_202220_1.xpfm;xilinx_vck190_base_dfx_202220_1|C:/Xilinx/Vitis/2022.2/base_platforms/xilinx_vck190_base_dfx_202220_1/xilinx_vck190_base_dfx_202220_1.xpfm;xilinx_vmk180_base_202220_1|C:/Xilinx/Vitis/2022.2/base_platforms/xilinx_vmk180_base_202220_1/xilinx_vmk180_base_202220_1.xpfm;xilinx_zcu102_base_202220_1|C:/Xilinx/Vitis/2022.2/base_platforms/xilinx_zcu102_base_202220_1/xilinx_zcu102_base_202220_1.xpfm;xilinx_zcu102_base_dfx_202220_1|C:/Xilinx/Vitis/2022.2/base_platforms/xilinx_zcu102_base_dfx_202220_1/xilinx_zcu102_base_dfx_202220_1.xpfm;xilinx_zcu104_base_202220_1|C:/Xilinx/Vitis/2022.2/base_platforms/xilinx_zcu104_base_202220_1/xilinx_zcu104_base_202220_1.xpfm
15:31:16 INFO  : Checking for BSP changes to sync application flags for project 'bram_ddr'...
00:10:08 DEBUG : Logs will be stored at 'C:/Users/TAlars/Documents/vivado_projects_tests/vipix/bram/IDE.log'.
00:10:09 INFO  : Launching XSCT server: xsct.bat -n  -interactive C:\Users\TAlars\Documents\vivado_projects_tests\vipix\bram\temp_xsdb_launch_script.tcl
00:10:13 INFO  : Registering command handlers for Vitis TCF services
00:10:13 INFO  : XSCT server has started successfully.
00:10:13 INFO  : plnx-install-location is set to ''
00:10:14 INFO  : Platform repository initialization has completed.
00:10:14 INFO  : Successfully done setting XSCT server connection channel  
00:10:14 INFO  : Successfully done query RDI_DATADIR 
00:10:14 INFO  : Successfully done setting workspace for the tool. 
00:12:03 INFO  : Checking for BSP changes to sync application flags for project 'bram_ddr'...
00:12:17 ERROR : (XSDB Server)ERROR: [Hsi 55-1571] The design file C:/Users/TAlars/Documents/vivado_projects_tests/vipix/bram/design_1_wrapper/export/design_1_wrapper/hw/design_1_wrapper.xsa is already opened

00:33:58 INFO  : Result from executing command 'getProjects': design_1_wrapper
00:33:58 INFO  : Result from executing command 'getPlatforms': design_1_wrapper|C:/Users/TAlars/Documents/vivado_projects_tests/vipix/bram/design_1_wrapper/export/design_1_wrapper/design_1_wrapper.xpfm;xilinx_vck190_base_202220_1|C:/Xilinx/Vitis/2022.2/base_platforms/xilinx_vck190_base_202220_1/xilinx_vck190_base_202220_1.xpfm;xilinx_vck190_base_dfx_202220_1|C:/Xilinx/Vitis/2022.2/base_platforms/xilinx_vck190_base_dfx_202220_1/xilinx_vck190_base_dfx_202220_1.xpfm;xilinx_vmk180_base_202220_1|C:/Xilinx/Vitis/2022.2/base_platforms/xilinx_vmk180_base_202220_1/xilinx_vmk180_base_202220_1.xpfm;xilinx_zcu102_base_202220_1|C:/Xilinx/Vitis/2022.2/base_platforms/xilinx_zcu102_base_202220_1/xilinx_zcu102_base_202220_1.xpfm;xilinx_zcu102_base_dfx_202220_1|C:/Xilinx/Vitis/2022.2/base_platforms/xilinx_zcu102_base_dfx_202220_1/xilinx_zcu102_base_dfx_202220_1.xpfm;xilinx_zcu104_base_202220_1|C:/Xilinx/Vitis/2022.2/base_platforms/xilinx_zcu104_base_202220_1/xilinx_zcu104_base_202220_1.xpfm
00:33:59 INFO  : Checking for BSP changes to sync application flags for project 'bram_ddr'...
00:37:38 INFO  : Checking for BSP changes to sync application flags for project 'bram_ddr'...
00:38:59 INFO  : Checking for BSP changes to sync application flags for project 'bram_ddr'...
00:39:40 ERROR : (XRT Server)C:/Xilinx/Vitis/2022.2/bin/unwrapped/win64.o/xrt_server.exe: error: illegal option '-'
Usage: agent [OPTION]...
Start Target Communication Framework agent.
  -d               run in daemon mode (output is sent to system logger)
  -i               run in interactive mode
  -L<file>         enable logging, use -L- to send log to stderr
  -l<level>        set log level, the level is comma separated list of:
      alloc        memory allocation and deallocation (0x1)
      eventcore    main event queue (0x2)
      waitpid      waitpid() events (0x4)
      events       low-level debugger events (0x8)
      protocol     communication protocol (0x20)

00:39:40 ERROR : (XRT Server)      context      debug context actions (0x40)
      children     debug context children (0x10)
      discovery    discovery (0x80)
      asyncreq     async I/O (0x100)
      proxy        proxy state (0x200)
      tcflog       proxy traffic (0x400)
      elf          ELF reader (0x800)
      stack        stack trace service (0x2000)
      plugin       plugins (0x4000)
      shutdown     shutdown of subsystems (0x8000)
      disasm       disassembly service (0x10000)
  -s<url>          set agent listening port and protocol, default is tcp::0
  -S               print server properties in Json format to stdout
  -g<port>         start GDB Remote Serial Protocol server at the specified TCP port
  -I<idle-seconds> exit if there are no connections for the specified time

00:40:41 ERROR : Timed out. 60 seconds have elapsed while waiting for the XRT server to launch.
00:40:44 INFO  : Connected to target on host '127.0.0.1' and port '3121'.
00:40:45 INFO  : Jtag cable 'Avnet ZUBoard1CG 1234-oj1A' is selected.
00:40:45 INFO  : 'jtag frequency' command is executed.
00:40:45 INFO  : Sourcing of 'C:/Xilinx/Vitis/2022.2/scripts/vitis/util/zynqmp_utils.tcl' is done.
00:40:45 INFO  : Context for 'APU' is selected.
00:40:46 INFO  : System reset is completed.
00:40:49 INFO  : 'after 3000' command is executed.
00:40:49 INFO  : Context for 'APU' is selected.
00:40:49 INFO  : 32 bit mode is enabled on 'psu_cortexa53_0'
00:40:49 INFO  : 'targets -set -filter {jtag_cable_name =~ "Avnet ZUBoard1CG 1234-oj1A" && level==0 && jtag_device_ctx=="jsn-ZUBoard1CG-1234-oj1A-04688093-0"}' command is executed.
00:40:51 INFO  : Device configured successfully with "C:/Users/TAlars/Documents/vivado_projects_tests/vipix/bram/bram_ddr/_ide/bitstream/design_1_wrapper.bit"
00:40:51 INFO  : Context for 'APU' is selected.
00:40:51 INFO  : Hardware design and registers information is loaded from 'C:/Users/TAlars/Documents/vivado_projects_tests/vipix/bram/design_1_wrapper/export/design_1_wrapper/hw/design_1_wrapper.xsa'.
00:40:51 INFO  : 'configparams force-mem-access 1' command is executed.
00:40:51 INFO  : Context for 'APU' is selected.
00:40:51 INFO  : Boot mode is read from the target.
00:40:51 INFO  : Context for processor 'psu_cortexa53_0' is selected.
00:40:51 INFO  : Processor reset is completed for 'psu_cortexa53_0'.
00:40:52 INFO  : The application 'C:/Users/TAlars/Documents/vivado_projects_tests/vipix/bram/design_1_wrapper/export/design_1_wrapper/sw/design_1_wrapper/boot/fsbl.elf' is downloaded to processor 'psu_cortexa53_0'.
00:40:52 INFO  : 'set bp_40_52_fsbl_bp [bpadd -addr &XFsbl_Exit]' command is executed.
00:40:53 INFO  : 'con -block -timeout 60' command is executed.
00:40:53 INFO  : 'bpremove $bp_40_52_fsbl_bp' command is executed.
00:40:53 INFO  : Context for processor 'psu_cortexa53_0' is selected.
00:40:53 INFO  : Processor reset is completed for 'psu_cortexa53_0'.
00:40:54 INFO  : The application 'C:/Users/TAlars/Documents/vivado_projects_tests/vipix/bram/bram_ddr/Debug/bram_ddr.elf' is downloaded to processor 'psu_cortexa53_0'.
00:40:54 INFO  : 'configparams force-mem-access 0' command is executed.
00:40:54 INFO  : ----------------XSDB Script----------------
connect -url tcp:127.0.0.1:3121
source C:/Xilinx/Vitis/2022.2/scripts/vitis/util/zynqmp_utils.tcl
targets -set -nocase -filter {name =~"APU*"}
rst -system
after 3000
targets -set -nocase -filter {name =~"APU*"}
enable_a32_mode 0
targets -set -filter {jtag_cable_name =~ "Avnet ZUBoard1CG 1234-oj1A" && level==0 && jtag_device_ctx=="jsn-ZUBoard1CG-1234-oj1A-04688093-0"}
fpga -file C:/Users/TAlars/Documents/vivado_projects_tests/vipix/bram/bram_ddr/_ide/bitstream/design_1_wrapper.bit
targets -set -nocase -filter {name =~"APU*"}
loadhw -hw C:/Users/TAlars/Documents/vivado_projects_tests/vipix/bram/design_1_wrapper/export/design_1_wrapper/hw/design_1_wrapper.xsa -mem-ranges [list {0x80000000 0xbfffffff} {0x400000000 0x5ffffffff} {0x1000000000 0x7fffffffff}] -regs
configparams force-mem-access 1
targets -set -nocase -filter {name =~"APU*"}
set mode [expr [mrd -value 0xFF5E0200] & 0xf]
targets -set -nocase -filter {name =~ "*A53*#0"}
rst -processor
dow C:/Users/TAlars/Documents/vivado_projects_tests/vipix/bram/design_1_wrapper/export/design_1_wrapper/sw/design_1_wrapper/boot/fsbl.elf
set bp_40_52_fsbl_bp [bpadd -addr &XFsbl_Exit]
con -block -timeout 60
bpremove $bp_40_52_fsbl_bp
targets -set -nocase -filter {name =~ "*A53*#0"}
rst -processor
dow C:/Users/TAlars/Documents/vivado_projects_tests/vipix/bram/bram_ddr/Debug/bram_ddr.elf
configparams force-mem-access 0
----------------End of Script----------------

00:40:54 INFO  : Context for processor 'psu_cortexa53_0' is selected.
00:40:54 INFO  : 'con' command is executed.
00:40:54 INFO  : ----------------XSDB Script (After Launch)----------------
targets -set -nocase -filter {name =~ "*A53*#0"}
con
----------------End of Script----------------

00:40:54 INFO  : Launch script is exported to file 'C:\Users\TAlars\Documents\vivado_projects_tests\vipix\bram\memory_access\_ide\scripts\systemdebugger_memory_access_standalone.tcl'
00:53:57 INFO  : Checking for BSP changes to sync application flags for project 'bram_ddr'...
00:55:48 INFO  : Checking for BSP changes to sync application flags for project 'bram_ddr'...
00:56:06 INFO  : Checking for BSP changes to sync application flags for project 'bram_ddr'...
00:56:22 INFO  : Checking for BSP changes to sync application flags for project 'bram_ddr'...
00:56:36 INFO  : Checking for BSP changes to sync application flags for project 'bram_ddr'...
01:00:25 INFO  : Checking for BSP changes to sync application flags for project 'bram_ddr'...
01:00:45 INFO  : Disconnected from the channel tcfchan#4.
01:00:46 ERROR : (XRT Server)C:/Xilinx/Vitis/2022.2/bin/unwrapped/win64.o/xrt_server.exe: error: illegal option '-'
Usage: agent [OPTION]...
Start Target Communication Framework agent.
  -d               run in daemon mode (output is sent to system logger)
  -i               run in interactive mode
  -L<file>         enable logging, use -L- to send log to stderr
  -l<level>        set log level, the level is comma separated list of:
      alloc        memory allocation and deallocation (0x1)
      eventcore    main event queue (0x2)
      waitpid      waitpid() events (0x4)
      events       low-level debugger events (0x8)
      protocol     communication protocol (0x20)
      context      debug context actions (0x40)
      children     debug context children (0x10)
      discovery    discovery (0x80)
      asyncreq     async I/O (0x100)
      proxy        proxy state (0x200)
      tcflog       proxy traffic (0x400)
      elf          ELF reader (0x800)
      stack        stack trace service (0x2000)
      plugin       plugins (0x4000)
      shutdown     shutdown of subsystems (0x8000)
      disasm       disassembly service (0x10000)
  -s<url>          set agent listening port and protocol, default is tcp::0
  -S               print server properties in Json format to stdout
  -g<port>         start GDB Remote Serial Protocol server at the specified TCP port
  -I<idle-seconds> exit if there are no connections for the specified time

01:01:46 ERROR : Timed out. 60 seconds have elapsed while waiting for the XRT server to launch.
01:01:49 INFO  : Connected to target on host '127.0.0.1' and port '3121'.
01:01:49 INFO  : Jtag cable 'Avnet ZUBoard1CG 1234-oj1A' is selected.
01:01:50 INFO  : 'jtag frequency' command is executed.
01:01:50 INFO  : Sourcing of 'C:/Xilinx/Vitis/2022.2/scripts/vitis/util/zynqmp_utils.tcl' is done.
01:01:50 INFO  : Context for 'APU' is selected.
01:01:50 INFO  : System reset is completed.
01:01:53 INFO  : 'after 3000' command is executed.
01:01:53 INFO  : Context for 'APU' is selected.
01:01:53 INFO  : 32 bit mode is enabled on 'psu_cortexa53_0'
01:01:53 INFO  : 'targets -set -filter {jtag_cable_name =~ "Avnet ZUBoard1CG 1234-oj1A" && level==0 && jtag_device_ctx=="jsn-ZUBoard1CG-1234-oj1A-04688093-0"}' command is executed.
01:01:55 INFO  : Device configured successfully with "C:/Users/TAlars/Documents/vivado_projects_tests/vipix/bram/bram_ddr/_ide/bitstream/design_1_wrapper.bit"
01:01:55 INFO  : Context for 'APU' is selected.
01:02:06 INFO  : Hardware design and registers information is loaded from 'C:/Users/TAlars/Documents/vivado_projects_tests/vipix/bram/design_1_wrapper/export/design_1_wrapper/hw/design_1_wrapper.xsa'.
01:02:06 INFO  : 'configparams force-mem-access 1' command is executed.
01:02:06 INFO  : Context for 'APU' is selected.
01:02:06 INFO  : Boot mode is read from the target.
01:02:06 INFO  : Context for processor 'psu_cortexa53_0' is selected.
01:02:06 INFO  : Processor reset is completed for 'psu_cortexa53_0'.
01:02:07 INFO  : The application 'C:/Users/TAlars/Documents/vivado_projects_tests/vipix/bram/design_1_wrapper/export/design_1_wrapper/sw/design_1_wrapper/boot/fsbl.elf' is downloaded to processor 'psu_cortexa53_0'.
01:02:07 INFO  : 'set bp_2_7_fsbl_bp [bpadd -addr &XFsbl_Exit]' command is executed.
01:02:08 INFO  : 'con -block -timeout 60' command is executed.
01:02:08 INFO  : 'bpremove $bp_2_7_fsbl_bp' command is executed.
01:02:08 INFO  : Context for processor 'psu_cortexa53_0' is selected.
01:02:08 INFO  : Processor reset is completed for 'psu_cortexa53_0'.
01:02:09 INFO  : The application 'C:/Users/TAlars/Documents/vivado_projects_tests/vipix/bram/bram_ddr/Debug/bram_ddr.elf' is downloaded to processor 'psu_cortexa53_0'.
01:02:09 INFO  : 'configparams force-mem-access 0' command is executed.
01:02:09 INFO  : ----------------XSDB Script----------------
connect -url tcp:127.0.0.1:3121
source C:/Xilinx/Vitis/2022.2/scripts/vitis/util/zynqmp_utils.tcl
targets -set -nocase -filter {name =~"APU*"}
rst -system
after 3000
targets -set -nocase -filter {name =~"APU*"}
enable_a32_mode 0
targets -set -filter {jtag_cable_name =~ "Avnet ZUBoard1CG 1234-oj1A" && level==0 && jtag_device_ctx=="jsn-ZUBoard1CG-1234-oj1A-04688093-0"}
fpga -file C:/Users/TAlars/Documents/vivado_projects_tests/vipix/bram/bram_ddr/_ide/bitstream/design_1_wrapper.bit
targets -set -nocase -filter {name =~"APU*"}
loadhw -hw C:/Users/TAlars/Documents/vivado_projects_tests/vipix/bram/design_1_wrapper/export/design_1_wrapper/hw/design_1_wrapper.xsa -mem-ranges [list {0x80000000 0xbfffffff} {0x400000000 0x5ffffffff} {0x1000000000 0x7fffffffff}] -regs
configparams force-mem-access 1
targets -set -nocase -filter {name =~"APU*"}
set mode [expr [mrd -value 0xFF5E0200] & 0xf]
targets -set -nocase -filter {name =~ "*A53*#0"}
rst -processor
dow C:/Users/TAlars/Documents/vivado_projects_tests/vipix/bram/design_1_wrapper/export/design_1_wrapper/sw/design_1_wrapper/boot/fsbl.elf
set bp_2_7_fsbl_bp [bpadd -addr &XFsbl_Exit]
con -block -timeout 60
bpremove $bp_2_7_fsbl_bp
targets -set -nocase -filter {name =~ "*A53*#0"}
rst -processor
dow C:/Users/TAlars/Documents/vivado_projects_tests/vipix/bram/bram_ddr/Debug/bram_ddr.elf
configparams force-mem-access 0
----------------End of Script----------------

01:02:09 INFO  : Context for processor 'psu_cortexa53_0' is selected.
01:02:09 INFO  : 'con' command is executed.
01:02:09 INFO  : ----------------XSDB Script (After Launch)----------------
targets -set -nocase -filter {name =~ "*A53*#0"}
con
----------------End of Script----------------

01:02:09 INFO  : Launch script is exported to file 'C:\Users\TAlars\Documents\vivado_projects_tests\vipix\bram\memory_access\_ide\scripts\systemdebugger_memory_access_standalone.tcl'
01:03:56 INFO  : Disconnected from the channel tcfchan#8.
01:03:56 ERROR : (XRT Server)C:/Xilinx/Vitis/2022.2/bin/unwrapped/win64.o/xrt_server.exe: error: illegal option '-'
Usage: agent [OPTION]...
Start Target Communication Framework agent.
  -d               run in daemon mode (output is sent to system logger)
  -i               run in interactive mode
  -L<file>         enable logging, use -L- to send log to stderr
  -l<level>        set log level, the level is comma separated list of:
      alloc        memory allocation and deallocation (0x1)
      eventcore    main event queue (0x2)
      waitpid      waitpid() events (0x4)
      events       low-level debugger events (0x8)
      protocol     communication protocol (0x20)
      context      debug context actions (0x40)
      children     debug context children (0x10)
      discovery    discovery (0x80)
      asyncreq     async I/O (0x100)
      proxy        proxy state (0x200)
      tcflog       proxy traffic (0x400)
      elf          ELF reader (0x800)
      stack        stack trace service (0x2000)
      plugin       plugins (0x4000)
      shutdown     shutdown of subsystems (0x8000)
      disasm       disassembly service (0x10000)
  -s<url>          set agent listening port and protocol, default is tcp::0
  -S               print server properties in Json format to stdout
  -g<port>         start GDB Remote Serial Protocol server at the specified TCP port
  -I<idle-seconds> exit if there are no connections for the specified time

01:04:56 ERROR : Timed out. 60 seconds have elapsed while waiting for the XRT server to launch.
01:04:59 INFO  : Connected to target on host '127.0.0.1' and port '3121'.
01:05:00 INFO  : Jtag cable 'Avnet ZUBoard1CG 1234-oj1A' is selected.
01:05:00 INFO  : 'jtag frequency' command is executed.
01:05:00 INFO  : Sourcing of 'C:/Xilinx/Vitis/2022.2/scripts/vitis/util/zynqmp_utils.tcl' is done.
01:05:00 INFO  : Context for 'APU' is selected.
01:05:00 INFO  : System reset is completed.
01:05:03 INFO  : 'after 3000' command is executed.
01:05:03 INFO  : Context for 'APU' is selected.
01:05:03 INFO  : 32 bit mode is enabled on 'psu_cortexa53_0'
01:05:03 INFO  : 'targets -set -filter {jtag_cable_name =~ "Avnet ZUBoard1CG 1234-oj1A" && level==0 && jtag_device_ctx=="jsn-ZUBoard1CG-1234-oj1A-04688093-0"}' command is executed.
01:05:05 INFO  : Device configured successfully with "C:/Users/TAlars/Documents/vivado_projects_tests/vipix/bram/bram_ddr/_ide/bitstream/design_1_wrapper.bit"
01:05:05 INFO  : Context for 'APU' is selected.
01:05:05 INFO  : Hardware design and registers information is loaded from 'C:/Users/TAlars/Documents/vivado_projects_tests/vipix/bram/design_1_wrapper/export/design_1_wrapper/hw/design_1_wrapper.xsa'.
01:05:05 INFO  : 'configparams force-mem-access 1' command is executed.
01:05:05 INFO  : Context for 'APU' is selected.
01:05:05 INFO  : Boot mode is read from the target.
01:05:05 INFO  : Context for processor 'psu_cortexa53_0' is selected.
01:05:05 INFO  : Processor reset is completed for 'psu_cortexa53_0'.
01:05:06 INFO  : The application 'C:/Users/TAlars/Documents/vivado_projects_tests/vipix/bram/design_1_wrapper/export/design_1_wrapper/sw/design_1_wrapper/boot/fsbl.elf' is downloaded to processor 'psu_cortexa53_0'.
01:05:06 INFO  : 'set bp_5_6_fsbl_bp [bpadd -addr &XFsbl_Exit]' command is executed.
01:05:07 INFO  : 'con -block -timeout 60' command is executed.
01:05:07 INFO  : 'bpremove $bp_5_6_fsbl_bp' command is executed.
01:05:07 INFO  : Context for processor 'psu_cortexa53_0' is selected.
01:05:07 INFO  : Processor reset is completed for 'psu_cortexa53_0'.
01:05:08 INFO  : The application 'C:/Users/TAlars/Documents/vivado_projects_tests/vipix/bram/bram_ddr/Debug/bram_ddr.elf' is downloaded to processor 'psu_cortexa53_0'.
01:05:08 INFO  : 'configparams force-mem-access 0' command is executed.
01:05:08 INFO  : ----------------XSDB Script----------------
connect -url tcp:127.0.0.1:3121
source C:/Xilinx/Vitis/2022.2/scripts/vitis/util/zynqmp_utils.tcl
targets -set -nocase -filter {name =~"APU*"}
rst -system
after 3000
targets -set -nocase -filter {name =~"APU*"}
enable_a32_mode 0
targets -set -filter {jtag_cable_name =~ "Avnet ZUBoard1CG 1234-oj1A" && level==0 && jtag_device_ctx=="jsn-ZUBoard1CG-1234-oj1A-04688093-0"}
fpga -file C:/Users/TAlars/Documents/vivado_projects_tests/vipix/bram/bram_ddr/_ide/bitstream/design_1_wrapper.bit
targets -set -nocase -filter {name =~"APU*"}
loadhw -hw C:/Users/TAlars/Documents/vivado_projects_tests/vipix/bram/design_1_wrapper/export/design_1_wrapper/hw/design_1_wrapper.xsa -mem-ranges [list {0x80000000 0xbfffffff} {0x400000000 0x5ffffffff} {0x1000000000 0x7fffffffff}] -regs
configparams force-mem-access 1
targets -set -nocase -filter {name =~"APU*"}
set mode [expr [mrd -value 0xFF5E0200] & 0xf]
targets -set -nocase -filter {name =~ "*A53*#0"}
rst -processor
dow C:/Users/TAlars/Documents/vivado_projects_tests/vipix/bram/design_1_wrapper/export/design_1_wrapper/sw/design_1_wrapper/boot/fsbl.elf
set bp_5_6_fsbl_bp [bpadd -addr &XFsbl_Exit]
con -block -timeout 60
bpremove $bp_5_6_fsbl_bp
targets -set -nocase -filter {name =~ "*A53*#0"}
rst -processor
dow C:/Users/TAlars/Documents/vivado_projects_tests/vipix/bram/bram_ddr/Debug/bram_ddr.elf
configparams force-mem-access 0
----------------End of Script----------------

01:05:08 INFO  : Context for processor 'psu_cortexa53_0' is selected.
01:05:08 INFO  : 'con' command is executed.
01:05:08 INFO  : ----------------XSDB Script (After Launch)----------------
targets -set -nocase -filter {name =~ "*A53*#0"}
con
----------------End of Script----------------

01:05:08 INFO  : Launch script is exported to file 'C:\Users\TAlars\Documents\vivado_projects_tests\vipix\bram\memory_access\_ide\scripts\systemdebugger_memory_access_standalone.tcl'
01:08:11 INFO  : Checking for BSP changes to sync application flags for project 'bram_ddr'...
01:08:37 INFO  : Checking for BSP changes to sync application flags for project 'bram_ddr'...
01:09:18 INFO  : Checking for BSP changes to sync application flags for project 'bram_ddr'...
01:09:36 INFO  : Disconnected from the channel tcfchan#9.
01:09:37 ERROR : (XRT Server)C:/Xilinx/Vitis/2022.2/bin/unwrapped/win64.o/xrt_server.exe: error: illegal option '-'
Usage: agent [OPTION]...
Start Target Communication Framework agent.
  -d               run in daemon mode (output is sent to system logger)
  -i               run in interactive mode
  -L<file>         enable logging, use -L- to send log to stderr
  -l<level>        set log level, the level is comma separated list of:
      alloc        memory allocation and deallocation (0x1)
      eventcore    main event queue (0x2)
      waitpid      waitpid() events (0x4)
      events       low-level debugger events (0x8)
      protocol     communication protocol (0x20)
      context      debug context actions (0x40)
      children     debug context children (0x10)
      discovery    discovery (0x80)
      asyncreq     async I/O (0x100)
      proxy        proxy state (0x200)
      tcflog       proxy traffic (0x400)
      elf          ELF reader (0x800)
      stack        stack trace service (0x2000)
      plugin       plugins (0x4000)
      shutdown     shutdown of subsystems (0x8000)
      disasm       disassembly service (0x10000)
  -s<url>          set agent listening port and protocol, default is tcp::0
  -S               print server properties in Json format to stdout
  -g<port>         start GDB Remote Serial Protocol server at the specified TCP port
  -I<idle-seconds> exit if there are no connections for the specified time

01:10:37 ERROR : Timed out. 60 seconds have elapsed while waiting for the XRT server to launch.
01:10:39 INFO  : Connected to target on host '127.0.0.1' and port '3121'.
01:10:40 INFO  : Jtag cable 'Avnet ZUBoard1CG 1234-oj1A' is selected.
01:10:40 INFO  : 'jtag frequency' command is executed.
01:10:40 INFO  : Sourcing of 'C:/Xilinx/Vitis/2022.2/scripts/vitis/util/zynqmp_utils.tcl' is done.
01:10:40 INFO  : Context for 'APU' is selected.
01:10:41 INFO  : System reset is completed.
01:10:44 INFO  : 'after 3000' command is executed.
01:10:44 INFO  : Context for 'APU' is selected.
01:10:44 INFO  : 32 bit mode is enabled on 'psu_cortexa53_0'
01:10:44 INFO  : 'targets -set -filter {jtag_cable_name =~ "Avnet ZUBoard1CG 1234-oj1A" && level==0 && jtag_device_ctx=="jsn-ZUBoard1CG-1234-oj1A-04688093-0"}' command is executed.
01:10:46 INFO  : Device configured successfully with "C:/Users/TAlars/Documents/vivado_projects_tests/vipix/bram/bram_ddr/_ide/bitstream/design_1_wrapper.bit"
01:10:46 INFO  : Context for 'APU' is selected.
01:10:46 INFO  : Hardware design and registers information is loaded from 'C:/Users/TAlars/Documents/vivado_projects_tests/vipix/bram/design_1_wrapper/export/design_1_wrapper/hw/design_1_wrapper.xsa'.
01:10:46 INFO  : 'configparams force-mem-access 1' command is executed.
01:10:46 INFO  : Context for 'APU' is selected.
01:10:46 INFO  : Boot mode is read from the target.
01:10:46 INFO  : Context for processor 'psu_cortexa53_0' is selected.
01:10:46 INFO  : Processor reset is completed for 'psu_cortexa53_0'.
01:10:47 INFO  : The application 'C:/Users/TAlars/Documents/vivado_projects_tests/vipix/bram/design_1_wrapper/export/design_1_wrapper/sw/design_1_wrapper/boot/fsbl.elf' is downloaded to processor 'psu_cortexa53_0'.
01:10:47 INFO  : 'set bp_10_47_fsbl_bp [bpadd -addr &XFsbl_Exit]' command is executed.
01:10:47 INFO  : 'con -block -timeout 60' command is executed.
01:10:47 INFO  : 'bpremove $bp_10_47_fsbl_bp' command is executed.
01:10:47 INFO  : Context for processor 'psu_cortexa53_0' is selected.
01:10:47 INFO  : Processor reset is completed for 'psu_cortexa53_0'.
01:10:47 INFO  : The application 'C:/Users/TAlars/Documents/vivado_projects_tests/vipix/bram/bram_ddr/Debug/bram_ddr.elf' is downloaded to processor 'psu_cortexa53_0'.
01:10:48 INFO  : 'configparams force-mem-access 0' command is executed.
01:10:48 INFO  : ----------------XSDB Script----------------
connect -url tcp:127.0.0.1:3121
source C:/Xilinx/Vitis/2022.2/scripts/vitis/util/zynqmp_utils.tcl
targets -set -nocase -filter {name =~"APU*"}
rst -system
after 3000
targets -set -nocase -filter {name =~"APU*"}
enable_a32_mode 0
targets -set -filter {jtag_cable_name =~ "Avnet ZUBoard1CG 1234-oj1A" && level==0 && jtag_device_ctx=="jsn-ZUBoard1CG-1234-oj1A-04688093-0"}
fpga -file C:/Users/TAlars/Documents/vivado_projects_tests/vipix/bram/bram_ddr/_ide/bitstream/design_1_wrapper.bit
targets -set -nocase -filter {name =~"APU*"}
loadhw -hw C:/Users/TAlars/Documents/vivado_projects_tests/vipix/bram/design_1_wrapper/export/design_1_wrapper/hw/design_1_wrapper.xsa -mem-ranges [list {0x80000000 0xbfffffff} {0x400000000 0x5ffffffff} {0x1000000000 0x7fffffffff}] -regs
configparams force-mem-access 1
targets -set -nocase -filter {name =~"APU*"}
set mode [expr [mrd -value 0xFF5E0200] & 0xf]
targets -set -nocase -filter {name =~ "*A53*#0"}
rst -processor
dow C:/Users/TAlars/Documents/vivado_projects_tests/vipix/bram/design_1_wrapper/export/design_1_wrapper/sw/design_1_wrapper/boot/fsbl.elf
set bp_10_47_fsbl_bp [bpadd -addr &XFsbl_Exit]
con -block -timeout 60
bpremove $bp_10_47_fsbl_bp
targets -set -nocase -filter {name =~ "*A53*#0"}
rst -processor
dow C:/Users/TAlars/Documents/vivado_projects_tests/vipix/bram/bram_ddr/Debug/bram_ddr.elf
configparams force-mem-access 0
----------------End of Script----------------

01:10:48 INFO  : Context for processor 'psu_cortexa53_0' is selected.
01:10:48 INFO  : 'con' command is executed.
01:10:48 INFO  : ----------------XSDB Script (After Launch)----------------
targets -set -nocase -filter {name =~ "*A53*#0"}
con
----------------End of Script----------------

01:10:48 INFO  : Launch script is exported to file 'C:\Users\TAlars\Documents\vivado_projects_tests\vipix\bram\memory_access\_ide\scripts\systemdebugger_memory_access_standalone.tcl'
01:12:56 INFO  : Checking for BSP changes to sync application flags for project 'bram_ddr'...
01:14:14 INFO  : Disconnected from the channel tcfchan#12.
01:14:15 ERROR : (XRT Server)C:/Xilinx/Vitis/2022.2/bin/unwrapped/win64.o/xrt_server.exe: error: illegal option '-'
Usage: agent [OPTION]...
Start Target Communication Framework agent.
  -d               run in daemon mode (output is sent to system logger)
  -i               run in interactive mode
  -L<file>         enable logging, use -L- to send log to stderr
  -l<level>        set log level, the level is comma separated list of:
      alloc        memory allocation and deallocation (0x1)
      eventcore    main event queue (0x2)
      waitpid      waitpid() events (0x4)
      events       low-level debugger events (0x8)
      protocol     communication protocol (0x20)
      context      debug context actions (0x40)
      children     debug context children (0x10)
      discovery    discovery (0x80)
      asyncreq     async I/O (0x100)
      proxy        proxy state (0x200)
      tcflog       proxy traffic (0x400)
      elf          ELF reader (0x800)
      stack        stack trace service (0x2000)
      plugin       plugins (0x4000)
      shutdown     shutdown of subsystems (0x8000)
      disasm       disassembly service (0x10000)
  -s<url>          set agent listening port and protocol, default is tcp::0
  -S               print server properties in Json format to stdout
  -g<port>         start GDB Remote Serial Protocol server at the specified TCP port
  -I<idle-seconds> exit if there are no connections for the specified time

01:15:15 ERROR : Timed out. 60 seconds have elapsed while waiting for the XRT server to launch.
01:15:17 INFO  : Connected to target on host '127.0.0.1' and port '3121'.
01:15:18 INFO  : Jtag cable 'Avnet ZUBoard1CG 1234-oj1A' is selected.
01:15:18 INFO  : 'jtag frequency' command is executed.
01:15:18 INFO  : Sourcing of 'C:/Xilinx/Vitis/2022.2/scripts/vitis/util/zynqmp_utils.tcl' is done.
01:15:18 INFO  : Context for 'APU' is selected.
01:15:19 INFO  : System reset is completed.
01:15:22 INFO  : 'after 3000' command is executed.
01:15:22 INFO  : Context for 'APU' is selected.
01:15:22 INFO  : 32 bit mode is enabled on 'psu_cortexa53_0'
01:15:22 INFO  : 'targets -set -filter {jtag_cable_name =~ "Avnet ZUBoard1CG 1234-oj1A" && level==0 && jtag_device_ctx=="jsn-ZUBoard1CG-1234-oj1A-04688093-0"}' command is executed.
01:15:24 INFO  : Device configured successfully with "C:/Users/TAlars/Documents/vivado_projects_tests/vipix/bram/bram_ddr/_ide/bitstream/design_1_wrapper.bit"
01:15:24 INFO  : Context for 'APU' is selected.
01:15:24 INFO  : Hardware design and registers information is loaded from 'C:/Users/TAlars/Documents/vivado_projects_tests/vipix/bram/design_1_wrapper/export/design_1_wrapper/hw/design_1_wrapper.xsa'.
01:15:24 INFO  : 'configparams force-mem-access 1' command is executed.
01:15:24 INFO  : Context for 'APU' is selected.
01:15:24 INFO  : Boot mode is read from the target.
01:15:24 INFO  : Context for processor 'psu_cortexa53_0' is selected.
01:15:24 INFO  : Processor reset is completed for 'psu_cortexa53_0'.
01:15:25 INFO  : The application 'C:/Users/TAlars/Documents/vivado_projects_tests/vipix/bram/design_1_wrapper/export/design_1_wrapper/sw/design_1_wrapper/boot/fsbl.elf' is downloaded to processor 'psu_cortexa53_0'.
01:15:25 INFO  : 'set bp_15_25_fsbl_bp [bpadd -addr &XFsbl_Exit]' command is executed.
01:15:26 INFO  : 'con -block -timeout 60' command is executed.
01:15:26 INFO  : 'bpremove $bp_15_25_fsbl_bp' command is executed.
01:15:26 INFO  : Context for processor 'psu_cortexa53_0' is selected.
01:15:26 INFO  : Processor reset is completed for 'psu_cortexa53_0'.
01:15:26 INFO  : The application 'C:/Users/TAlars/Documents/vivado_projects_tests/vipix/bram/bram_ddr/Debug/bram_ddr.elf' is downloaded to processor 'psu_cortexa53_0'.
01:15:26 INFO  : 'configparams force-mem-access 0' command is executed.
01:15:26 INFO  : ----------------XSDB Script----------------
connect -url tcp:127.0.0.1:3121
source C:/Xilinx/Vitis/2022.2/scripts/vitis/util/zynqmp_utils.tcl
targets -set -nocase -filter {name =~"APU*"}
rst -system
after 3000
targets -set -nocase -filter {name =~"APU*"}
enable_a32_mode 0
targets -set -filter {jtag_cable_name =~ "Avnet ZUBoard1CG 1234-oj1A" && level==0 && jtag_device_ctx=="jsn-ZUBoard1CG-1234-oj1A-04688093-0"}
fpga -file C:/Users/TAlars/Documents/vivado_projects_tests/vipix/bram/bram_ddr/_ide/bitstream/design_1_wrapper.bit
targets -set -nocase -filter {name =~"APU*"}
loadhw -hw C:/Users/TAlars/Documents/vivado_projects_tests/vipix/bram/design_1_wrapper/export/design_1_wrapper/hw/design_1_wrapper.xsa -mem-ranges [list {0x80000000 0xbfffffff} {0x400000000 0x5ffffffff} {0x1000000000 0x7fffffffff}] -regs
configparams force-mem-access 1
targets -set -nocase -filter {name =~"APU*"}
set mode [expr [mrd -value 0xFF5E0200] & 0xf]
targets -set -nocase -filter {name =~ "*A53*#0"}
rst -processor
dow C:/Users/TAlars/Documents/vivado_projects_tests/vipix/bram/design_1_wrapper/export/design_1_wrapper/sw/design_1_wrapper/boot/fsbl.elf
set bp_15_25_fsbl_bp [bpadd -addr &XFsbl_Exit]
con -block -timeout 60
bpremove $bp_15_25_fsbl_bp
targets -set -nocase -filter {name =~ "*A53*#0"}
rst -processor
dow C:/Users/TAlars/Documents/vivado_projects_tests/vipix/bram/bram_ddr/Debug/bram_ddr.elf
configparams force-mem-access 0
----------------End of Script----------------

01:15:26 INFO  : Context for processor 'psu_cortexa53_0' is selected.
01:15:26 INFO  : 'con' command is executed.
01:15:26 INFO  : ----------------XSDB Script (After Launch)----------------
targets -set -nocase -filter {name =~ "*A53*#0"}
con
----------------End of Script----------------

01:15:26 INFO  : Launch script is exported to file 'C:\Users\TAlars\Documents\vivado_projects_tests\vipix\bram\memory_access\_ide\scripts\systemdebugger_memory_access_standalone.tcl'
01:20:34 INFO  : Disconnected from the channel tcfchan#14.
