20:15:47 DEBUG : Logs will be stored at 'C:/Users/TAlars/Documents/vivado_projects_tests/vipix/sdCard_rw_txt/IDE.log'.
20:15:54 INFO  : Launching XSCT server: xsct.bat -n  -interactive C:\Users\TAlars\Documents\vivado_projects_tests\vipix\sdCard_rw_txt\temp_xsdb_launch_script.tcl
20:15:59 INFO  : XSCT server has started successfully.
20:15:59 INFO  : plnx-install-location is set to ''
20:15:59 INFO  : Successfully done setting XSCT server connection channel  
20:15:59 INFO  : Successfully done setting workspace for the tool. 
20:15:59 INFO  : Registering command handlers for Vitis TCF services
20:16:01 INFO  : Platform repository initialization has completed.
20:16:01 INFO  : Successfully done query RDI_DATADIR 
20:18:10 INFO  : Result from executing command 'getProjects': design_1_wrapper
20:18:11 INFO  : Result from executing command 'getPlatforms': xilinx_vck190_base_202220_1|C:/Xilinx/Vitis/2022.2/base_platforms/xilinx_vck190_base_202220_1/xilinx_vck190_base_202220_1.xpfm;xilinx_vck190_base_dfx_202220_1|C:/Xilinx/Vitis/2022.2/base_platforms/xilinx_vck190_base_dfx_202220_1/xilinx_vck190_base_dfx_202220_1.xpfm;xilinx_vmk180_base_202220_1|C:/Xilinx/Vitis/2022.2/base_platforms/xilinx_vmk180_base_202220_1/xilinx_vmk180_base_202220_1.xpfm;xilinx_zcu102_base_202220_1|C:/Xilinx/Vitis/2022.2/base_platforms/xilinx_zcu102_base_202220_1/xilinx_zcu102_base_202220_1.xpfm;xilinx_zcu102_base_dfx_202220_1|C:/Xilinx/Vitis/2022.2/base_platforms/xilinx_zcu102_base_dfx_202220_1/xilinx_zcu102_base_dfx_202220_1.xpfm;xilinx_zcu104_base_202220_1|C:/Xilinx/Vitis/2022.2/base_platforms/xilinx_zcu104_base_202220_1/xilinx_zcu104_base_202220_1.xpfm
20:18:13 WARN  : An unexpected exception occurred in the module 'platform project logging'
20:18:17 INFO  : Platform 'design_1_wrapper' is added to custom repositories.
20:18:31 INFO  : Platform 'design_1_wrapper' is added to custom repositories.
20:32:06 INFO  : Result from executing command 'getProjects': design_1_wrapper
20:32:06 INFO  : Result from executing command 'getPlatforms': design_1_wrapper|C:/Users/TAlars/Documents/vivado_projects_tests/vipix/sdCard_rw_txt/design_1_wrapper/export/design_1_wrapper/design_1_wrapper.xpfm;xilinx_vck190_base_202220_1|C:/Xilinx/Vitis/2022.2/base_platforms/xilinx_vck190_base_202220_1/xilinx_vck190_base_202220_1.xpfm;xilinx_vck190_base_dfx_202220_1|C:/Xilinx/Vitis/2022.2/base_platforms/xilinx_vck190_base_dfx_202220_1/xilinx_vck190_base_dfx_202220_1.xpfm;xilinx_vmk180_base_202220_1|C:/Xilinx/Vitis/2022.2/base_platforms/xilinx_vmk180_base_202220_1/xilinx_vmk180_base_202220_1.xpfm;xilinx_zcu102_base_202220_1|C:/Xilinx/Vitis/2022.2/base_platforms/xilinx_zcu102_base_202220_1/xilinx_zcu102_base_202220_1.xpfm;xilinx_zcu102_base_dfx_202220_1|C:/Xilinx/Vitis/2022.2/base_platforms/xilinx_zcu102_base_dfx_202220_1/xilinx_zcu102_base_dfx_202220_1.xpfm;xilinx_zcu104_base_202220_1|C:/Xilinx/Vitis/2022.2/base_platforms/xilinx_zcu104_base_202220_1/xilinx_zcu104_base_202220_1.xpfm
20:32:08 INFO  : Checking for BSP changes to sync application flags for project 'sdCard_RWtxt'...
20:32:08 INFO  : Updating application flags with new BSP settings...
20:32:08 INFO  : Successfully updated application flags for project sdCard_RWtxt.
21:46:14 DEBUG : Logs will be stored at 'C:/Users/TAlars/Documents/vivado_projects_tests/vipix/sdCard_rw_txt/IDE.log'.
21:46:15 INFO  : Launching XSCT server: xsct.bat -n  -interactive C:\Users\TAlars\Documents\vivado_projects_tests\vipix\sdCard_rw_txt\temp_xsdb_launch_script.tcl
21:46:18 INFO  : XSCT server has started successfully.
21:46:19 INFO  : plnx-install-location is set to ''
21:46:19 INFO  : Successfully done setting XSCT server connection channel  
21:46:19 INFO  : Successfully done setting workspace for the tool. 
21:46:20 INFO  : Registering command handlers for Vitis TCF services
21:46:20 INFO  : Successfully done query RDI_DATADIR 
21:46:20 INFO  : Platform repository initialization has completed.
21:56:21 INFO  : Checking for BSP changes to sync application flags for project 'sdCard_RWtxt'...
11:58:20 DEBUG : Logs will be stored at 'C:/Users/TAlars/Documents/vivado_projects_tests/vipix/sdCard_rw_txt/IDE.log'.
11:58:21 INFO  : Launching XSCT server: xsct.bat -n  -interactive C:\Users\TAlars\Documents\vivado_projects_tests\vipix\sdCard_rw_txt\temp_xsdb_launch_script.tcl
11:58:26 INFO  : XSCT server has started successfully.
11:58:26 INFO  : Successfully done setting XSCT server connection channel  
11:58:26 INFO  : plnx-install-location is set to ''
11:58:26 INFO  : Successfully done setting workspace for the tool. 
11:58:26 INFO  : Registering command handlers for Vitis TCF services
11:58:27 INFO  : Platform repository initialization has completed.
11:58:29 INFO  : Successfully done query RDI_DATADIR 
14:18:32 INFO  : Result from executing command 'getProjects': design_1_wrapper
14:18:32 INFO  : Result from executing command 'getPlatforms': design_1_wrapper|C:/Users/TAlars/Documents/vivado_projects_tests/vipix/sdCard_rw_txt/design_1_wrapper/export/design_1_wrapper/design_1_wrapper.xpfm;xilinx_vck190_base_202220_1|C:/Xilinx/Vitis/2022.2/base_platforms/xilinx_vck190_base_202220_1/xilinx_vck190_base_202220_1.xpfm;xilinx_vck190_base_dfx_202220_1|C:/Xilinx/Vitis/2022.2/base_platforms/xilinx_vck190_base_dfx_202220_1/xilinx_vck190_base_dfx_202220_1.xpfm;xilinx_vmk180_base_202220_1|C:/Xilinx/Vitis/2022.2/base_platforms/xilinx_vmk180_base_202220_1/xilinx_vmk180_base_202220_1.xpfm;xilinx_zcu102_base_202220_1|C:/Xilinx/Vitis/2022.2/base_platforms/xilinx_zcu102_base_202220_1/xilinx_zcu102_base_202220_1.xpfm;xilinx_zcu102_base_dfx_202220_1|C:/Xilinx/Vitis/2022.2/base_platforms/xilinx_zcu102_base_dfx_202220_1/xilinx_zcu102_base_dfx_202220_1.xpfm;xilinx_zcu104_base_202220_1|C:/Xilinx/Vitis/2022.2/base_platforms/xilinx_zcu104_base_202220_1/xilinx_zcu104_base_202220_1.xpfm
14:18:34 INFO  : Checking for BSP changes to sync application flags for project 'sdCard_RWtxt'...
14:25:47 INFO  : Checking for BSP changes to sync application flags for project 'sdCard_RWtxt'...
14:27:46 INFO  : Checking for BSP changes to sync application flags for project 'sdCard_RWtxt'...
14:45:44 INFO  : Checking for BSP changes to sync application flags for project 'sdCard_RWtxt'...
14:46:12 INFO  : Checking for BSP changes to sync application flags for project 'sdCard_RWtxt'...
14:46:17 INFO  : Checking for BSP changes to sync application flags for project 'sdCard_RWtxt'...
14:48:11 INFO  : Checking for BSP changes to sync application flags for project 'sdCard_RWtxt'...
14:53:19 INFO  : Checking for BSP changes to sync application flags for project 'sdCard_RWtxt'...
15:04:28 INFO  : Checking for BSP changes to sync application flags for project 'sdCard_RWtxt'...
15:05:24 INFO  : Checking for BSP changes to sync application flags for project 'sdCard_RWtxt'...
15:05:44 INFO  : Checking for BSP changes to sync application flags for project 'sdCard_RWtxt'...
15:07:26 INFO  : Checking for BSP changes to sync application flags for project 'sdCard_RWtxt'...
15:07:53 INFO  : Checking for BSP changes to sync application flags for project 'sdCard_RWtxt'...
15:13:49 INFO  : Checking for BSP changes to sync application flags for project 'sdCard_RWtxt'...
15:14:21 INFO  : Checking for BSP changes to sync application flags for project 'sdCard_RWtxt'...
15:14:43 INFO  : Checking for BSP changes to sync application flags for project 'sdCard_RWtxt'...
15:23:27 INFO  : Checking for BSP changes to sync application flags for project 'sdCard_RWtxt'...
15:24:02 INFO  : Checking for BSP changes to sync application flags for project 'sdCard_RWtxt'...
15:24:31 INFO  : Checking for BSP changes to sync application flags for project 'sdCard_RWtxt'...
15:25:41 INFO  : No changes in MSS file content so sources will not be generated.
15:28:00 INFO  : No changes in MSS file content so sources will not be generated.
15:28:17 INFO  : No changes in MSS file content so sources will not be generated.
22:48:23 DEBUG : Logs will be stored at 'C:/Users/TAlars/Documents/vivado_projects_tests/vipix/sdCard_rw_txt/IDE.log'.
22:48:24 INFO  : Launching XSCT server: xsct.bat -n  -interactive C:\Users\TAlars\Documents\vivado_projects_tests\vipix\sdCard_rw_txt\temp_xsdb_launch_script.tcl
22:48:27 INFO  : Registering command handlers for Vitis TCF services
22:48:28 INFO  : Platform repository initialization has completed.
22:48:29 INFO  : XSCT server has started successfully.
22:48:33 INFO  : Successfully done setting XSCT server connection channel  
22:48:33 INFO  : plnx-install-location is set to ''
22:48:33 INFO  : Successfully done query RDI_DATADIR 
22:48:33 INFO  : Successfully done setting workspace for the tool. 
23:02:17 INFO  : Result from executing command 'getProjects': design_1_wrapper
23:02:17 INFO  : Result from executing command 'getPlatforms': design_1_wrapper|C:/Users/TAlars/Documents/vivado_projects_tests/vipix/sdCard_rw_txt/design_1_wrapper/export/design_1_wrapper/design_1_wrapper.xpfm;xilinx_vck190_base_202220_1|C:/Xilinx/Vitis/2022.2/base_platforms/xilinx_vck190_base_202220_1/xilinx_vck190_base_202220_1.xpfm;xilinx_vck190_base_dfx_202220_1|C:/Xilinx/Vitis/2022.2/base_platforms/xilinx_vck190_base_dfx_202220_1/xilinx_vck190_base_dfx_202220_1.xpfm;xilinx_vmk180_base_202220_1|C:/Xilinx/Vitis/2022.2/base_platforms/xilinx_vmk180_base_202220_1/xilinx_vmk180_base_202220_1.xpfm;xilinx_zcu102_base_202220_1|C:/Xilinx/Vitis/2022.2/base_platforms/xilinx_zcu102_base_202220_1/xilinx_zcu102_base_202220_1.xpfm;xilinx_zcu102_base_dfx_202220_1|C:/Xilinx/Vitis/2022.2/base_platforms/xilinx_zcu102_base_dfx_202220_1/xilinx_zcu102_base_dfx_202220_1.xpfm;xilinx_zcu104_base_202220_1|C:/Xilinx/Vitis/2022.2/base_platforms/xilinx_zcu104_base_202220_1/xilinx_zcu104_base_202220_1.xpfm
23:02:19 INFO  : Checking for BSP changes to sync application flags for project 'sdCard_RWtxt'...
23:08:42 INFO  : Result from executing command 'getProjects': design_1_wrapper
23:08:42 INFO  : Result from executing command 'getPlatforms': design_1_wrapper|C:/Users/TAlars/Documents/vivado_projects_tests/vipix/sdCard_rw_txt/design_1_wrapper/export/design_1_wrapper/design_1_wrapper.xpfm;xilinx_vck190_base_202220_1|C:/Xilinx/Vitis/2022.2/base_platforms/xilinx_vck190_base_202220_1/xilinx_vck190_base_202220_1.xpfm;xilinx_vck190_base_dfx_202220_1|C:/Xilinx/Vitis/2022.2/base_platforms/xilinx_vck190_base_dfx_202220_1/xilinx_vck190_base_dfx_202220_1.xpfm;xilinx_vmk180_base_202220_1|C:/Xilinx/Vitis/2022.2/base_platforms/xilinx_vmk180_base_202220_1/xilinx_vmk180_base_202220_1.xpfm;xilinx_zcu102_base_202220_1|C:/Xilinx/Vitis/2022.2/base_platforms/xilinx_zcu102_base_202220_1/xilinx_zcu102_base_202220_1.xpfm;xilinx_zcu102_base_dfx_202220_1|C:/Xilinx/Vitis/2022.2/base_platforms/xilinx_zcu102_base_dfx_202220_1/xilinx_zcu102_base_dfx_202220_1.xpfm;xilinx_zcu104_base_202220_1|C:/Xilinx/Vitis/2022.2/base_platforms/xilinx_zcu104_base_202220_1/xilinx_zcu104_base_202220_1.xpfm
23:08:43 INFO  : Checking for BSP changes to sync application flags for project 'sdCard_RWtxt'...
23:08:43 INFO  : Updating application flags with new BSP settings...
23:08:44 INFO  : Successfully updated application flags for project sdCard_RWtxt.
23:10:14 INFO  : Result from executing command 'getProjects': design_1_wrapper
23:10:14 INFO  : Result from executing command 'getPlatforms': design_1_wrapper|C:/Users/TAlars/Documents/vivado_projects_tests/vipix/sdCard_rw_txt/design_1_wrapper/export/design_1_wrapper/design_1_wrapper.xpfm;xilinx_vck190_base_202220_1|C:/Xilinx/Vitis/2022.2/base_platforms/xilinx_vck190_base_202220_1/xilinx_vck190_base_202220_1.xpfm;xilinx_vck190_base_dfx_202220_1|C:/Xilinx/Vitis/2022.2/base_platforms/xilinx_vck190_base_dfx_202220_1/xilinx_vck190_base_dfx_202220_1.xpfm;xilinx_vmk180_base_202220_1|C:/Xilinx/Vitis/2022.2/base_platforms/xilinx_vmk180_base_202220_1/xilinx_vmk180_base_202220_1.xpfm;xilinx_zcu102_base_202220_1|C:/Xilinx/Vitis/2022.2/base_platforms/xilinx_zcu102_base_202220_1/xilinx_zcu102_base_202220_1.xpfm;xilinx_zcu102_base_dfx_202220_1|C:/Xilinx/Vitis/2022.2/base_platforms/xilinx_zcu102_base_dfx_202220_1/xilinx_zcu102_base_dfx_202220_1.xpfm;xilinx_zcu104_base_202220_1|C:/Xilinx/Vitis/2022.2/base_platforms/xilinx_zcu104_base_202220_1/xilinx_zcu104_base_202220_1.xpfm
23:10:16 INFO  : Checking for BSP changes to sync application flags for project 'sdCard_RWtxt'...
23:10:16 INFO  : Updating application flags with new BSP settings...
23:10:16 INFO  : Successfully updated application flags for project sdCard_RWtxt.
23:12:19 INFO  : Result from executing command 'removePlatformRepo': 
23:13:57 INFO  : Result from executing command 'getProjects': design_1_wrapper
23:13:57 INFO  : Result from executing command 'getPlatforms': xilinx_vck190_base_202220_1|C:/Xilinx/Vitis/2022.2/base_platforms/xilinx_vck190_base_202220_1/xilinx_vck190_base_202220_1.xpfm;xilinx_vck190_base_dfx_202220_1|C:/Xilinx/Vitis/2022.2/base_platforms/xilinx_vck190_base_dfx_202220_1/xilinx_vck190_base_dfx_202220_1.xpfm;xilinx_vmk180_base_202220_1|C:/Xilinx/Vitis/2022.2/base_platforms/xilinx_vmk180_base_202220_1/xilinx_vmk180_base_202220_1.xpfm;xilinx_zcu102_base_202220_1|C:/Xilinx/Vitis/2022.2/base_platforms/xilinx_zcu102_base_202220_1/xilinx_zcu102_base_202220_1.xpfm;xilinx_zcu102_base_dfx_202220_1|C:/Xilinx/Vitis/2022.2/base_platforms/xilinx_zcu102_base_dfx_202220_1/xilinx_zcu102_base_dfx_202220_1.xpfm;xilinx_zcu104_base_202220_1|C:/Xilinx/Vitis/2022.2/base_platforms/xilinx_zcu104_base_202220_1/xilinx_zcu104_base_202220_1.xpfm
23:13:58 INFO  : Checking for BSP changes to sync application flags for project 'sdCard_RWtxt'...
23:18:05 INFO  : Checking for BSP changes to sync application flags for project 'sdCard_RWtxt'...
23:21:13 INFO  : Checking for BSP changes to sync application flags for project 'sdCard_RWtxt'...
23:21:20 INFO  : Checking for BSP changes to sync application flags for project 'sdCard_RWtxt'...
23:28:51 INFO  : Checking for BSP changes to sync application flags for project 'sdCard_RWtxt'...
23:33:50 INFO  : No changes in MSS file content so sources will not be generated.
23:34:04 INFO  : Example project xilffs_polled_example_1 has been created successfully.
23:34:15 INFO  : Result from executing command 'getProjects': design_1_wrapper
23:34:15 INFO  : Result from executing command 'getPlatforms': design_1_wrapper|C:/Users/TAlars/Documents/vivado_projects_tests/vipix/sdCard_rw_txt/design_1_wrapper/export/design_1_wrapper/design_1_wrapper.xpfm;xilinx_vck190_base_202220_1|C:/Xilinx/Vitis/2022.2/base_platforms/xilinx_vck190_base_202220_1/xilinx_vck190_base_202220_1.xpfm;xilinx_vck190_base_dfx_202220_1|C:/Xilinx/Vitis/2022.2/base_platforms/xilinx_vck190_base_dfx_202220_1/xilinx_vck190_base_dfx_202220_1.xpfm;xilinx_vmk180_base_202220_1|C:/Xilinx/Vitis/2022.2/base_platforms/xilinx_vmk180_base_202220_1/xilinx_vmk180_base_202220_1.xpfm;xilinx_zcu102_base_202220_1|C:/Xilinx/Vitis/2022.2/base_platforms/xilinx_zcu102_base_202220_1/xilinx_zcu102_base_202220_1.xpfm;xilinx_zcu102_base_dfx_202220_1|C:/Xilinx/Vitis/2022.2/base_platforms/xilinx_zcu102_base_dfx_202220_1/xilinx_zcu102_base_dfx_202220_1.xpfm;xilinx_zcu104_base_202220_1|C:/Xilinx/Vitis/2022.2/base_platforms/xilinx_zcu104_base_202220_1/xilinx_zcu104_base_202220_1.xpfm
23:34:16 INFO  : Checking for BSP changes to sync application flags for project 'sdCard_RWtxt'...
23:34:18 INFO  : Checking for BSP changes to sync application flags for project 'xilffs_polled_example_1'...
23:34:57 INFO  : No changes in MSS file content so sources will not be generated.
23:37:48 INFO  : No changes in MSS file content so sources will not be generated.
23:38:21 INFO  : Checking for BSP changes to sync application flags for project 'sdCard_RWtxt'...
23:38:21 INFO  : Result from executing command 'getProjects': RemoteSystemsTempFiles;design_1_wrapper;sdCard_RWtxt;sdCard_RWtxt_system
23:38:21 WARN  : Failed to closehw "C:/Users/TAlars/Documents/vivado_projects_tests/vipix/sdCard_rw_txt/design_1_wrapper/export/design_1_wrapper/hw/design_1_wrapper.xsa"
Reason: C:/Users/TAlars/Documents/vivado_projects_tests/vipix/sdCard_rw_txt/design_1_wrapper/export/design_1_wrapper/hw/design_1_wrapper.xsa is not available in the current workspace
use 'getprojects' command to see list of available projects in current workspace
23:38:21 INFO  : Result from executing command 'getProjects': RemoteSystemsTempFiles;design_1_wrapper;sdCard_RWtxt;sdCard_RWtxt_system
23:38:21 ERROR : Failed to openhw "C:/Users/TAlars/Documents/vivado_projects_tests/vipix/sdCard_rw_txt/design_1_wrapper/export/design_1_wrapper/hw/design_1_wrapper.xsa"
Reason: C:/Users/TAlars/Documents/vivado_projects_tests/vipix/sdCard_rw_txt/design_1_wrapper/export/design_1_wrapper/hw/design_1_wrapper.xsa is not available in the current workspace
use 'getprojects' command to see list of available projects in current workspace
23:38:21 ERROR : Failed to update application flags from BSP for 'sdCard_RWtxt'. Reason: null
java.lang.NullPointerException: null
	at com.xilinx.sdx.sw.internal.SDxSwPlatform.<init>(SDxSwPlatform.java:305) ~[com.xilinx.sdx.sw_1.0.0.202210132147.jar:?]
	at com.xilinx.sdx.sw.internal.SDxSwPlatform.create(SDxSwPlatform.java:214) ~[com.xilinx.sdx.sw_1.0.0.202210132147.jar:?]
	at com.xilinx.sdx.sdk.core.util.SdkPlatformHelper.getSwPlatform(SdkPlatformHelper.java:64) ~[com.xilinx.sdx.sdk.core_1.0.0.202210132147.jar:?]
	at com.xilinx.sdx.sdk.core.build.SdkMakefileGenerationListener.getSwPlatform(SdkMakefileGenerationListener.java:160) ~[com.xilinx.sdx.sdk.core_1.0.0.202210132147.jar:?]
	at com.xilinx.sdx.sdk.core.build.SdkMakefileGenerationListener.syncAppFlags(SdkMakefileGenerationListener.java:78) [com.xilinx.sdx.sdk.core_1.0.0.202210132147.jar:?]
	at com.xilinx.sdx.sdk.core.build.SdkMakefileGenerationListener.preMakefileGeneration(SdkMakefileGenerationListener.java:48) [com.xilinx.sdx.sdk.core_1.0.0.202210132147.jar:?]
	at com.xilinx.sdk.managedbuilder.XilinxGnuMakefileGenerator.notifyPreMakefileGenerationListeners(XilinxGnuMakefileGenerator.java:91) [com.xilinx.sdk.managedbuilder_1.0.0.202210132147.jar:?]
	at com.xilinx.sdk.managedbuilder.XilinxGnuMakefileGenerator.generateMakefiles(XilinxGnuMakefileGenerator.java:40) [com.xilinx.sdk.managedbuilder_1.0.0.202210132147.jar:?]
	at org.eclipse.cdt.managedbuilder.internal.core.CommonBuilder.performMakefileGeneration(CommonBuilder.java:1008) [org.eclipse.cdt.managedbuilder.core_8.6.0.201802261533.jar:?]
	at org.eclipse.cdt.managedbuilder.internal.core.CommonBuilder.performPrebuildGeneration(CommonBuilder.java:873) [org.eclipse.cdt.managedbuilder.core_8.6.0.201802261533.jar:?]
	at org.eclipse.cdt.managedbuilder.internal.core.CommonBuilder.build(CommonBuilder.java:748) [org.eclipse.cdt.managedbuilder.core_8.6.0.201802261533.jar:?]
	at org.eclipse.cdt.managedbuilder.internal.core.CommonBuilder.build(CommonBuilder.java:510) [org.eclipse.cdt.managedbuilder.core_8.6.0.201802261533.jar:?]
	at org.eclipse.cdt.managedbuilder.internal.core.CommonBuilder.build(CommonBuilder.java:459) [org.eclipse.cdt.managedbuilder.core_8.6.0.201802261533.jar:?]
	at org.eclipse.core.internal.events.BuildManager$2.run(BuildManager.java:832) [org.eclipse.core.resources_3.13.700.v20200209-1624.jar:?]
	at org.eclipse.core.runtime.SafeRunner.run(SafeRunner.java:45) [org.eclipse.equinox.common_3.11.0.v20200206-0817.jar:?]
	at org.eclipse.core.internal.events.BuildManager.basicBuild(BuildManager.java:220) [org.eclipse.core.resources_3.13.700.v20200209-1624.jar:?]
	at org.eclipse.core.internal.events.BuildManager.basicBuild(BuildManager.java:263) [org.eclipse.core.resources_3.13.700.v20200209-1624.jar:?]
	at org.eclipse.core.internal.events.BuildManager$1.run(BuildManager.java:316) [org.eclipse.core.resources_3.13.700.v20200209-1624.jar:?]
	at org.eclipse.core.runtime.SafeRunner.run(SafeRunner.java:45) [org.eclipse.equinox.common_3.11.0.v20200206-0817.jar:?]
	at org.eclipse.core.internal.events.BuildManager.basicBuild(BuildManager.java:319) [org.eclipse.core.resources_3.13.700.v20200209-1624.jar:?]
	at org.eclipse.core.internal.events.BuildManager.basicBuildLoop(BuildManager.java:371) [org.eclipse.core.resources_3.13.700.v20200209-1624.jar:?]
	at org.eclipse.core.internal.events.BuildManager.build(BuildManager.java:392) [org.eclipse.core.resources_3.13.700.v20200209-1624.jar:?]
	at org.eclipse.core.internal.resources.Workspace.buildInternal(Workspace.java:515) [org.eclipse.core.resources_3.13.700.v20200209-1624.jar:?]
	at org.eclipse.core.internal.resources.Workspace.build(Workspace.java:412) [org.eclipse.core.resources_3.13.700.v20200209-1624.jar:?]
	at org.eclipse.ui.actions.BuildAction$1.runInWorkspace(BuildAction.java:291) [org.eclipse.ui.ide_3.17.0.v20200217-1511.jar:?]
	at org.eclipse.core.internal.resources.InternalWorkspaceJob.run(InternalWorkspaceJob.java:42) [org.eclipse.core.resources_3.13.700.v20200209-1624.jar:?]
	at org.eclipse.core.internal.jobs.Worker.run(Worker.java:63) [org.eclipse.core.jobs_3.10.700.v20200106-1020.jar:?]
23:38:23 ERROR : Failed to compute checksum of hardware specification file used by project 'sdCard_RWtxt'
23:38:23 INFO  : Result from executing command 'getProjects': RemoteSystemsTempFiles;design_1_wrapper;sdCard_RWtxt;sdCard_RWtxt_system
23:38:23 ERROR : Failed to openhw "C:/Users/TAlars/Documents/vivado_projects_tests/vipix/sdCard_rw_txt/design_1_wrapper/export/design_1_wrapper/hw/design_1_wrapper.xsa"
Reason: C:/Users/TAlars/Documents/vivado_projects_tests/vipix/sdCard_rw_txt/design_1_wrapper/export/design_1_wrapper/hw/design_1_wrapper.xsa is not available in the current workspace
use 'getprojects' command to see list of available projects in current workspace
23:38:23 INFO  : Result from executing command 'getProjects': RemoteSystemsTempFiles;design_1_wrapper;sdCard_RWtxt;sdCard_RWtxt_system
23:38:23 ERROR : Failed to openhw "C:/Users/TAlars/Documents/vivado_projects_tests/vipix/sdCard_rw_txt/design_1_wrapper/export/design_1_wrapper/hw/design_1_wrapper.xsa"
Reason: C:/Users/TAlars/Documents/vivado_projects_tests/vipix/sdCard_rw_txt/design_1_wrapper/export/design_1_wrapper/hw/design_1_wrapper.xsa is not available in the current workspace
use 'getprojects' command to see list of available projects in current workspace
23:38:23 INFO  : Result from executing command 'getProjects': RemoteSystemsTempFiles;design_1_wrapper;sdCard_RWtxt;sdCard_RWtxt_system
23:38:23 ERROR : Failed to openhw "C:/Users/TAlars/Documents/vivado_projects_tests/vipix/sdCard_rw_txt/design_1_wrapper/export/design_1_wrapper/hw/design_1_wrapper.xsa"
Reason: C:/Users/TAlars/Documents/vivado_projects_tests/vipix/sdCard_rw_txt/design_1_wrapper/export/design_1_wrapper/hw/design_1_wrapper.xsa is not available in the current workspace
use 'getprojects' command to see list of available projects in current workspace
23:40:26 DEBUG : Logs will be stored at 'C:/Users/TAlars/Documents/vivado_projects_tests/vipix/sdCard_rw_txt/IDE.log'.
23:40:29 INFO  : Launching XSCT server: xsct.bat -n  -interactive C:\Users\TAlars\Documents\vivado_projects_tests\vipix\sdCard_rw_txt\temp_xsdb_launch_script.tcl
23:40:29 INFO  : Registering command handlers for Vitis TCF services
23:40:30 INFO  : Platform repository initialization has completed.
23:40:32 INFO  : XSCT server has started successfully.
23:40:32 INFO  : plnx-install-location is set to ''
23:40:33 INFO  : Successfully done setting XSCT server connection channel  
23:40:33 INFO  : Successfully done query RDI_DATADIR 
23:40:33 INFO  : Successfully done setting workspace for the tool. 
23:41:51 INFO  : Result from executing command 'getProjects': design_1_wrapper
23:41:51 INFO  : Result from executing command 'getPlatforms': xilinx_vck190_base_202220_1|C:/Xilinx/Vitis/2022.2/base_platforms/xilinx_vck190_base_202220_1/xilinx_vck190_base_202220_1.xpfm;xilinx_vck190_base_dfx_202220_1|C:/Xilinx/Vitis/2022.2/base_platforms/xilinx_vck190_base_dfx_202220_1/xilinx_vck190_base_dfx_202220_1.xpfm;xilinx_vmk180_base_202220_1|C:/Xilinx/Vitis/2022.2/base_platforms/xilinx_vmk180_base_202220_1/xilinx_vmk180_base_202220_1.xpfm;xilinx_zcu102_base_202220_1|C:/Xilinx/Vitis/2022.2/base_platforms/xilinx_zcu102_base_202220_1/xilinx_zcu102_base_202220_1.xpfm;xilinx_zcu102_base_dfx_202220_1|C:/Xilinx/Vitis/2022.2/base_platforms/xilinx_zcu102_base_dfx_202220_1/xilinx_zcu102_base_dfx_202220_1.xpfm;xilinx_zcu104_base_202220_1|C:/Xilinx/Vitis/2022.2/base_platforms/xilinx_zcu104_base_202220_1/xilinx_zcu104_base_202220_1.xpfm
23:41:53 WARN  : An unexpected exception occurred in the module 'platform project logging'
23:41:55 INFO  : Platform 'design_1_wrapper' is added to custom repositories.
23:42:06 INFO  : Platform 'design_1_wrapper' is added to custom repositories.
23:48:00 INFO  : Result from executing command 'getProjects': design_1_wrapper
23:48:00 INFO  : Result from executing command 'getPlatforms': design_1_wrapper|C:/Users/TAlars/Documents/vivado_projects_tests/vipix/sdCard_rw_txt/design_1_wrapper/export/design_1_wrapper/design_1_wrapper.xpfm;xilinx_vck190_base_202220_1|C:/Xilinx/Vitis/2022.2/base_platforms/xilinx_vck190_base_202220_1/xilinx_vck190_base_202220_1.xpfm;xilinx_vck190_base_dfx_202220_1|C:/Xilinx/Vitis/2022.2/base_platforms/xilinx_vck190_base_dfx_202220_1/xilinx_vck190_base_dfx_202220_1.xpfm;xilinx_vmk180_base_202220_1|C:/Xilinx/Vitis/2022.2/base_platforms/xilinx_vmk180_base_202220_1/xilinx_vmk180_base_202220_1.xpfm;xilinx_zcu102_base_202220_1|C:/Xilinx/Vitis/2022.2/base_platforms/xilinx_zcu102_base_202220_1/xilinx_zcu102_base_202220_1.xpfm;xilinx_zcu102_base_dfx_202220_1|C:/Xilinx/Vitis/2022.2/base_platforms/xilinx_zcu102_base_dfx_202220_1/xilinx_zcu102_base_dfx_202220_1.xpfm;xilinx_zcu104_base_202220_1|C:/Xilinx/Vitis/2022.2/base_platforms/xilinx_zcu104_base_202220_1/xilinx_zcu104_base_202220_1.xpfm
23:48:02 INFO  : Checking for BSP changes to sync application flags for project 'sd_txt'...
23:48:02 INFO  : Updating application flags with new BSP settings...
23:48:02 INFO  : Successfully updated application flags for project sd_txt.
23:49:13 INFO  : Checking for BSP changes to sync application flags for project 'sd_txt'...
23:49:28 INFO  : Checking for BSP changes to sync application flags for project 'sd_txt'...
23:49:41 INFO  : Checking for BSP changes to sync application flags for project 'sd_txt'...
23:50:02 INFO  : Checking for BSP changes to sync application flags for project 'sd_txt'...
23:52:26 INFO  : Checking for BSP changes to sync application flags for project 'sd_txt'...
23:55:26 INFO  : Checking for BSP changes to sync application flags for project 'sd_txt'...
23:56:46 INFO  : Checking for BSP changes to sync application flags for project 'sd_txt'...
23:56:58 INFO  : Checking for BSP changes to sync application flags for project 'sd_txt'...
23:59:10 INFO  : Checking for BSP changes to sync application flags for project 'sd_txt'...
00:01:32 INFO  : Checking for BSP changes to sync application flags for project 'sd_txt'...
00:03:20 INFO  : Checking for BSP changes to sync application flags for project 'sd_txt'...
00:03:38 INFO  : Checking for BSP changes to sync application flags for project 'sd_txt'...
00:04:29 INFO  : Checking for BSP changes to sync application flags for project 'sd_txt'...
00:04:42 INFO  : Checking for BSP changes to sync application flags for project 'sd_txt'...
00:28:30 INFO  : Checking for BSP changes to sync application flags for project 'sd_txt'...
00:46:17 ERROR : (XRT Server)C:/Xilinx/Vitis/2022.2/bin/unwrapped/win64.o/xrt_server.exe: error: illegal option '-'
Usage: agent [OPTION]...
Start Target Communication Framework agent.
  -d               run in daemon mode (output is sent to system logger)
  -i               run in interactive mode
  -L<file>         enable logging, use -L- to send log to stderr
  -l<level>        set log level, the level is comma separated list of:
      alloc        memory allocation and deallocation (0x1)
      eventcore    main event queue (0x2)
      waitpid      waitpid() events (0x4)
      events       low-level debugger events (0x8)
      protocol     communication protocol (0x20)
      context      debug context actions (0x40)
      children     debug context children (0x10)
      discovery    discovery (0x80)
      asyncreq     async I/O (0x100)
      proxy        proxy state (0x200)
      tcflog       proxy traffic (0x400)
      elf          ELF reader (0x800)
      stack        stack trace service (0x2000)
      plugin       plugins (0x4000)
      shutdown     shutdown of subsystems (0x8000)
      disasm       disassembly service (0x10000)
  -s<url>          set agent listening port and protocol, default is tcp::0
  -S               print server properties in Json format to stdout
  -g<port>         start GDB Remote Serial Protocol server at the specified TCP port
  -I<idle-seconds> exit if there are no connections for the specified time

00:47:17 ERROR : Timed out. 60 seconds have elapsed while waiting for the XRT server to launch.
00:47:21 INFO  : Connected to target on host '127.0.0.1' and port '3121'.
00:47:22 INFO  : Jtag cable 'Avnet ZUBoard1CG 1234-oj1A' is selected.
00:47:22 INFO  : 'jtag frequency' command is executed.
00:47:22 INFO  : Sourcing of 'C:/Xilinx/Vitis/2022.2/scripts/vitis/util/zynqmp_utils.tcl' is done.
00:47:22 INFO  : Context for 'APU' is selected.
00:47:22 INFO  : System reset is completed.
00:47:25 INFO  : 'after 3000' command is executed.
00:47:26 INFO  : 'targets -set -filter {jtag_cable_name =~ "Avnet ZUBoard1CG 1234-oj1A" && level==0 && jtag_device_ctx=="jsn-ZUBoard1CG-1234-oj1A-04688093-0"}' command is executed.
00:47:27 INFO  : Device configured successfully with "C:/Users/TAlars/Documents/vivado_projects_tests/vipix/sdCard_rw_txt/sd_txt/_ide/bitstream/design_1_wrapper.bit"
00:47:27 INFO  : Context for 'APU' is selected.
00:47:28 INFO  : Hardware design and registers information is loaded from 'C:/Users/TAlars/Documents/vivado_projects_tests/vipix/sdCard_rw_txt/design_1_wrapper/export/design_1_wrapper/hw/design_1_wrapper.xsa'.
00:47:28 INFO  : 'configparams force-mem-access 1' command is executed.
00:47:28 INFO  : Context for 'APU' is selected.
00:47:28 INFO  : Boot mode is read from the target.
00:47:28 INFO  : Context for processor 'psu_cortexa53_0' is selected.
00:47:28 INFO  : Processor reset is completed for 'psu_cortexa53_0'.
00:47:29 INFO  : The application 'C:/Users/TAlars/Documents/vivado_projects_tests/vipix/sdCard_rw_txt/design_1_wrapper/export/design_1_wrapper/sw/design_1_wrapper/boot/fsbl.elf' is downloaded to processor 'psu_cortexa53_0'.
00:47:29 INFO  : 'set bp_47_29_fsbl_bp [bpadd -addr &XFsbl_Exit]' command is executed.
00:47:30 INFO  : 'con -block -timeout 60' command is executed.
00:47:30 INFO  : 'bpremove $bp_47_29_fsbl_bp' command is executed.
00:47:30 INFO  : Context for processor 'psu_cortexa53_0' is selected.
00:47:30 INFO  : Processor reset is completed for 'psu_cortexa53_0'.
00:47:32 INFO  : The application 'C:/Users/TAlars/Documents/vivado_projects_tests/vipix/sdCard_rw_txt/sd_txt/Debug/sd_txt.elf' is downloaded to processor 'psu_cortexa53_0'.
00:47:32 INFO  : 'configparams force-mem-access 0' command is executed.
00:47:32 INFO  : ----------------XSDB Script----------------
connect -url tcp:127.0.0.1:3121
source C:/Xilinx/Vitis/2022.2/scripts/vitis/util/zynqmp_utils.tcl
targets -set -nocase -filter {name =~"APU*"}
rst -system
after 3000
targets -set -filter {jtag_cable_name =~ "Avnet ZUBoard1CG 1234-oj1A" && level==0 && jtag_device_ctx=="jsn-ZUBoard1CG-1234-oj1A-04688093-0"}
fpga -file C:/Users/TAlars/Documents/vivado_projects_tests/vipix/sdCard_rw_txt/sd_txt/_ide/bitstream/design_1_wrapper.bit
targets -set -nocase -filter {name =~"APU*"}
loadhw -hw C:/Users/TAlars/Documents/vivado_projects_tests/vipix/sdCard_rw_txt/design_1_wrapper/export/design_1_wrapper/hw/design_1_wrapper.xsa -mem-ranges [list {0x80000000 0xbfffffff} {0x400000000 0x5ffffffff} {0x1000000000 0x7fffffffff}] -regs
configparams force-mem-access 1
targets -set -nocase -filter {name =~"APU*"}
set mode [expr [mrd -value 0xFF5E0200] & 0xf]
targets -set -nocase -filter {name =~ "*A53*#0"}
rst -processor
dow C:/Users/TAlars/Documents/vivado_projects_tests/vipix/sdCard_rw_txt/design_1_wrapper/export/design_1_wrapper/sw/design_1_wrapper/boot/fsbl.elf
set bp_47_29_fsbl_bp [bpadd -addr &XFsbl_Exit]
con -block -timeout 60
bpremove $bp_47_29_fsbl_bp
targets -set -nocase -filter {name =~ "*A53*#0"}
rst -processor
dow C:/Users/TAlars/Documents/vivado_projects_tests/vipix/sdCard_rw_txt/sd_txt/Debug/sd_txt.elf
configparams force-mem-access 0
----------------End of Script----------------

00:47:32 INFO  : Context for processor 'psu_cortexa53_0' is selected.
00:47:32 INFO  : 'con' command is executed.
00:47:32 INFO  : ----------------XSDB Script (After Launch)----------------
targets -set -nocase -filter {name =~ "*A53*#0"}
con
----------------End of Script----------------

00:47:32 INFO  : Launch script is exported to file 'C:\Users\TAlars\Documents\vivado_projects_tests\vipix\sdCard_rw_txt\sd_txt_system\_ide\scripts\systemdebugger_sd_txt_system_standalone.tcl'
00:48:40 INFO  : Checking for BSP changes to sync application flags for project 'sd_txt'...
00:51:42 INFO  : Disconnected from the channel tcfchan#7.
00:51:43 ERROR : (XRT Server)C:/Xilinx/Vitis/2022.2/bin/unwrapped/win64.o/xrt_server.exe: error: illegal option '-'
Usage: agent [OPTION]...
Start Target Communication Framework agent.
  -d               run in daemon mode (output is sent to system logger)
  -i               run in interactive mode
  -L<file>         enable logging, use -L- to send log to stderr
  -l<level>        set log level, the level is comma separated list of:
      alloc        memory allocation and deallocation (0x1)
      eventcore    main event queue (0x2)
      waitpid      waitpid() events (0x4)
      events       low-level debugger events (0x8)
      protocol     communication protocol (0x20)
      context      debug context actions (0x40)
      children     debug context children (0x10)
      discovery    discovery (0x80)
      asyncreq     async I/O (0x100)
      proxy        proxy state (0x200)
      tcflog       proxy traffic (0x400)
      elf          ELF reader (0x800)
      stack        stack trace service (0x2000)
      plugin       plugins (0x4000)
      shutdown     shutdown of subsystems (0x8000)
      disasm       disassembly service (0x10000)
  -s<url>          set agent listening port and protocol, default is tcp::0
  -S               print server properties in Json format to stdout
  -g<port>         start GDB Remote Serial Protocol server at the specified TCP port
  -I<idle-seconds> exit if there are no connections for the specified time

00:52:42 ERROR : Timed out. 60 seconds have elapsed while waiting for the XRT server to launch.
00:52:45 INFO  : Connected to target on host '127.0.0.1' and port '3121'.
00:52:45 INFO  : Jtag cable 'Avnet ZUBoard1CG 1234-oj1A' is selected.
00:52:45 INFO  : 'jtag frequency' command is executed.
00:52:45 INFO  : Sourcing of 'C:/Xilinx/Vitis/2022.2/scripts/vitis/util/zynqmp_utils.tcl' is done.
00:52:45 INFO  : Context for 'APU' is selected.
00:52:46 INFO  : System reset is completed.
00:52:49 INFO  : 'after 3000' command is executed.
00:52:49 INFO  : 'targets -set -filter {jtag_cable_name =~ "Avnet ZUBoard1CG 1234-oj1A" && level==0 && jtag_device_ctx=="jsn-ZUBoard1CG-1234-oj1A-04688093-0"}' command is executed.
00:52:51 INFO  : Device configured successfully with "C:/Users/TAlars/Documents/vivado_projects_tests/vipix/sdCard_rw_txt/sd_txt/_ide/bitstream/design_1_wrapper.bit"
00:52:51 INFO  : Context for 'APU' is selected.
00:52:51 INFO  : Hardware design and registers information is loaded from 'C:/Users/TAlars/Documents/vivado_projects_tests/vipix/sdCard_rw_txt/design_1_wrapper/export/design_1_wrapper/hw/design_1_wrapper.xsa'.
00:52:51 INFO  : 'configparams force-mem-access 1' command is executed.
00:52:51 INFO  : Context for 'APU' is selected.
00:52:51 INFO  : Boot mode is read from the target.
00:52:51 INFO  : Context for processor 'psu_cortexa53_0' is selected.
00:52:51 INFO  : Processor reset is completed for 'psu_cortexa53_0'.
00:52:52 INFO  : The application 'C:/Users/TAlars/Documents/vivado_projects_tests/vipix/sdCard_rw_txt/design_1_wrapper/export/design_1_wrapper/sw/design_1_wrapper/boot/fsbl.elf' is downloaded to processor 'psu_cortexa53_0'.
00:52:52 INFO  : 'set bp_52_52_fsbl_bp [bpadd -addr &XFsbl_Exit]' command is executed.
00:52:53 INFO  : 'con -block -timeout 60' command is executed.
00:52:53 INFO  : 'bpremove $bp_52_52_fsbl_bp' command is executed.
00:52:53 INFO  : Context for processor 'psu_cortexa53_0' is selected.
00:52:53 INFO  : Processor reset is completed for 'psu_cortexa53_0'.
00:52:54 INFO  : The application 'C:/Users/TAlars/Documents/vivado_projects_tests/vipix/sdCard_rw_txt/sd_txt/Debug/sd_txt.elf' is downloaded to processor 'psu_cortexa53_0'.
00:52:54 INFO  : 'configparams force-mem-access 0' command is executed.
00:52:54 INFO  : ----------------XSDB Script----------------
connect -url tcp:127.0.0.1:3121
source C:/Xilinx/Vitis/2022.2/scripts/vitis/util/zynqmp_utils.tcl
targets -set -nocase -filter {name =~"APU*"}
rst -system
after 3000
targets -set -filter {jtag_cable_name =~ "Avnet ZUBoard1CG 1234-oj1A" && level==0 && jtag_device_ctx=="jsn-ZUBoard1CG-1234-oj1A-04688093-0"}
fpga -file C:/Users/TAlars/Documents/vivado_projects_tests/vipix/sdCard_rw_txt/sd_txt/_ide/bitstream/design_1_wrapper.bit
targets -set -nocase -filter {name =~"APU*"}
loadhw -hw C:/Users/TAlars/Documents/vivado_projects_tests/vipix/sdCard_rw_txt/design_1_wrapper/export/design_1_wrapper/hw/design_1_wrapper.xsa -mem-ranges [list {0x80000000 0xbfffffff} {0x400000000 0x5ffffffff} {0x1000000000 0x7fffffffff}] -regs
configparams force-mem-access 1
targets -set -nocase -filter {name =~"APU*"}
set mode [expr [mrd -value 0xFF5E0200] & 0xf]
targets -set -nocase -filter {name =~ "*A53*#0"}
rst -processor
dow C:/Users/TAlars/Documents/vivado_projects_tests/vipix/sdCard_rw_txt/design_1_wrapper/export/design_1_wrapper/sw/design_1_wrapper/boot/fsbl.elf
set bp_52_52_fsbl_bp [bpadd -addr &XFsbl_Exit]
con -block -timeout 60
bpremove $bp_52_52_fsbl_bp
targets -set -nocase -filter {name =~ "*A53*#0"}
rst -processor
dow C:/Users/TAlars/Documents/vivado_projects_tests/vipix/sdCard_rw_txt/sd_txt/Debug/sd_txt.elf
configparams force-mem-access 0
----------------End of Script----------------

00:52:54 INFO  : Context for processor 'psu_cortexa53_0' is selected.
00:52:54 INFO  : 'con' command is executed.
00:52:54 INFO  : ----------------XSDB Script (After Launch)----------------
targets -set -nocase -filter {name =~ "*A53*#0"}
con
----------------End of Script----------------

00:52:54 INFO  : Launch script is exported to file 'C:\Users\TAlars\Documents\vivado_projects_tests\vipix\sdCard_rw_txt\sd_txt_system\_ide\scripts\systemdebugger_sd_txt_system_standalone.tcl'
00:58:54 INFO  : Checking for BSP changes to sync application flags for project 'sd_txt'...
00:59:51 INFO  : Checking for BSP changes to sync application flags for project 'sd_txt'...
01:00:21 INFO  : Disconnected from the channel tcfchan#9.
01:06:15 DEBUG : Logs will be stored at 'C:/Users/TAlars/Documents/vivado_projects_tests/vipix/sdCard_rw_SMW_ip/IDE.log'.
01:06:16 INFO  : Launching XSCT server: xsct.bat -n  -interactive C:\Users\TAlars\Documents\vivado_projects_tests\vipix\sdCard_rw_SMW_ip\temp_xsdb_launch_script.tcl
01:06:19 INFO  : XSCT server has started successfully.
01:06:19 INFO  : Successfully done setting XSCT server connection channel  
01:06:19 INFO  : plnx-install-location is set to ''
01:06:19 INFO  : Registering command handlers for Vitis TCF services
01:06:19 INFO  : Successfully done setting workspace for the tool. 
01:06:19 INFO  : Successfully done query RDI_DATADIR 
01:06:20 INFO  : Platform repository initialization has completed.
01:11:40 INFO  : No changes in MSS file content so sources will not be generated.
