

================================================================
== Vitis HLS Report for 'main_func'
================================================================
* Date:           Wed Oct  9 10:12:43 2024

* Version:        2022.2 (Build 3670227 on Oct 13 2022)
* Project:        prbs_7_taps
* Solution:       solution1 (Vivado IP Flow Target)
* Product family: zynquplus
* Target device:  xczu9eg-ffvb1156-2-e


================================================================
== Performance Estimates
================================================================
+ Timing: 
    * Summary: 
    +--------+----------+----------+------------+
    |  Clock |  Target  | Estimated| Uncertainty|
    +--------+----------+----------+------------+
    |ap_clk  |  10.00 ns|  0.287 ns|     2.70 ns|
    +--------+----------+----------+------------+

+ Latency: 
    * Summary: 
    +---------+---------+----------+----------+-----+-----+---------+
    |  Latency (cycles) |  Latency (absolute) |  Interval | Pipeline|
    |   min   |   max   |    min   |    max   | min | max |   Type  |
    +---------+---------+----------+----------+-----+-----+---------+
    |        0|        0|      0 ns|      0 ns|    1|    1|      yes|
    +---------+---------+----------+----------+-----+-----+---------+

    + Detail: 
        * Instance: 
        +----------------------------+-------------+---------+---------+----------+----------+-----+-----+---------+
        |                            |             |  Latency (cycles) |  Latency (absolute) |  Interval | Pipeline|
        |          Instance          |    Module   |   min   |   max   |    min   |    max   | min | max |   Type  |
        +----------------------------+-------------+---------+---------+----------+----------+-----+-----+---------+
        |out_func1_first_func_fu_58  |first_func   |        0|        0|      0 ns|      0 ns|    1|    1|      yes|
        |call_ret_second_func_fu_65  |second_func  |        0|        0|      0 ns|      0 ns|    1|    1|      yes|
        +----------------------------+-------------+---------+---------+----------+----------+-----+-----+---------+

        * Loop: 
        N/A



================================================================
== Utilization Estimates
================================================================
* Summary: 
+-----------------+---------+------+--------+--------+-----+
|       Name      | BRAM_18K|  DSP |   FF   |   LUT  | URAM|
+-----------------+---------+------+--------+--------+-----+
|DSP              |        -|     -|       -|       -|    -|
|Expression       |        -|     -|       0|       2|    -|
|FIFO             |        -|     -|       -|       -|    -|
|Instance         |        -|     -|      16|       4|    -|
|Memory           |        -|     -|       -|       -|    -|
|Multiplexer      |        -|     -|       -|       -|    -|
|Register         |        -|     -|       1|       -|    -|
+-----------------+---------+------+--------+--------+-----+
|Total            |        0|     0|      17|       6|    0|
+-----------------+---------+------+--------+--------+-----+
|Available        |     1824|  2520|  548160|  274080|    0|
+-----------------+---------+------+--------+--------+-----+
|Utilization (%)  |        0|     0|      ~0|      ~0|    0|
+-----------------+---------+------+--------+--------+-----+

+ Detail: 
    * Instance: 
    +----------------------------+-------------+---------+----+---+----+-----+
    |          Instance          |    Module   | BRAM_18K| DSP| FF| LUT| URAM|
    +----------------------------+-------------+---------+----+---+----+-----+
    |out_func1_first_func_fu_58  |first_func   |        0|   0|  8|   2|    0|
    |call_ret_second_func_fu_65  |second_func  |        0|   0|  8|   2|    0|
    +----------------------------+-------------+---------+----+---+----+-----+
    |Total                       |             |        0|   0| 16|   4|    0|
    +----------------------------+-------------+---------+----+---+----+-----+

    * DSP: 
    N/A

    * Memory: 
    N/A

    * FIFO: 
    N/A

    * Expression: 
    +--------------+----------+----+---+----+------------+------------+
    | Variable Name| Operation| DSP| FF| LUT| Bitwidth P0| Bitwidth P1|
    +--------------+----------+----+---+----+------------+------------+
    |compare       |       xor|   0|  0|   2|           1|           1|
    +--------------+----------+----+---+----+------------+------------+
    |Total         |          |   0|  0|   2|           1|           1|
    +--------------+----------+----+---+----+------------+------------+

    * Multiplexer: 
    N/A

    * Register: 
    +-----------+---+----+-----+-----------+
    |    Name   | FF| LUT| Bits| Const Bits|
    +-----------+---+----+-----+-----------+
    |ap_CS_fsm  |  1|   0|    1|          0|
    +-----------+---+----+-----+-----------+
    |Total      |  1|   0|    1|          0|
    +-----------+---+----+-----+-----------+



================================================================
== Interface
================================================================
* Summary: 
+----------+-----+-----+--------------+--------------+--------------+
| RTL Ports| Dir | Bits|   Protocol   | Source Object|    C Type    |
+----------+-----+-----+--------------+--------------+--------------+
|ap_clk    |   in|    1|  ap_ctrl_none|     main_func|  return value|
|ap_rst    |   in|    1|  ap_ctrl_none|     main_func|  return value|
|in_r      |   in|    1|       ap_none|          in_r|        scalar|
|out_r     |  out|    1|       ap_none|         out_r|       pointer|
|compare   |  out|    1|       ap_none|       compare|       pointer|
+----------+-----+-----+--------------+--------------+--------------+

