--------------
Start the write test
--------------
Load the Write signals
 adr = 0xfc we = 1 cyc = 1 stb = 1 wb_in = 0x5a rx = 1 tx = 1 ack = 0 uart_out = 0x0
 tx = 0
 tx = 0
 tx = 1
 tx = 0
 tx = 1
 tx = 1
 tx = 0
 tx = 1
 tx = 0
 tx = 1
 adr = 0xfc we = 1 cyc = 1 stb = 1 wb_in = 0x5a rx = 1 tx = 1 ack = 1 uart_out = 0x0
--------------
 adr = 0xfc we = 0 cyc = 0 stb = 0 wb_in = 0x5a rx = 1 tx = 1 ack = 0 uart_out = 0x0
--------------
TX_REG = 0x2b4
--------------
--------------
END Write
--------------
 adr = 0xfc we = 0 cyc = 0 stb = 0 wb_in = 0x5a rx = 1 tx = 1 ack = 0 uart_out = 0x0
--------------
Start the read test
--------------
Load the read signals
 adr = 0xfc we = 0 cyc = 1 stb = 1 wb_in = 0x5a rx = 1 tx = 1 ack = 0 uart_out = 0x0
--------------
--------------
 RX = 1
--------------
--------------
 adr = 0xfc we = 0 cyc = 1 stb = 1 wb_in = 0x5a rx = 0 tx = 1 ack = 0 uart_out = 0x0
 RX = 1
 adr = 0xfc we = 0 cyc = 1 stb = 1 wb_in = 0x5a rx = 1 tx = 1 ack = 0 uart_out = 0x2
 RX = 1
 adr = 0xfc we = 0 cyc = 1 stb = 1 wb_in = 0x5a rx = 1 tx = 1 ack = 0 uart_out = 0x6
 RX = 1
 adr = 0xfc we = 0 cyc = 1 stb = 1 wb_in = 0x5a rx = 1 tx = 1 ack = 0 uart_out = 0x0e
 RX = 1
 adr = 0xfc we = 0 cyc = 1 stb = 1 wb_in = 0x5a rx = 1 tx = 1 ack = 0 uart_out = 0x1e
 RX = 0
 adr = 0xfc we = 0 cyc = 1 stb = 1 wb_in = 0x5a rx = 0 tx = 1 ack = 0 uart_out = 0x1e
 RX = 0
 adr = 0xfc we = 0 cyc = 1 stb = 1 wb_in = 0x5a rx = 0 tx = 1 ack = 0 uart_out = 0x1e
 RX = 1
 adr = 0xfc we = 0 cyc = 1 stb = 1 wb_in = 0x5a rx = 1 tx = 1 ack = 0 uart_out = 0x09e
 RX = 1
 adr = 0xfc we = 0 cyc = 1 stb = 1 wb_in = 0x5a rx = 1 tx = 1 ack = 0 uart_out = 0x19e
 RX = 1
 adr = 0xfc we = 0 cyc = 1 stb = 1 wb_in = 0x5a rx = 1 tx = 1 ack = 0 uart_out = 0x39e
 RX = 1
 adr = 0xfc we = 0 cyc = 1 stb = 1 wb_in = 0x5a rx = 1 tx = 1 ack = 0 uart_out = 0x39e
 RX = 1
 adr = 0xfc we = 0 cyc = 1 stb = 1 wb_in = 0x5a rx = 1 tx = 1 ack = 0 uart_out = 0x39e
UART_OUT = 0x39e
--------------
--------------
END Read
--------------
 adr = 0xfc we = 0 cyc = 1 stb = 1 wb_in = 0x5a rx = 1 tx = 1 ack = 0 uart_out = 0x39e
 adr = 0xfc we = 0 cyc = 0 stb = 0 wb_in = 0x5a rx = 1 tx = 1 ack = 0 uart_out = 0x39e
Test Pass
--------------
END Test
--------------

C:\Users\TAlars\Documents\vivado_projects_tests\fpgaTOspace\HLS\wb_s_uart_fd\wb_s_uart_fd\solution1\sim\verilog>set PATH= 

C:\Users\TAlars\Documents\vivado_projects_tests\fpgaTOspace\HLS\wb_s_uart_fd\wb_s_uart_fd\solution1\sim\verilog>call C:/Xilinx/Vivado/2022.2/bin/xelab xil_defaultlib.apatb_top_top glbl -Oenable_linking_all_libraries  -prj top.prj -L smartconnect_v1_0 -L axi_protocol_checker_v1_1_12 -L axi_protocol_checker_v1_1_13 -L axis_protocol_checker_v1_1_11 -L axis_protocol_checker_v1_1_12 -L xil_defaultlib -L unisims_ver -L xpm  -L floating_point_v7_0_20 -L floating_point_v7_1_15 --lib "ieee_proposed=./ieee_proposed" -s top -debug wave 
Vivado Simulator v2022.2
Copyright 1986-1999, 2001-2022 Xilinx, Inc. All Rights Reserved.
Running: C:/Xilinx/Vivado/2022.2/bin/unwrapped/win64.o/xelab.exe xil_defaultlib.apatb_top_top glbl -Oenable_linking_all_libraries -prj top.prj -L smartconnect_v1_0 -L axi_protocol_checker_v1_1_12 -L axi_protocol_checker_v1_1_13 -L axis_protocol_checker_v1_1_11 -L axis_protocol_checker_v1_1_12 -L xil_defaultlib -L unisims_ver -L xpm -L floating_point_v7_0_20 -L floating_point_v7_1_15 --lib ieee_proposed=./ieee_proposed -s top -debug wave 
Multi-threading is on. Using 10 slave threads.
INFO: [VRFC 10-2263] Analyzing SystemVerilog file "C:/Users/TAlars/Documents/vivado_projects_tests/fpgaTOspace/HLS/wb_s_uart_fd/wb_s_uart_fd/solution1/sim/verilog/glbl.v" into library work
INFO: [VRFC 10-311] analyzing module glbl
INFO: [VRFC 10-2263] Analyzing SystemVerilog file "C:/Users/TAlars/Documents/vivado_projects_tests/fpgaTOspace/HLS/wb_s_uart_fd/wb_s_uart_fd/solution1/sim/verilog/top.autotb.v" into library xil_defaultlib
INFO: [VRFC 10-311] analyzing module apatb_top_top
INFO: [VRFC 10-2263] Analyzing SystemVerilog file "C:/Users/TAlars/Documents/vivado_projects_tests/fpgaTOspace/HLS/wb_s_uart_fd/wb_s_uart_fd/solution1/sim/verilog/top.v" into library xil_defaultlib
INFO: [VRFC 10-311] analyzing module top
INFO: [VRFC 10-2263] Analyzing SystemVerilog file "C:/Users/TAlars/Documents/vivado_projects_tests/fpgaTOspace/HLS/wb_s_uart_fd/wb_s_uart_fd/solution1/sim/verilog/dataflow_monitor.sv" into library xil_defaultlib
INFO: [VRFC 10-311] analyzing module dataflow_monitor
Starting static elaboration
Pass Through NonSizing Optimizer
Completed static elaboration
Starting simulation data flow analysis
Completed simulation data flow analysis
Time Resolution for simulation is 1ps
Compiling package xil_defaultlib.$unit_dataflow_monitor_sv
Compiling module xil_defaultlib.top
Compiling module xil_defaultlib.nodf_module_intf
Compiling module xil_defaultlib.dataflow_monitor
Compiling module xil_defaultlib.apatb_top_top
Compiling module work.glbl
Built simulation snapshot top

****** xsim v2022.2 (64-bit)
  **** SW Build 3671981 on Fri Oct 14 05:00:03 MDT 2022
  **** IP Build 3669848 on Fri Oct 14 08:30:02 MDT 2022
    ** Copyright 1986-2022 Xilinx, Inc. All Rights Reserved.

source xsim.dir/top/xsim_script.tcl
# xsim {top} -view {{top_dataflow_ana.wcfg}} -tclbatch {top.tcl} -protoinst {top.protoinst}
INFO: [Wavedata 42-565] Reading protoinst file top.protoinst
Time resolution is 1 ps
open_wave_config top_dataflow_ana.wcfg
source top.tcl
## log_wave -r /
WARNING: [Simtcl 6-197] One or more HDL objects could not be logged because of object type or size limitations.  To see details please rerun the command with -verbose (-v).
## set designtopgroup [add_wave_group "Design Top Signals"]
## set coutputgroup [add_wave_group "C Outputs" -into $designtopgroup]
## set return_group [add_wave_group return(wire) -into $coutputgroup]
## add_wave /apatb_top_top/AESL_inst_top/uart_out -into $return_group -radix hex
## add_wave /apatb_top_top/AESL_inst_top/ack -into $return_group -radix hex
## add_wave /apatb_top_top/AESL_inst_top/tx -into $return_group -radix hex
## set cinputgroup [add_wave_group "C Inputs" -into $designtopgroup]
## set return_group [add_wave_group return(wire) -into $cinputgroup]
## add_wave /apatb_top_top/AESL_inst_top/rx -into $return_group -radix hex
## add_wave /apatb_top_top/AESL_inst_top/wb_in -into $return_group -radix hex
## add_wave /apatb_top_top/AESL_inst_top/stb -into $return_group -radix hex
## add_wave /apatb_top_top/AESL_inst_top/cyc -into $return_group -radix hex
## add_wave /apatb_top_top/AESL_inst_top/we -into $return_group -radix hex
## add_wave /apatb_top_top/AESL_inst_top/adr -into $return_group -radix hex
## set resetgroup [add_wave_group "Reset" -into $designtopgroup]
## add_wave /apatb_top_top/AESL_inst_top/ap_rst -into $resetgroup
## set clockgroup [add_wave_group "Clock" -into $designtopgroup]
## add_wave /apatb_top_top/AESL_inst_top/ap_clk -into $clockgroup
## set testbenchgroup [add_wave_group "Test Bench Signals"]
## set tbinternalsiggroup [add_wave_group "Internal Signals" -into $testbenchgroup]
## set tb_simstatus_group [add_wave_group "Simulation Status" -into $tbinternalsiggroup]
## set tb_portdepth_group [add_wave_group "Port Depth" -into $tbinternalsiggroup]
## add_wave /apatb_top_top/AUTOTB_TRANSACTION_NUM -into $tb_simstatus_group -radix hex
## add_wave /apatb_top_top/ready_cnt -into $tb_simstatus_group -radix hex
## add_wave /apatb_top_top/done_cnt -into $tb_simstatus_group -radix hex
## add_wave /apatb_top_top/LENGTH_ack -into $tb_portdepth_group -radix hex
## add_wave /apatb_top_top/LENGTH_adr -into $tb_portdepth_group -radix hex
## add_wave /apatb_top_top/LENGTH_cyc -into $tb_portdepth_group -radix hex
## add_wave /apatb_top_top/LENGTH_rx -into $tb_portdepth_group -radix hex
## add_wave /apatb_top_top/LENGTH_stb -into $tb_portdepth_group -radix hex
## add_wave /apatb_top_top/LENGTH_tx -into $tb_portdepth_group -radix hex
## add_wave /apatb_top_top/LENGTH_uart_out -into $tb_portdepth_group -radix hex
## add_wave /apatb_top_top/LENGTH_wb_in -into $tb_portdepth_group -radix hex
## add_wave /apatb_top_top/LENGTH_we -into $tb_portdepth_group -radix hex
## set tbcoutputgroup [add_wave_group "C Outputs" -into $testbenchgroup]
## set tb_return_group [add_wave_group return(wire) -into $tbcoutputgroup]
## add_wave /apatb_top_top/uart_out -into $tb_return_group -radix hex
## add_wave /apatb_top_top/ack -into $tb_return_group -radix hex
## add_wave /apatb_top_top/tx -into $tb_return_group -radix hex
## set tbcinputgroup [add_wave_group "C Inputs" -into $testbenchgroup]
## set tb_return_group [add_wave_group return(wire) -into $tbcinputgroup]
## add_wave /apatb_top_top/rx -into $tb_return_group -radix hex
## add_wave /apatb_top_top/wb_in -into $tb_return_group -radix hex
## add_wave /apatb_top_top/stb -into $tb_return_group -radix hex
## add_wave /apatb_top_top/cyc -into $tb_return_group -radix hex
## add_wave /apatb_top_top/we -into $tb_return_group -radix hex
## add_wave /apatb_top_top/adr -into $tb_return_group -radix hex
## save_wave_config top.wcfg
## run all
////////////////////////////////////////////////////////////////////////////////////
// Inter-Transaction Progress: Completed Transaction / Total Transaction
// Intra-Transaction Progress: Measured Latency / Latency Estimation * 100%
//
// RTL Simulation : "Inter-Transaction Progress" ["Intra-Transaction Progress"] @ "Simulation Time"
////////////////////////////////////////////////////////////////////////////////////
// RTL Simulation : 0 / 1099 [n/a] @ "125000"
// RTL Simulation : 1 / 1099 [n/a] @ "145000"
// RTL Simulation : 2 / 1099 [n/a] @ "155000"
// RTL Simulation : 3 / 1099 [n/a] @ "165000"
// RTL Simulation : 4 / 1099 [n/a] @ "175000"
// RTL Simulation : 5 / 1099 [n/a] @ "185000"
// RTL Simulation : 6 / 1099 [n/a] @ "195000"
// RTL Simulation : 7 / 1099 [n/a] @ "205000"
// RTL Simulation : 8 / 1099 [n/a] @ "215000"
// RTL Simulation : 9 / 1099 [n/a] @ "225000"
// RTL Simulation : 10 / 1099 [n/a] @ "235000"
// RTL Simulation : 11 / 1099 [n/a] @ "245000"
// RTL Simulation : 12 / 1099 [n/a] @ "255000"
// RTL Simulation : 13 / 1099 [n/a] @ "265000"
// RTL Simulation : 14 / 1099 [n/a] @ "275000"
// RTL Simulation : 15 / 1099 [n/a] @ "285000"
// RTL Simulation : 16 / 1099 [n/a] @ "295000"
// RTL Simulation : 17 / 1099 [n/a] @ "305000"
// RTL Simulation : 18 / 1099 [n/a] @ "315000"
// RTL Simulation : 19 / 1099 [n/a] @ "325000"
// RTL Simulation : 20 / 1099 [n/a] @ "335000"
// RTL Simulation : 21 / 1099 [n/a] @ "345000"
// RTL Simulation : 22 / 1099 [n/a] @ "355000"
// RTL Simulation : 23 / 1099 [n/a] @ "365000"
// RTL Simulation : 24 / 1099 [n/a] @ "375000"
// RTL Simulation : 25 / 1099 [n/a] @ "385000"
// RTL Simulation : 26 / 1099 [n/a] @ "395000"
// RTL Simulation : 27 / 1099 [n/a] @ "405000"
// RTL Simulation : 28 / 1099 [n/a] @ "415000"
// RTL Simulation : 29 / 1099 [n/a] @ "425000"
// RTL Simulation : 30 / 1099 [n/a] @ "435000"
// RTL Simulation : 31 / 1099 [n/a] @ "445000"
// RTL Simulation : 32 / 1099 [n/a] @ "455000"
// RTL Simulation : 33 / 1099 [n/a] @ "465000"
// RTL Simulation : 34 / 1099 [n/a] @ "475000"
// RTL Simulation : 35 / 1099 [n/a] @ "485000"
// RTL Simulation : 36 / 1099 [n/a] @ "495000"
// RTL Simulation : 37 / 1099 [n/a] @ "505000"
// RTL Simulation : 38 / 1099 [n/a] @ "515000"
// RTL Simulation : 39 / 1099 [n/a] @ "525000"
// RTL Simulation : 40 / 1099 [n/a] @ "535000"
// RTL Simulation : 41 / 1099 [n/a] @ "545000"
// RTL Simulation : 42 / 1099 [n/a] @ "555000"
// RTL Simulation : 43 / 1099 [n/a] @ "565000"
// RTL Simulation : 44 / 1099 [n/a] @ "575000"
// RTL Simulation : 45 / 1099 [n/a] @ "585000"
// RTL Simulation : 46 / 1099 [n/a] @ "595000"
// RTL Simulation : 47 / 1099 [n/a] @ "605000"
// RTL Simulation : 48 / 1099 [n/a] @ "615000"
// RTL Simulation : 49 / 1099 [n/a] @ "625000"
// RTL Simulation : 50 / 1099 [n/a] @ "635000"
// RTL Simulation : 51 / 1099 [n/a] @ "645000"
// RTL Simulation : 52 / 1099 [n/a] @ "655000"
// RTL Simulation : 53 / 1099 [n/a] @ "665000"
// RTL Simulation : 54 / 1099 [n/a] @ "675000"
// RTL Simulation : 55 / 1099 [n/a] @ "685000"
// RTL Simulation : 56 / 1099 [n/a] @ "695000"
// RTL Simulation : 57 / 1099 [n/a] @ "705000"
// RTL Simulation : 58 / 1099 [n/a] @ "715000"
// RTL Simulation : 59 / 1099 [n/a] @ "725000"
// RTL Simulation : 60 / 1099 [n/a] @ "735000"
// RTL Simulation : 61 / 1099 [n/a] @ "745000"
// RTL Simulation : 62 / 1099 [n/a] @ "755000"
// RTL Simulation : 63 / 1099 [n/a] @ "765000"
// RTL Simulation : 64 / 1099 [n/a] @ "775000"
// RTL Simulation : 65 / 1099 [n/a] @ "785000"
// RTL Simulation : 66 / 1099 [n/a] @ "795000"
// RTL Simulation : 67 / 1099 [n/a] @ "805000"
// RTL Simulation : 68 / 1099 [n/a] @ "815000"
// RTL Simulation : 69 / 1099 [n/a] @ "825000"
// RTL Simulation : 70 / 1099 [n/a] @ "835000"
// RTL Simulation : 71 / 1099 [n/a] @ "845000"
// RTL Simulation : 72 / 1099 [n/a] @ "855000"
// RTL Simulation : 73 / 1099 [n/a] @ "865000"
// RTL Simulation : 74 / 1099 [n/a] @ "875000"
// RTL Simulation : 75 / 1099 [n/a] @ "885000"
// RTL Simulation : 76 / 1099 [n/a] @ "895000"
// RTL Simulation : 77 / 1099 [n/a] @ "905000"
// RTL Simulation : 78 / 1099 [n/a] @ "915000"
// RTL Simulation : 79 / 1099 [n/a] @ "925000"
// RTL Simulation : 80 / 1099 [n/a] @ "935000"
// RTL Simulation : 81 / 1099 [n/a] @ "945000"
// RTL Simulation : 82 / 1099 [n/a] @ "955000"
// RTL Simulation : 83 / 1099 [n/a] @ "965000"
// RTL Simulation : 84 / 1099 [n/a] @ "975000"
// RTL Simulation : 85 / 1099 [n/a] @ "985000"
// RTL Simulation : 86 / 1099 [n/a] @ "995000"
// RTL Simulation : 87 / 1099 [n/a] @ "1005000"
// RTL Simulation : 88 / 1099 [n/a] @ "1015000"
// RTL Simulation : 89 / 1099 [n/a] @ "1025000"
// RTL Simulation : 90 / 1099 [n/a] @ "1035000"
// RTL Simulation : 91 / 1099 [n/a] @ "1045000"
// RTL Simulation : 92 / 1099 [n/a] @ "1055000"
// RTL Simulation : 93 / 1099 [n/a] @ "1065000"
// RTL Simulation : 94 / 1099 [n/a] @ "1075000"
// RTL Simulation : 95 / 1099 [n/a] @ "1085000"
// RTL Simulation : 96 / 1099 [n/a] @ "1095000"
// RTL Simulation : 97 / 1099 [n/a] @ "1105000"
// RTL Simulation : 98 / 1099 [n/a] @ "1115000"
// RTL Simulation : 99 / 1099 [n/a] @ "1125000"
// RTL Simulation : 100 / 1099 [n/a] @ "1135000"
// RTL Simulation : 101 / 1099 [n/a] @ "1145000"
// RTL Simulation : 102 / 1099 [n/a] @ "1155000"
// RTL Simulation : 103 / 1099 [n/a] @ "1165000"
// RTL Simulation : 104 / 1099 [n/a] @ "1175000"
// RTL Simulation : 105 / 1099 [n/a] @ "1185000"
// RTL Simulation : 106 / 1099 [n/a] @ "1195000"
// RTL Simulation : 107 / 1099 [n/a] @ "1205000"
// RTL Simulation : 108 / 1099 [n/a] @ "1215000"
// RTL Simulation : 109 / 1099 [n/a] @ "1225000"
// RTL Simulation : 110 / 1099 [n/a] @ "1235000"
// RTL Simulation : 111 / 1099 [n/a] @ "1245000"
// RTL Simulation : 112 / 1099 [n/a] @ "1255000"
// RTL Simulation : 113 / 1099 [n/a] @ "1265000"
// RTL Simulation : 114 / 1099 [n/a] @ "1275000"
// RTL Simulation : 115 / 1099 [n/a] @ "1285000"
// RTL Simulation : 116 / 1099 [n/a] @ "1295000"
// RTL Simulation : 117 / 1099 [n/a] @ "1305000"
// RTL Simulation : 118 / 1099 [n/a] @ "1315000"
// RTL Simulation : 119 / 1099 [n/a] @ "1325000"
// RTL Simulation : 120 / 1099 [n/a] @ "1335000"
// RTL Simulation : 121 / 1099 [n/a] @ "1345000"
// RTL Simulation : 122 / 1099 [n/a] @ "1355000"
// RTL Simulation : 123 / 1099 [n/a] @ "1365000"
// RTL Simulation : 124 / 1099 [n/a] @ "1375000"
// RTL Simulation : 125 / 1099 [n/a] @ "1385000"
// RTL Simulation : 126 / 1099 [n/a] @ "1395000"
// RTL Simulation : 127 / 1099 [n/a] @ "1405000"
// RTL Simulation : 128 / 1099 [n/a] @ "1415000"
// RTL Simulation : 129 / 1099 [n/a] @ "1425000"
// RTL Simulation : 130 / 1099 [n/a] @ "1435000"
// RTL Simulation : 131 / 1099 [n/a] @ "1445000"
// RTL Simulation : 132 / 1099 [n/a] @ "1455000"
// RTL Simulation : 133 / 1099 [n/a] @ "1465000"
// RTL Simulation : 134 / 1099 [n/a] @ "1475000"
// RTL Simulation : 135 / 1099 [n/a] @ "1485000"
// RTL Simulation : 136 / 1099 [n/a] @ "1495000"
// RTL Simulation : 137 / 1099 [n/a] @ "1505000"
// RTL Simulation : 138 / 1099 [n/a] @ "1515000"
// RTL Simulation : 139 / 1099 [n/a] @ "1525000"
// RTL Simulation : 140 / 1099 [n/a] @ "1535000"
// RTL Simulation : 141 / 1099 [n/a] @ "1545000"
// RTL Simulation : 142 / 1099 [n/a] @ "1555000"
// RTL Simulation : 143 / 1099 [n/a] @ "1565000"
// RTL Simulation : 144 / 1099 [n/a] @ "1575000"
// RTL Simulation : 145 / 1099 [n/a] @ "1585000"
// RTL Simulation : 146 / 1099 [n/a] @ "1595000"
// RTL Simulation : 147 / 1099 [n/a] @ "1605000"
// RTL Simulation : 148 / 1099 [n/a] @ "1615000"
// RTL Simulation : 149 / 1099 [n/a] @ "1625000"
// RTL Simulation : 150 / 1099 [n/a] @ "1635000"
// RTL Simulation : 151 / 1099 [n/a] @ "1645000"
// RTL Simulation : 152 / 1099 [n/a] @ "1655000"
// RTL Simulation : 153 / 1099 [n/a] @ "1665000"
// RTL Simulation : 154 / 1099 [n/a] @ "1675000"
// RTL Simulation : 155 / 1099 [n/a] @ "1685000"
// RTL Simulation : 156 / 1099 [n/a] @ "1695000"
// RTL Simulation : 157 / 1099 [n/a] @ "1705000"
// RTL Simulation : 158 / 1099 [n/a] @ "1715000"
// RTL Simulation : 159 / 1099 [n/a] @ "1725000"
// RTL Simulation : 160 / 1099 [n/a] @ "1735000"
// RTL Simulation : 161 / 1099 [n/a] @ "1745000"
// RTL Simulation : 162 / 1099 [n/a] @ "1755000"
// RTL Simulation : 163 / 1099 [n/a] @ "1765000"
// RTL Simulation : 164 / 1099 [n/a] @ "1775000"
// RTL Simulation : 165 / 1099 [n/a] @ "1785000"
// RTL Simulation : 166 / 1099 [n/a] @ "1795000"
// RTL Simulation : 167 / 1099 [n/a] @ "1805000"
// RTL Simulation : 168 / 1099 [n/a] @ "1815000"
// RTL Simulation : 169 / 1099 [n/a] @ "1825000"
// RTL Simulation : 170 / 1099 [n/a] @ "1835000"
// RTL Simulation : 171 / 1099 [n/a] @ "1845000"
// RTL Simulation : 172 / 1099 [n/a] @ "1855000"
// RTL Simulation : 173 / 1099 [n/a] @ "1865000"
// RTL Simulation : 174 / 1099 [n/a] @ "1875000"
// RTL Simulation : 175 / 1099 [n/a] @ "1885000"
// RTL Simulation : 176 / 1099 [n/a] @ "1895000"
// RTL Simulation : 177 / 1099 [n/a] @ "1905000"
// RTL Simulation : 178 / 1099 [n/a] @ "1915000"
// RTL Simulation : 179 / 1099 [n/a] @ "1925000"
// RTL Simulation : 180 / 1099 [n/a] @ "1935000"
// RTL Simulation : 181 / 1099 [n/a] @ "1945000"
// RTL Simulation : 182 / 1099 [n/a] @ "1955000"
// RTL Simulation : 183 / 1099 [n/a] @ "1965000"
// RTL Simulation : 184 / 1099 [n/a] @ "1975000"
// RTL Simulation : 185 / 1099 [n/a] @ "1985000"
// RTL Simulation : 186 / 1099 [n/a] @ "1995000"
// RTL Simulation : 187 / 1099 [n/a] @ "2005000"
// RTL Simulation : 188 / 1099 [n/a] @ "2015000"
// RTL Simulation : 189 / 1099 [n/a] @ "2025000"
// RTL Simulation : 190 / 1099 [n/a] @ "2035000"
// RTL Simulation : 191 / 1099 [n/a] @ "2045000"
// RTL Simulation : 192 / 1099 [n/a] @ "2055000"
// RTL Simulation : 193 / 1099 [n/a] @ "2065000"
// RTL Simulation : 194 / 1099 [n/a] @ "2075000"
// RTL Simulation : 195 / 1099 [n/a] @ "2085000"
// RTL Simulation : 196 / 1099 [n/a] @ "2095000"
// RTL Simulation : 197 / 1099 [n/a] @ "2105000"
// RTL Simulation : 198 / 1099 [n/a] @ "2115000"
// RTL Simulation : 199 / 1099 [n/a] @ "2125000"
// RTL Simulation : 200 / 1099 [n/a] @ "2135000"
// RTL Simulation : 201 / 1099 [n/a] @ "2145000"
// RTL Simulation : 202 / 1099 [n/a] @ "2155000"
// RTL Simulation : 203 / 1099 [n/a] @ "2165000"
// RTL Simulation : 204 / 1099 [n/a] @ "2175000"
// RTL Simulation : 205 / 1099 [n/a] @ "2185000"
// RTL Simulation : 206 / 1099 [n/a] @ "2195000"
// RTL Simulation : 207 / 1099 [n/a] @ "2205000"
// RTL Simulation : 208 / 1099 [n/a] @ "2215000"
// RTL Simulation : 209 / 1099 [n/a] @ "2225000"
// RTL Simulation : 210 / 1099 [n/a] @ "2235000"
// RTL Simulation : 211 / 1099 [n/a] @ "2245000"
// RTL Simulation : 212 / 1099 [n/a] @ "2255000"
// RTL Simulation : 213 / 1099 [n/a] @ "2265000"
// RTL Simulation : 214 / 1099 [n/a] @ "2275000"
// RTL Simulation : 215 / 1099 [n/a] @ "2285000"
// RTL Simulation : 216 / 1099 [n/a] @ "2295000"
// RTL Simulation : 217 / 1099 [n/a] @ "2305000"
// RTL Simulation : 218 / 1099 [n/a] @ "2315000"
// RTL Simulation : 219 / 1099 [n/a] @ "2325000"
// RTL Simulation : 220 / 1099 [n/a] @ "2335000"
// RTL Simulation : 221 / 1099 [n/a] @ "2345000"
// RTL Simulation : 222 / 1099 [n/a] @ "2355000"
// RTL Simulation : 223 / 1099 [n/a] @ "2365000"
// RTL Simulation : 224 / 1099 [n/a] @ "2375000"
// RTL Simulation : 225 / 1099 [n/a] @ "2385000"
// RTL Simulation : 226 / 1099 [n/a] @ "2395000"
// RTL Simulation : 227 / 1099 [n/a] @ "2405000"
// RTL Simulation : 228 / 1099 [n/a] @ "2415000"
// RTL Simulation : 229 / 1099 [n/a] @ "2425000"
// RTL Simulation : 230 / 1099 [n/a] @ "2435000"
// RTL Simulation : 231 / 1099 [n/a] @ "2445000"
// RTL Simulation : 232 / 1099 [n/a] @ "2455000"
// RTL Simulation : 233 / 1099 [n/a] @ "2465000"
// RTL Simulation : 234 / 1099 [n/a] @ "2475000"
// RTL Simulation : 235 / 1099 [n/a] @ "2485000"
// RTL Simulation : 236 / 1099 [n/a] @ "2495000"
// RTL Simulation : 237 / 1099 [n/a] @ "2505000"
// RTL Simulation : 238 / 1099 [n/a] @ "2515000"
// RTL Simulation : 239 / 1099 [n/a] @ "2525000"
// RTL Simulation : 240 / 1099 [n/a] @ "2535000"
// RTL Simulation : 241 / 1099 [n/a] @ "2545000"
// RTL Simulation : 242 / 1099 [n/a] @ "2555000"
// RTL Simulation : 243 / 1099 [n/a] @ "2565000"
// RTL Simulation : 244 / 1099 [n/a] @ "2575000"
// RTL Simulation : 245 / 1099 [n/a] @ "2585000"
// RTL Simulation : 246 / 1099 [n/a] @ "2595000"
// RTL Simulation : 247 / 1099 [n/a] @ "2605000"
// RTL Simulation : 248 / 1099 [n/a] @ "2615000"
// RTL Simulation : 249 / 1099 [n/a] @ "2625000"
// RTL Simulation : 250 / 1099 [n/a] @ "2635000"
// RTL Simulation : 251 / 1099 [n/a] @ "2645000"
// RTL Simulation : 252 / 1099 [n/a] @ "2655000"
// RTL Simulation : 253 / 1099 [n/a] @ "2665000"
// RTL Simulation : 254 / 1099 [n/a] @ "2675000"
// RTL Simulation : 255 / 1099 [n/a] @ "2685000"
// RTL Simulation : 256 / 1099 [n/a] @ "2695000"
// RTL Simulation : 257 / 1099 [n/a] @ "2705000"
// RTL Simulation : 258 / 1099 [n/a] @ "2715000"
// RTL Simulation : 259 / 1099 [n/a] @ "2725000"
// RTL Simulation : 260 / 1099 [n/a] @ "2735000"
// RTL Simulation : 261 / 1099 [n/a] @ "2745000"
// RTL Simulation : 262 / 1099 [n/a] @ "2755000"
// RTL Simulation : 263 / 1099 [n/a] @ "2765000"
// RTL Simulation : 264 / 1099 [n/a] @ "2775000"
// RTL Simulation : 265 / 1099 [n/a] @ "2785000"
// RTL Simulation : 266 / 1099 [n/a] @ "2795000"
// RTL Simulation : 267 / 1099 [n/a] @ "2805000"
// RTL Simulation : 268 / 1099 [n/a] @ "2815000"
// RTL Simulation : 269 / 1099 [n/a] @ "2825000"
// RTL Simulation : 270 / 1099 [n/a] @ "2835000"
// RTL Simulation : 271 / 1099 [n/a] @ "2845000"
// RTL Simulation : 272 / 1099 [n/a] @ "2855000"
// RTL Simulation : 273 / 1099 [n/a] @ "2865000"
// RTL Simulation : 274 / 1099 [n/a] @ "2875000"
// RTL Simulation : 275 / 1099 [n/a] @ "2885000"
// RTL Simulation : 276 / 1099 [n/a] @ "2895000"
// RTL Simulation : 277 / 1099 [n/a] @ "2905000"
// RTL Simulation : 278 / 1099 [n/a] @ "2915000"
// RTL Simulation : 279 / 1099 [n/a] @ "2925000"
// RTL Simulation : 280 / 1099 [n/a] @ "2935000"
// RTL Simulation : 281 / 1099 [n/a] @ "2945000"
// RTL Simulation : 282 / 1099 [n/a] @ "2955000"
// RTL Simulation : 283 / 1099 [n/a] @ "2965000"
// RTL Simulation : 284 / 1099 [n/a] @ "2975000"
// RTL Simulation : 285 / 1099 [n/a] @ "2985000"
// RTL Simulation : 286 / 1099 [n/a] @ "2995000"
// RTL Simulation : 287 / 1099 [n/a] @ "3005000"
// RTL Simulation : 288 / 1099 [n/a] @ "3015000"
// RTL Simulation : 289 / 1099 [n/a] @ "3025000"
// RTL Simulation : 290 / 1099 [n/a] @ "3035000"
// RTL Simulation : 291 / 1099 [n/a] @ "3045000"
// RTL Simulation : 292 / 1099 [n/a] @ "3055000"
// RTL Simulation : 293 / 1099 [n/a] @ "3065000"
// RTL Simulation : 294 / 1099 [n/a] @ "3075000"
// RTL Simulation : 295 / 1099 [n/a] @ "3085000"
// RTL Simulation : 296 / 1099 [n/a] @ "3095000"
// RTL Simulation : 297 / 1099 [n/a] @ "3105000"
// RTL Simulation : 298 / 1099 [n/a] @ "3115000"
// RTL Simulation : 299 / 1099 [n/a] @ "3125000"
// RTL Simulation : 300 / 1099 [n/a] @ "3135000"
// RTL Simulation : 301 / 1099 [n/a] @ "3145000"
// RTL Simulation : 302 / 1099 [n/a] @ "3155000"
// RTL Simulation : 303 / 1099 [n/a] @ "3165000"
// RTL Simulation : 304 / 1099 [n/a] @ "3175000"
// RTL Simulation : 305 / 1099 [n/a] @ "3185000"
// RTL Simulation : 306 / 1099 [n/a] @ "3195000"
// RTL Simulation : 307 / 1099 [n/a] @ "3205000"
// RTL Simulation : 308 / 1099 [n/a] @ "3215000"
// RTL Simulation : 309 / 1099 [n/a] @ "3225000"
// RTL Simulation : 310 / 1099 [n/a] @ "3235000"
// RTL Simulation : 311 / 1099 [n/a] @ "3245000"
// RTL Simulation : 312 / 1099 [n/a] @ "3255000"
// RTL Simulation : 313 / 1099 [n/a] @ "3265000"
// RTL Simulation : 314 / 1099 [n/a] @ "3275000"
// RTL Simulation : 315 / 1099 [n/a] @ "3285000"
// RTL Simulation : 316 / 1099 [n/a] @ "3295000"
// RTL Simulation : 317 / 1099 [n/a] @ "3305000"
// RTL Simulation : 318 / 1099 [n/a] @ "3315000"
// RTL Simulation : 319 / 1099 [n/a] @ "3325000"
// RTL Simulation : 320 / 1099 [n/a] @ "3335000"
// RTL Simulation : 321 / 1099 [n/a] @ "3345000"
// RTL Simulation : 322 / 1099 [n/a] @ "3355000"
// RTL Simulation : 323 / 1099 [n/a] @ "3365000"
// RTL Simulation : 324 / 1099 [n/a] @ "3375000"
// RTL Simulation : 325 / 1099 [n/a] @ "3385000"
// RTL Simulation : 326 / 1099 [n/a] @ "3395000"
// RTL Simulation : 327 / 1099 [n/a] @ "3405000"
// RTL Simulation : 328 / 1099 [n/a] @ "3415000"
// RTL Simulation : 329 / 1099 [n/a] @ "3425000"
// RTL Simulation : 330 / 1099 [n/a] @ "3435000"
// RTL Simulation : 331 / 1099 [n/a] @ "3445000"
// RTL Simulation : 332 / 1099 [n/a] @ "3455000"
// RTL Simulation : 333 / 1099 [n/a] @ "3465000"
// RTL Simulation : 334 / 1099 [n/a] @ "3475000"
// RTL Simulation : 335 / 1099 [n/a] @ "3485000"
// RTL Simulation : 336 / 1099 [n/a] @ "3495000"
// RTL Simulation : 337 / 1099 [n/a] @ "3505000"
// RTL Simulation : 338 / 1099 [n/a] @ "3515000"
// RTL Simulation : 339 / 1099 [n/a] @ "3525000"
// RTL Simulation : 340 / 1099 [n/a] @ "3535000"
// RTL Simulation : 341 / 1099 [n/a] @ "3545000"
// RTL Simulation : 342 / 1099 [n/a] @ "3555000"
// RTL Simulation : 343 / 1099 [n/a] @ "3565000"
// RTL Simulation : 344 / 1099 [n/a] @ "3575000"
// RTL Simulation : 345 / 1099 [n/a] @ "3585000"
// RTL Simulation : 346 / 1099 [n/a] @ "3595000"
// RTL Simulation : 347 / 1099 [n/a] @ "3605000"
// RTL Simulation : 348 / 1099 [n/a] @ "3615000"
// RTL Simulation : 349 / 1099 [n/a] @ "3625000"
// RTL Simulation : 350 / 1099 [n/a] @ "3635000"
// RTL Simulation : 351 / 1099 [n/a] @ "3645000"
// RTL Simulation : 352 / 1099 [n/a] @ "3655000"
// RTL Simulation : 353 / 1099 [n/a] @ "3665000"
// RTL Simulation : 354 / 1099 [n/a] @ "3675000"
// RTL Simulation : 355 / 1099 [n/a] @ "3685000"
// RTL Simulation : 356 / 1099 [n/a] @ "3695000"
// RTL Simulation : 357 / 1099 [n/a] @ "3705000"
// RTL Simulation : 358 / 1099 [n/a] @ "3715000"
// RTL Simulation : 359 / 1099 [n/a] @ "3725000"
// RTL Simulation : 360 / 1099 [n/a] @ "3735000"
// RTL Simulation : 361 / 1099 [n/a] @ "3745000"
// RTL Simulation : 362 / 1099 [n/a] @ "3755000"
// RTL Simulation : 363 / 1099 [n/a] @ "3765000"
// RTL Simulation : 364 / 1099 [n/a] @ "3775000"
// RTL Simulation : 365 / 1099 [n/a] @ "3785000"
// RTL Simulation : 366 / 1099 [n/a] @ "3795000"
// RTL Simulation : 367 / 1099 [n/a] @ "3805000"
// RTL Simulation : 368 / 1099 [n/a] @ "3815000"
// RTL Simulation : 369 / 1099 [n/a] @ "3825000"
// RTL Simulation : 370 / 1099 [n/a] @ "3835000"
// RTL Simulation : 371 / 1099 [n/a] @ "3845000"
// RTL Simulation : 372 / 1099 [n/a] @ "3855000"
// RTL Simulation : 373 / 1099 [n/a] @ "3865000"
// RTL Simulation : 374 / 1099 [n/a] @ "3875000"
// RTL Simulation : 375 / 1099 [n/a] @ "3885000"
// RTL Simulation : 376 / 1099 [n/a] @ "3895000"
// RTL Simulation : 377 / 1099 [n/a] @ "3905000"
// RTL Simulation : 378 / 1099 [n/a] @ "3915000"
// RTL Simulation : 379 / 1099 [n/a] @ "3925000"
// RTL Simulation : 380 / 1099 [n/a] @ "3935000"
// RTL Simulation : 381 / 1099 [n/a] @ "3945000"
// RTL Simulation : 382 / 1099 [n/a] @ "3955000"
// RTL Simulation : 383 / 1099 [n/a] @ "3965000"
// RTL Simulation : 384 / 1099 [n/a] @ "3975000"
// RTL Simulation : 385 / 1099 [n/a] @ "3985000"
// RTL Simulation : 386 / 1099 [n/a] @ "3995000"
// RTL Simulation : 387 / 1099 [n/a] @ "4005000"
// RTL Simulation : 388 / 1099 [n/a] @ "4015000"
// RTL Simulation : 389 / 1099 [n/a] @ "4025000"
// RTL Simulation : 390 / 1099 [n/a] @ "4035000"
// RTL Simulation : 391 / 1099 [n/a] @ "4045000"
// RTL Simulation : 392 / 1099 [n/a] @ "4055000"
// RTL Simulation : 393 / 1099 [n/a] @ "4065000"
// RTL Simulation : 394 / 1099 [n/a] @ "4075000"
// RTL Simulation : 395 / 1099 [n/a] @ "4085000"
// RTL Simulation : 396 / 1099 [n/a] @ "4095000"
// RTL Simulation : 397 / 1099 [n/a] @ "4105000"
// RTL Simulation : 398 / 1099 [n/a] @ "4115000"
// RTL Simulation : 399 / 1099 [n/a] @ "4125000"
// RTL Simulation : 400 / 1099 [n/a] @ "4135000"
// RTL Simulation : 401 / 1099 [n/a] @ "4145000"
// RTL Simulation : 402 / 1099 [n/a] @ "4155000"
// RTL Simulation : 403 / 1099 [n/a] @ "4165000"
// RTL Simulation : 404 / 1099 [n/a] @ "4175000"
// RTL Simulation : 405 / 1099 [n/a] @ "4185000"
// RTL Simulation : 406 / 1099 [n/a] @ "4195000"
// RTL Simulation : 407 / 1099 [n/a] @ "4205000"
// RTL Simulation : 408 / 1099 [n/a] @ "4215000"
// RTL Simulation : 409 / 1099 [n/a] @ "4225000"
// RTL Simulation : 410 / 1099 [n/a] @ "4235000"
// RTL Simulation : 411 / 1099 [n/a] @ "4245000"
// RTL Simulation : 412 / 1099 [n/a] @ "4255000"
// RTL Simulation : 413 / 1099 [n/a] @ "4265000"
// RTL Simulation : 414 / 1099 [n/a] @ "4275000"
// RTL Simulation : 415 / 1099 [n/a] @ "4285000"
// RTL Simulation : 416 / 1099 [n/a] @ "4295000"
// RTL Simulation : 417 / 1099 [n/a] @ "4305000"
// RTL Simulation : 418 / 1099 [n/a] @ "4315000"
// RTL Simulation : 419 / 1099 [n/a] @ "4325000"
// RTL Simulation : 420 / 1099 [n/a] @ "4335000"
// RTL Simulation : 421 / 1099 [n/a] @ "4345000"
// RTL Simulation : 422 / 1099 [n/a] @ "4355000"
// RTL Simulation : 423 / 1099 [n/a] @ "4365000"
// RTL Simulation : 424 / 1099 [n/a] @ "4375000"
// RTL Simulation : 425 / 1099 [n/a] @ "4385000"
// RTL Simulation : 426 / 1099 [n/a] @ "4395000"
// RTL Simulation : 427 / 1099 [n/a] @ "4405000"
// RTL Simulation : 428 / 1099 [n/a] @ "4415000"
// RTL Simulation : 429 / 1099 [n/a] @ "4425000"
// RTL Simulation : 430 / 1099 [n/a] @ "4435000"
// RTL Simulation : 431 / 1099 [n/a] @ "4445000"
// RTL Simulation : 432 / 1099 [n/a] @ "4455000"
// RTL Simulation : 433 / 1099 [n/a] @ "4465000"
// RTL Simulation : 434 / 1099 [n/a] @ "4475000"
// RTL Simulation : 435 / 1099 [n/a] @ "4485000"
// RTL Simulation : 436 / 1099 [n/a] @ "4495000"
// RTL Simulation : 437 / 1099 [n/a] @ "4505000"
// RTL Simulation : 438 / 1099 [n/a] @ "4515000"
// RTL Simulation : 439 / 1099 [n/a] @ "4525000"
// RTL Simulation : 440 / 1099 [n/a] @ "4535000"
// RTL Simulation : 441 / 1099 [n/a] @ "4545000"
// RTL Simulation : 442 / 1099 [n/a] @ "4555000"
// RTL Simulation : 443 / 1099 [n/a] @ "4565000"
// RTL Simulation : 444 / 1099 [n/a] @ "4575000"
// RTL Simulation : 445 / 1099 [n/a] @ "4585000"
// RTL Simulation : 446 / 1099 [n/a] @ "4595000"
// RTL Simulation : 447 / 1099 [n/a] @ "4605000"
// RTL Simulation : 448 / 1099 [n/a] @ "4615000"
// RTL Simulation : 449 / 1099 [n/a] @ "4625000"
// RTL Simulation : 450 / 1099 [n/a] @ "4635000"
// RTL Simulation : 451 / 1099 [n/a] @ "4645000"
// RTL Simulation : 452 / 1099 [n/a] @ "4655000"
// RTL Simulation : 453 / 1099 [n/a] @ "4665000"
// RTL Simulation : 454 / 1099 [n/a] @ "4675000"
// RTL Simulation : 455 / 1099 [n/a] @ "4685000"
// RTL Simulation : 456 / 1099 [n/a] @ "4695000"
// RTL Simulation : 457 / 1099 [n/a] @ "4705000"
// RTL Simulation : 458 / 1099 [n/a] @ "4715000"
// RTL Simulation : 459 / 1099 [n/a] @ "4725000"
// RTL Simulation : 460 / 1099 [n/a] @ "4735000"
// RTL Simulation : 461 / 1099 [n/a] @ "4745000"
// RTL Simulation : 462 / 1099 [n/a] @ "4755000"
// RTL Simulation : 463 / 1099 [n/a] @ "4765000"
// RTL Simulation : 464 / 1099 [n/a] @ "4775000"
// RTL Simulation : 465 / 1099 [n/a] @ "4785000"
// RTL Simulation : 466 / 1099 [n/a] @ "4795000"
// RTL Simulation : 467 / 1099 [n/a] @ "4805000"
// RTL Simulation : 468 / 1099 [n/a] @ "4815000"
// RTL Simulation : 469 / 1099 [n/a] @ "4825000"
// RTL Simulation : 470 / 1099 [n/a] @ "4835000"
// RTL Simulation : 471 / 1099 [n/a] @ "4845000"
// RTL Simulation : 472 / 1099 [n/a] @ "4855000"
// RTL Simulation : 473 / 1099 [n/a] @ "4865000"
// RTL Simulation : 474 / 1099 [n/a] @ "4875000"
// RTL Simulation : 475 / 1099 [n/a] @ "4885000"
// RTL Simulation : 476 / 1099 [n/a] @ "4895000"
// RTL Simulation : 477 / 1099 [n/a] @ "4905000"
// RTL Simulation : 478 / 1099 [n/a] @ "4915000"
// RTL Simulation : 479 / 1099 [n/a] @ "4925000"
// RTL Simulation : 480 / 1099 [n/a] @ "4935000"
// RTL Simulation : 481 / 1099 [n/a] @ "4945000"
// RTL Simulation : 482 / 1099 [n/a] @ "4955000"
// RTL Simulation : 483 / 1099 [n/a] @ "4965000"
// RTL Simulation : 484 / 1099 [n/a] @ "4975000"
// RTL Simulation : 485 / 1099 [n/a] @ "4985000"
// RTL Simulation : 486 / 1099 [n/a] @ "4995000"
// RTL Simulation : 487 / 1099 [n/a] @ "5005000"
// RTL Simulation : 488 / 1099 [n/a] @ "5015000"
// RTL Simulation : 489 / 1099 [n/a] @ "5025000"
// RTL Simulation : 490 / 1099 [n/a] @ "5035000"
// RTL Simulation : 491 / 1099 [n/a] @ "5045000"
// RTL Simulation : 492 / 1099 [n/a] @ "5055000"
// RTL Simulation : 493 / 1099 [n/a] @ "5065000"
// RTL Simulation : 494 / 1099 [n/a] @ "5075000"
// RTL Simulation : 495 / 1099 [n/a] @ "5085000"
// RTL Simulation : 496 / 1099 [n/a] @ "5095000"
// RTL Simulation : 497 / 1099 [n/a] @ "5105000"
// RTL Simulation : 498 / 1099 [n/a] @ "5115000"
// RTL Simulation : 499 / 1099 [n/a] @ "5125000"
// RTL Simulation : 500 / 1099 [n/a] @ "5135000"
// RTL Simulation : 501 / 1099 [n/a] @ "5145000"
// RTL Simulation : 502 / 1099 [n/a] @ "5155000"
// RTL Simulation : 503 / 1099 [n/a] @ "5165000"
// RTL Simulation : 504 / 1099 [n/a] @ "5175000"
// RTL Simulation : 505 / 1099 [n/a] @ "5185000"
// RTL Simulation : 506 / 1099 [n/a] @ "5195000"
// RTL Simulation : 507 / 1099 [n/a] @ "5205000"
// RTL Simulation : 508 / 1099 [n/a] @ "5215000"
// RTL Simulation : 509 / 1099 [n/a] @ "5225000"
// RTL Simulation : 510 / 1099 [n/a] @ "5235000"
// RTL Simulation : 511 / 1099 [n/a] @ "5245000"
// RTL Simulation : 512 / 1099 [n/a] @ "5255000"
// RTL Simulation : 513 / 1099 [n/a] @ "5265000"
// RTL Simulation : 514 / 1099 [n/a] @ "5275000"
// RTL Simulation : 515 / 1099 [n/a] @ "5285000"
// RTL Simulation : 516 / 1099 [n/a] @ "5295000"
// RTL Simulation : 517 / 1099 [n/a] @ "5305000"
// RTL Simulation : 518 / 1099 [n/a] @ "5315000"
// RTL Simulation : 519 / 1099 [n/a] @ "5325000"
// RTL Simulation : 520 / 1099 [n/a] @ "5335000"
// RTL Simulation : 521 / 1099 [n/a] @ "5345000"
// RTL Simulation : 522 / 1099 [n/a] @ "5355000"
// RTL Simulation : 523 / 1099 [n/a] @ "5365000"
// RTL Simulation : 524 / 1099 [n/a] @ "5375000"
// RTL Simulation : 525 / 1099 [n/a] @ "5385000"
// RTL Simulation : 526 / 1099 [n/a] @ "5395000"
// RTL Simulation : 527 / 1099 [n/a] @ "5405000"
// RTL Simulation : 528 / 1099 [n/a] @ "5415000"
// RTL Simulation : 529 / 1099 [n/a] @ "5425000"
// RTL Simulation : 530 / 1099 [n/a] @ "5435000"
// RTL Simulation : 531 / 1099 [n/a] @ "5445000"
// RTL Simulation : 532 / 1099 [n/a] @ "5455000"
// RTL Simulation : 533 / 1099 [n/a] @ "5465000"
// RTL Simulation : 534 / 1099 [n/a] @ "5475000"
// RTL Simulation : 535 / 1099 [n/a] @ "5485000"
// RTL Simulation : 536 / 1099 [n/a] @ "5495000"
// RTL Simulation : 537 / 1099 [n/a] @ "5505000"
// RTL Simulation : 538 / 1099 [n/a] @ "5515000"
// RTL Simulation : 539 / 1099 [n/a] @ "5525000"
// RTL Simulation : 540 / 1099 [n/a] @ "5535000"
// RTL Simulation : 541 / 1099 [n/a] @ "5545000"
// RTL Simulation : 542 / 1099 [n/a] @ "5555000"
// RTL Simulation : 543 / 1099 [n/a] @ "5565000"
// RTL Simulation : 544 / 1099 [n/a] @ "5575000"
// RTL Simulation : 545 / 1099 [n/a] @ "5585000"
// RTL Simulation : 546 / 1099 [n/a] @ "5595000"
// RTL Simulation : 547 / 1099 [n/a] @ "5605000"
// RTL Simulation : 548 / 1099 [n/a] @ "5615000"
// RTL Simulation : 549 / 1099 [n/a] @ "5625000"
// RTL Simulation : 550 / 1099 [n/a] @ "5635000"
// RTL Simulation : 551 / 1099 [n/a] @ "5645000"
// RTL Simulation : 552 / 1099 [n/a] @ "5655000"
// RTL Simulation : 553 / 1099 [n/a] @ "5665000"
// RTL Simulation : 554 / 1099 [n/a] @ "5675000"
// RTL Simulation : 555 / 1099 [n/a] @ "5685000"
// RTL Simulation : 556 / 1099 [n/a] @ "5695000"
// RTL Simulation : 557 / 1099 [n/a] @ "5705000"
// RTL Simulation : 558 / 1099 [n/a] @ "5715000"
// RTL Simulation : 559 / 1099 [n/a] @ "5725000"
// RTL Simulation : 560 / 1099 [n/a] @ "5735000"
// RTL Simulation : 561 / 1099 [n/a] @ "5745000"
// RTL Simulation : 562 / 1099 [n/a] @ "5755000"
// RTL Simulation : 563 / 1099 [n/a] @ "5765000"
// RTL Simulation : 564 / 1099 [n/a] @ "5775000"
// RTL Simulation : 565 / 1099 [n/a] @ "5785000"
// RTL Simulation : 566 / 1099 [n/a] @ "5795000"
// RTL Simulation : 567 / 1099 [n/a] @ "5805000"
// RTL Simulation : 568 / 1099 [n/a] @ "5815000"
// RTL Simulation : 569 / 1099 [n/a] @ "5825000"
// RTL Simulation : 570 / 1099 [n/a] @ "5835000"
// RTL Simulation : 571 / 1099 [n/a] @ "5845000"
// RTL Simulation : 572 / 1099 [n/a] @ "5855000"
// RTL Simulation : 573 / 1099 [n/a] @ "5865000"
// RTL Simulation : 574 / 1099 [n/a] @ "5875000"
// RTL Simulation : 575 / 1099 [n/a] @ "5885000"
// RTL Simulation : 576 / 1099 [n/a] @ "5895000"
// RTL Simulation : 577 / 1099 [n/a] @ "5905000"
// RTL Simulation : 578 / 1099 [n/a] @ "5915000"
// RTL Simulation : 579 / 1099 [n/a] @ "5925000"
// RTL Simulation : 580 / 1099 [n/a] @ "5935000"
// RTL Simulation : 581 / 1099 [n/a] @ "5945000"
// RTL Simulation : 582 / 1099 [n/a] @ "5955000"
// RTL Simulation : 583 / 1099 [n/a] @ "5965000"
// RTL Simulation : 584 / 1099 [n/a] @ "5975000"
// RTL Simulation : 585 / 1099 [n/a] @ "5985000"
// RTL Simulation : 586 / 1099 [n/a] @ "5995000"
// RTL Simulation : 587 / 1099 [n/a] @ "6005000"
// RTL Simulation : 588 / 1099 [n/a] @ "6015000"
// RTL Simulation : 589 / 1099 [n/a] @ "6025000"
// RTL Simulation : 590 / 1099 [n/a] @ "6035000"
// RTL Simulation : 591 / 1099 [n/a] @ "6045000"
// RTL Simulation : 592 / 1099 [n/a] @ "6055000"
// RTL Simulation : 593 / 1099 [n/a] @ "6065000"
// RTL Simulation : 594 / 1099 [n/a] @ "6075000"
// RTL Simulation : 595 / 1099 [n/a] @ "6085000"
// RTL Simulation : 596 / 1099 [n/a] @ "6095000"
// RTL Simulation : 597 / 1099 [n/a] @ "6105000"
// RTL Simulation : 598 / 1099 [n/a] @ "6115000"
// RTL Simulation : 599 / 1099 [n/a] @ "6125000"
// RTL Simulation : 600 / 1099 [n/a] @ "6135000"
// RTL Simulation : 601 / 1099 [n/a] @ "6145000"
// RTL Simulation : 602 / 1099 [n/a] @ "6155000"
// RTL Simulation : 603 / 1099 [n/a] @ "6165000"
// RTL Simulation : 604 / 1099 [n/a] @ "6175000"
// RTL Simulation : 605 / 1099 [n/a] @ "6185000"
// RTL Simulation : 606 / 1099 [n/a] @ "6195000"
// RTL Simulation : 607 / 1099 [n/a] @ "6205000"
// RTL Simulation : 608 / 1099 [n/a] @ "6215000"
// RTL Simulation : 609 / 1099 [n/a] @ "6225000"
// RTL Simulation : 610 / 1099 [n/a] @ "6235000"
// RTL Simulation : 611 / 1099 [n/a] @ "6245000"
// RTL Simulation : 612 / 1099 [n/a] @ "6255000"
// RTL Simulation : 613 / 1099 [n/a] @ "6265000"
// RTL Simulation : 614 / 1099 [n/a] @ "6275000"
// RTL Simulation : 615 / 1099 [n/a] @ "6285000"
// RTL Simulation : 616 / 1099 [n/a] @ "6295000"
// RTL Simulation : 617 / 1099 [n/a] @ "6305000"
// RTL Simulation : 618 / 1099 [n/a] @ "6315000"
// RTL Simulation : 619 / 1099 [n/a] @ "6325000"
// RTL Simulation : 620 / 1099 [n/a] @ "6335000"
// RTL Simulation : 621 / 1099 [n/a] @ "6345000"
// RTL Simulation : 622 / 1099 [n/a] @ "6355000"
// RTL Simulation : 623 / 1099 [n/a] @ "6365000"
// RTL Simulation : 624 / 1099 [n/a] @ "6375000"
// RTL Simulation : 625 / 1099 [n/a] @ "6385000"
// RTL Simulation : 626 / 1099 [n/a] @ "6395000"
// RTL Simulation : 627 / 1099 [n/a] @ "6405000"
// RTL Simulation : 628 / 1099 [n/a] @ "6415000"
// RTL Simulation : 629 / 1099 [n/a] @ "6425000"
// RTL Simulation : 630 / 1099 [n/a] @ "6435000"
// RTL Simulation : 631 / 1099 [n/a] @ "6445000"
// RTL Simulation : 632 / 1099 [n/a] @ "6455000"
// RTL Simulation : 633 / 1099 [n/a] @ "6465000"
// RTL Simulation : 634 / 1099 [n/a] @ "6475000"
// RTL Simulation : 635 / 1099 [n/a] @ "6485000"
// RTL Simulation : 636 / 1099 [n/a] @ "6495000"
// RTL Simulation : 637 / 1099 [n/a] @ "6505000"
// RTL Simulation : 638 / 1099 [n/a] @ "6515000"
// RTL Simulation : 639 / 1099 [n/a] @ "6525000"
// RTL Simulation : 640 / 1099 [n/a] @ "6535000"
// RTL Simulation : 641 / 1099 [n/a] @ "6545000"
// RTL Simulation : 642 / 1099 [n/a] @ "6555000"
// RTL Simulation : 643 / 1099 [n/a] @ "6565000"
// RTL Simulation : 644 / 1099 [n/a] @ "6575000"
// RTL Simulation : 645 / 1099 [n/a] @ "6585000"
// RTL Simulation : 646 / 1099 [n/a] @ "6595000"
// RTL Simulation : 647 / 1099 [n/a] @ "6605000"
// RTL Simulation : 648 / 1099 [n/a] @ "6615000"
// RTL Simulation : 649 / 1099 [n/a] @ "6625000"
// RTL Simulation : 650 / 1099 [n/a] @ "6635000"
// RTL Simulation : 651 / 1099 [n/a] @ "6645000"
// RTL Simulation : 652 / 1099 [n/a] @ "6655000"
// RTL Simulation : 653 / 1099 [n/a] @ "6665000"
// RTL Simulation : 654 / 1099 [n/a] @ "6675000"
// RTL Simulation : 655 / 1099 [n/a] @ "6685000"
// RTL Simulation : 656 / 1099 [n/a] @ "6695000"
// RTL Simulation : 657 / 1099 [n/a] @ "6705000"
// RTL Simulation : 658 / 1099 [n/a] @ "6715000"
// RTL Simulation : 659 / 1099 [n/a] @ "6725000"
// RTL Simulation : 660 / 1099 [n/a] @ "6735000"
// RTL Simulation : 661 / 1099 [n/a] @ "6745000"
// RTL Simulation : 662 / 1099 [n/a] @ "6755000"
// RTL Simulation : 663 / 1099 [n/a] @ "6765000"
// RTL Simulation : 664 / 1099 [n/a] @ "6775000"
// RTL Simulation : 665 / 1099 [n/a] @ "6785000"
// RTL Simulation : 666 / 1099 [n/a] @ "6795000"
// RTL Simulation : 667 / 1099 [n/a] @ "6805000"
// RTL Simulation : 668 / 1099 [n/a] @ "6815000"
// RTL Simulation : 669 / 1099 [n/a] @ "6825000"
// RTL Simulation : 670 / 1099 [n/a] @ "6835000"
// RTL Simulation : 671 / 1099 [n/a] @ "6845000"
// RTL Simulation : 672 / 1099 [n/a] @ "6855000"
// RTL Simulation : 673 / 1099 [n/a] @ "6865000"
// RTL Simulation : 674 / 1099 [n/a] @ "6875000"
// RTL Simulation : 675 / 1099 [n/a] @ "6885000"
// RTL Simulation : 676 / 1099 [n/a] @ "6895000"
// RTL Simulation : 677 / 1099 [n/a] @ "6905000"
// RTL Simulation : 678 / 1099 [n/a] @ "6915000"
// RTL Simulation : 679 / 1099 [n/a] @ "6925000"
// RTL Simulation : 680 / 1099 [n/a] @ "6935000"
// RTL Simulation : 681 / 1099 [n/a] @ "6945000"
// RTL Simulation : 682 / 1099 [n/a] @ "6955000"
// RTL Simulation : 683 / 1099 [n/a] @ "6965000"
// RTL Simulation : 684 / 1099 [n/a] @ "6975000"
// RTL Simulation : 685 / 1099 [n/a] @ "6985000"
// RTL Simulation : 686 / 1099 [n/a] @ "6995000"
// RTL Simulation : 687 / 1099 [n/a] @ "7005000"
// RTL Simulation : 688 / 1099 [n/a] @ "7015000"
// RTL Simulation : 689 / 1099 [n/a] @ "7025000"
// RTL Simulation : 690 / 1099 [n/a] @ "7035000"
// RTL Simulation : 691 / 1099 [n/a] @ "7045000"
// RTL Simulation : 692 / 1099 [n/a] @ "7055000"
// RTL Simulation : 693 / 1099 [n/a] @ "7065000"
// RTL Simulation : 694 / 1099 [n/a] @ "7075000"
// RTL Simulation : 695 / 1099 [n/a] @ "7085000"
// RTL Simulation : 696 / 1099 [n/a] @ "7095000"
// RTL Simulation : 697 / 1099 [n/a] @ "7105000"
// RTL Simulation : 698 / 1099 [n/a] @ "7115000"
// RTL Simulation : 699 / 1099 [n/a] @ "7125000"
// RTL Simulation : 700 / 1099 [n/a] @ "7135000"
// RTL Simulation : 701 / 1099 [n/a] @ "7145000"
// RTL Simulation : 702 / 1099 [n/a] @ "7155000"
// RTL Simulation : 703 / 1099 [n/a] @ "7165000"
// RTL Simulation : 704 / 1099 [n/a] @ "7175000"
// RTL Simulation : 705 / 1099 [n/a] @ "7185000"
// RTL Simulation : 706 / 1099 [n/a] @ "7195000"
// RTL Simulation : 707 / 1099 [n/a] @ "7205000"
// RTL Simulation : 708 / 1099 [n/a] @ "7215000"
// RTL Simulation : 709 / 1099 [n/a] @ "7225000"
// RTL Simulation : 710 / 1099 [n/a] @ "7235000"
// RTL Simulation : 711 / 1099 [n/a] @ "7245000"
// RTL Simulation : 712 / 1099 [n/a] @ "7255000"
// RTL Simulation : 713 / 1099 [n/a] @ "7265000"
// RTL Simulation : 714 / 1099 [n/a] @ "7275000"
// RTL Simulation : 715 / 1099 [n/a] @ "7285000"
// RTL Simulation : 716 / 1099 [n/a] @ "7295000"
// RTL Simulation : 717 / 1099 [n/a] @ "7305000"
// RTL Simulation : 718 / 1099 [n/a] @ "7315000"
// RTL Simulation : 719 / 1099 [n/a] @ "7325000"
// RTL Simulation : 720 / 1099 [n/a] @ "7335000"
// RTL Simulation : 721 / 1099 [n/a] @ "7345000"
// RTL Simulation : 722 / 1099 [n/a] @ "7355000"
// RTL Simulation : 723 / 1099 [n/a] @ "7365000"
// RTL Simulation : 724 / 1099 [n/a] @ "7375000"
// RTL Simulation : 725 / 1099 [n/a] @ "7385000"
// RTL Simulation : 726 / 1099 [n/a] @ "7395000"
// RTL Simulation : 727 / 1099 [n/a] @ "7405000"
// RTL Simulation : 728 / 1099 [n/a] @ "7415000"
// RTL Simulation : 729 / 1099 [n/a] @ "7425000"
// RTL Simulation : 730 / 1099 [n/a] @ "7435000"
// RTL Simulation : 731 / 1099 [n/a] @ "7445000"
// RTL Simulation : 732 / 1099 [n/a] @ "7455000"
// RTL Simulation : 733 / 1099 [n/a] @ "7465000"
// RTL Simulation : 734 / 1099 [n/a] @ "7475000"
// RTL Simulation : 735 / 1099 [n/a] @ "7485000"
// RTL Simulation : 736 / 1099 [n/a] @ "7495000"
// RTL Simulation : 737 / 1099 [n/a] @ "7505000"
// RTL Simulation : 738 / 1099 [n/a] @ "7515000"
// RTL Simulation : 739 / 1099 [n/a] @ "7525000"
// RTL Simulation : 740 / 1099 [n/a] @ "7535000"
// RTL Simulation : 741 / 1099 [n/a] @ "7545000"
// RTL Simulation : 742 / 1099 [n/a] @ "7555000"
// RTL Simulation : 743 / 1099 [n/a] @ "7565000"
// RTL Simulation : 744 / 1099 [n/a] @ "7575000"
// RTL Simulation : 745 / 1099 [n/a] @ "7585000"
// RTL Simulation : 746 / 1099 [n/a] @ "7595000"
// RTL Simulation : 747 / 1099 [n/a] @ "7605000"
// RTL Simulation : 748 / 1099 [n/a] @ "7615000"
// RTL Simulation : 749 / 1099 [n/a] @ "7625000"
// RTL Simulation : 750 / 1099 [n/a] @ "7635000"
// RTL Simulation : 751 / 1099 [n/a] @ "7645000"
// RTL Simulation : 752 / 1099 [n/a] @ "7655000"
// RTL Simulation : 753 / 1099 [n/a] @ "7665000"
// RTL Simulation : 754 / 1099 [n/a] @ "7675000"
// RTL Simulation : 755 / 1099 [n/a] @ "7685000"
// RTL Simulation : 756 / 1099 [n/a] @ "7695000"
// RTL Simulation : 757 / 1099 [n/a] @ "7705000"
// RTL Simulation : 758 / 1099 [n/a] @ "7715000"
// RTL Simulation : 759 / 1099 [n/a] @ "7725000"
// RTL Simulation : 760 / 1099 [n/a] @ "7735000"
// RTL Simulation : 761 / 1099 [n/a] @ "7745000"
// RTL Simulation : 762 / 1099 [n/a] @ "7755000"
// RTL Simulation : 763 / 1099 [n/a] @ "7765000"
// RTL Simulation : 764 / 1099 [n/a] @ "7775000"
// RTL Simulation : 765 / 1099 [n/a] @ "7785000"
// RTL Simulation : 766 / 1099 [n/a] @ "7795000"
// RTL Simulation : 767 / 1099 [n/a] @ "7805000"
// RTL Simulation : 768 / 1099 [n/a] @ "7815000"
// RTL Simulation : 769 / 1099 [n/a] @ "7825000"
// RTL Simulation : 770 / 1099 [n/a] @ "7835000"
// RTL Simulation : 771 / 1099 [n/a] @ "7845000"
// RTL Simulation : 772 / 1099 [n/a] @ "7855000"
// RTL Simulation : 773 / 1099 [n/a] @ "7865000"
// RTL Simulation : 774 / 1099 [n/a] @ "7875000"
// RTL Simulation : 775 / 1099 [n/a] @ "7885000"
// RTL Simulation : 776 / 1099 [n/a] @ "7895000"
// RTL Simulation : 777 / 1099 [n/a] @ "7905000"
// RTL Simulation : 778 / 1099 [n/a] @ "7915000"
// RTL Simulation : 779 / 1099 [n/a] @ "7925000"
// RTL Simulation : 780 / 1099 [n/a] @ "7935000"
// RTL Simulation : 781 / 1099 [n/a] @ "7945000"
// RTL Simulation : 782 / 1099 [n/a] @ "7955000"
// RTL Simulation : 783 / 1099 [n/a] @ "7965000"
// RTL Simulation : 784 / 1099 [n/a] @ "7975000"
// RTL Simulation : 785 / 1099 [n/a] @ "7985000"
// RTL Simulation : 786 / 1099 [n/a] @ "7995000"
// RTL Simulation : 787 / 1099 [n/a] @ "8005000"
// RTL Simulation : 788 / 1099 [n/a] @ "8015000"
// RTL Simulation : 789 / 1099 [n/a] @ "8025000"
// RTL Simulation : 790 / 1099 [n/a] @ "8035000"
// RTL Simulation : 791 / 1099 [n/a] @ "8045000"
// RTL Simulation : 792 / 1099 [n/a] @ "8055000"
// RTL Simulation : 793 / 1099 [n/a] @ "8065000"
// RTL Simulation : 794 / 1099 [n/a] @ "8075000"
// RTL Simulation : 795 / 1099 [n/a] @ "8085000"
// RTL Simulation : 796 / 1099 [n/a] @ "8095000"
// RTL Simulation : 797 / 1099 [n/a] @ "8105000"
// RTL Simulation : 798 / 1099 [n/a] @ "8115000"
// RTL Simulation : 799 / 1099 [n/a] @ "8125000"
// RTL Simulation : 800 / 1099 [n/a] @ "8135000"
// RTL Simulation : 801 / 1099 [n/a] @ "8145000"
// RTL Simulation : 802 / 1099 [n/a] @ "8155000"
// RTL Simulation : 803 / 1099 [n/a] @ "8165000"
// RTL Simulation : 804 / 1099 [n/a] @ "8175000"
// RTL Simulation : 805 / 1099 [n/a] @ "8185000"
// RTL Simulation : 806 / 1099 [n/a] @ "8195000"
// RTL Simulation : 807 / 1099 [n/a] @ "8205000"
// RTL Simulation : 808 / 1099 [n/a] @ "8215000"
// RTL Simulation : 809 / 1099 [n/a] @ "8225000"
// RTL Simulation : 810 / 1099 [n/a] @ "8235000"
// RTL Simulation : 811 / 1099 [n/a] @ "8245000"
// RTL Simulation : 812 / 1099 [n/a] @ "8255000"
// RTL Simulation : 813 / 1099 [n/a] @ "8265000"
// RTL Simulation : 814 / 1099 [n/a] @ "8275000"
// RTL Simulation : 815 / 1099 [n/a] @ "8285000"
// RTL Simulation : 816 / 1099 [n/a] @ "8295000"
// RTL Simulation : 817 / 1099 [n/a] @ "8305000"
// RTL Simulation : 818 / 1099 [n/a] @ "8315000"
// RTL Simulation : 819 / 1099 [n/a] @ "8325000"
// RTL Simulation : 820 / 1099 [n/a] @ "8335000"
// RTL Simulation : 821 / 1099 [n/a] @ "8345000"
// RTL Simulation : 822 / 1099 [n/a] @ "8355000"
// RTL Simulation : 823 / 1099 [n/a] @ "8365000"
// RTL Simulation : 824 / 1099 [n/a] @ "8375000"
// RTL Simulation : 825 / 1099 [n/a] @ "8385000"
// RTL Simulation : 826 / 1099 [n/a] @ "8395000"
// RTL Simulation : 827 / 1099 [n/a] @ "8405000"
// RTL Simulation : 828 / 1099 [n/a] @ "8415000"
// RTL Simulation : 829 / 1099 [n/a] @ "8425000"
// RTL Simulation : 830 / 1099 [n/a] @ "8435000"
// RTL Simulation : 831 / 1099 [n/a] @ "8445000"
// RTL Simulation : 832 / 1099 [n/a] @ "8455000"
// RTL Simulation : 833 / 1099 [n/a] @ "8465000"
// RTL Simulation : 834 / 1099 [n/a] @ "8475000"
// RTL Simulation : 835 / 1099 [n/a] @ "8485000"
// RTL Simulation : 836 / 1099 [n/a] @ "8495000"
// RTL Simulation : 837 / 1099 [n/a] @ "8505000"
// RTL Simulation : 838 / 1099 [n/a] @ "8515000"
// RTL Simulation : 839 / 1099 [n/a] @ "8525000"
// RTL Simulation : 840 / 1099 [n/a] @ "8535000"
// RTL Simulation : 841 / 1099 [n/a] @ "8545000"
// RTL Simulation : 842 / 1099 [n/a] @ "8555000"
// RTL Simulation : 843 / 1099 [n/a] @ "8565000"
// RTL Simulation : 844 / 1099 [n/a] @ "8575000"
// RTL Simulation : 845 / 1099 [n/a] @ "8585000"
// RTL Simulation : 846 / 1099 [n/a] @ "8595000"
// RTL Simulation : 847 / 1099 [n/a] @ "8605000"
// RTL Simulation : 848 / 1099 [n/a] @ "8615000"
// RTL Simulation : 849 / 1099 [n/a] @ "8625000"
// RTL Simulation : 850 / 1099 [n/a] @ "8635000"
// RTL Simulation : 851 / 1099 [n/a] @ "8645000"
// RTL Simulation : 852 / 1099 [n/a] @ "8655000"
// RTL Simulation : 853 / 1099 [n/a] @ "8665000"
// RTL Simulation : 854 / 1099 [n/a] @ "8675000"
// RTL Simulation : 855 / 1099 [n/a] @ "8685000"
// RTL Simulation : 856 / 1099 [n/a] @ "8695000"
// RTL Simulation : 857 / 1099 [n/a] @ "8705000"
// RTL Simulation : 858 / 1099 [n/a] @ "8715000"
// RTL Simulation : 859 / 1099 [n/a] @ "8725000"
// RTL Simulation : 860 / 1099 [n/a] @ "8735000"
// RTL Simulation : 861 / 1099 [n/a] @ "8745000"
// RTL Simulation : 862 / 1099 [n/a] @ "8755000"
// RTL Simulation : 863 / 1099 [n/a] @ "8765000"
// RTL Simulation : 864 / 1099 [n/a] @ "8775000"
// RTL Simulation : 865 / 1099 [n/a] @ "8785000"
// RTL Simulation : 866 / 1099 [n/a] @ "8795000"
// RTL Simulation : 867 / 1099 [n/a] @ "8805000"
// RTL Simulation : 868 / 1099 [n/a] @ "8815000"
// RTL Simulation : 869 / 1099 [n/a] @ "8825000"
// RTL Simulation : 870 / 1099 [n/a] @ "8835000"
// RTL Simulation : 871 / 1099 [n/a] @ "8845000"
// RTL Simulation : 872 / 1099 [n/a] @ "8855000"
// RTL Simulation : 873 / 1099 [n/a] @ "8865000"
// RTL Simulation : 874 / 1099 [n/a] @ "8875000"
// RTL Simulation : 875 / 1099 [n/a] @ "8885000"
// RTL Simulation : 876 / 1099 [n/a] @ "8895000"
// RTL Simulation : 877 / 1099 [n/a] @ "8905000"
// RTL Simulation : 878 / 1099 [n/a] @ "8915000"
// RTL Simulation : 879 / 1099 [n/a] @ "8925000"
// RTL Simulation : 880 / 1099 [n/a] @ "8935000"
// RTL Simulation : 881 / 1099 [n/a] @ "8945000"
// RTL Simulation : 882 / 1099 [n/a] @ "8955000"
// RTL Simulation : 883 / 1099 [n/a] @ "8965000"
// RTL Simulation : 884 / 1099 [n/a] @ "8975000"
// RTL Simulation : 885 / 1099 [n/a] @ "8985000"
// RTL Simulation : 886 / 1099 [n/a] @ "8995000"
// RTL Simulation : 887 / 1099 [n/a] @ "9005000"
// RTL Simulation : 888 / 1099 [n/a] @ "9015000"
// RTL Simulation : 889 / 1099 [n/a] @ "9025000"
// RTL Simulation : 890 / 1099 [n/a] @ "9035000"
// RTL Simulation : 891 / 1099 [n/a] @ "9045000"
// RTL Simulation : 892 / 1099 [n/a] @ "9055000"
// RTL Simulation : 893 / 1099 [n/a] @ "9065000"
// RTL Simulation : 894 / 1099 [n/a] @ "9075000"
// RTL Simulation : 895 / 1099 [n/a] @ "9085000"
// RTL Simulation : 896 / 1099 [n/a] @ "9095000"
// RTL Simulation : 897 / 1099 [n/a] @ "9105000"
// RTL Simulation : 898 / 1099 [n/a] @ "9115000"
// RTL Simulation : 899 / 1099 [n/a] @ "9125000"
// RTL Simulation : 900 / 1099 [n/a] @ "9135000"
// RTL Simulation : 901 / 1099 [n/a] @ "9145000"
// RTL Simulation : 902 / 1099 [n/a] @ "9155000"
// RTL Simulation : 903 / 1099 [n/a] @ "9165000"
// RTL Simulation : 904 / 1099 [n/a] @ "9175000"
// RTL Simulation : 905 / 1099 [n/a] @ "9185000"
// RTL Simulation : 906 / 1099 [n/a] @ "9195000"
// RTL Simulation : 907 / 1099 [n/a] @ "9205000"
// RTL Simulation : 908 / 1099 [n/a] @ "9215000"
// RTL Simulation : 909 / 1099 [n/a] @ "9225000"
// RTL Simulation : 910 / 1099 [n/a] @ "9235000"
// RTL Simulation : 911 / 1099 [n/a] @ "9245000"
// RTL Simulation : 912 / 1099 [n/a] @ "9255000"
// RTL Simulation : 913 / 1099 [n/a] @ "9265000"
// RTL Simulation : 914 / 1099 [n/a] @ "9275000"
// RTL Simulation : 915 / 1099 [n/a] @ "9285000"
// RTL Simulation : 916 / 1099 [n/a] @ "9295000"
// RTL Simulation : 917 / 1099 [n/a] @ "9305000"
// RTL Simulation : 918 / 1099 [n/a] @ "9315000"
// RTL Simulation : 919 / 1099 [n/a] @ "9325000"
// RTL Simulation : 920 / 1099 [n/a] @ "9335000"
// RTL Simulation : 921 / 1099 [n/a] @ "9345000"
// RTL Simulation : 922 / 1099 [n/a] @ "9355000"
// RTL Simulation : 923 / 1099 [n/a] @ "9365000"
// RTL Simulation : 924 / 1099 [n/a] @ "9375000"
// RTL Simulation : 925 / 1099 [n/a] @ "9385000"
// RTL Simulation : 926 / 1099 [n/a] @ "9395000"
// RTL Simulation : 927 / 1099 [n/a] @ "9405000"
// RTL Simulation : 928 / 1099 [n/a] @ "9415000"
// RTL Simulation : 929 / 1099 [n/a] @ "9425000"
// RTL Simulation : 930 / 1099 [n/a] @ "9435000"
// RTL Simulation : 931 / 1099 [n/a] @ "9445000"
// RTL Simulation : 932 / 1099 [n/a] @ "9455000"
// RTL Simulation : 933 / 1099 [n/a] @ "9465000"
// RTL Simulation : 934 / 1099 [n/a] @ "9475000"
// RTL Simulation : 935 / 1099 [n/a] @ "9485000"
// RTL Simulation : 936 / 1099 [n/a] @ "9495000"
// RTL Simulation : 937 / 1099 [n/a] @ "9505000"
// RTL Simulation : 938 / 1099 [n/a] @ "9515000"
// RTL Simulation : 939 / 1099 [n/a] @ "9525000"
// RTL Simulation : 940 / 1099 [n/a] @ "9535000"
// RTL Simulation : 941 / 1099 [n/a] @ "9545000"
// RTL Simulation : 942 / 1099 [n/a] @ "9555000"
// RTL Simulation : 943 / 1099 [n/a] @ "9565000"
// RTL Simulation : 944 / 1099 [n/a] @ "9575000"
// RTL Simulation : 945 / 1099 [n/a] @ "9585000"
// RTL Simulation : 946 / 1099 [n/a] @ "9595000"
// RTL Simulation : 947 / 1099 [n/a] @ "9605000"
// RTL Simulation : 948 / 1099 [n/a] @ "9615000"
// RTL Simulation : 949 / 1099 [n/a] @ "9625000"
// RTL Simulation : 950 / 1099 [n/a] @ "9635000"
// RTL Simulation : 951 / 1099 [n/a] @ "9645000"
// RTL Simulation : 952 / 1099 [n/a] @ "9655000"
// RTL Simulation : 953 / 1099 [n/a] @ "9665000"
// RTL Simulation : 954 / 1099 [n/a] @ "9675000"
// RTL Simulation : 955 / 1099 [n/a] @ "9685000"
// RTL Simulation : 956 / 1099 [n/a] @ "9695000"
// RTL Simulation : 957 / 1099 [n/a] @ "9705000"
// RTL Simulation : 958 / 1099 [n/a] @ "9715000"
// RTL Simulation : 959 / 1099 [n/a] @ "9725000"
// RTL Simulation : 960 / 1099 [n/a] @ "9735000"
// RTL Simulation : 961 / 1099 [n/a] @ "9745000"
// RTL Simulation : 962 / 1099 [n/a] @ "9755000"
// RTL Simulation : 963 / 1099 [n/a] @ "9765000"
// RTL Simulation : 964 / 1099 [n/a] @ "9775000"
// RTL Simulation : 965 / 1099 [n/a] @ "9785000"
// RTL Simulation : 966 / 1099 [n/a] @ "9795000"
// RTL Simulation : 967 / 1099 [n/a] @ "9805000"
// RTL Simulation : 968 / 1099 [n/a] @ "9815000"
// RTL Simulation : 969 / 1099 [n/a] @ "9825000"
// RTL Simulation : 970 / 1099 [n/a] @ "9835000"
// RTL Simulation : 971 / 1099 [n/a] @ "9845000"
// RTL Simulation : 972 / 1099 [n/a] @ "9855000"
// RTL Simulation : 973 / 1099 [n/a] @ "9865000"
// RTL Simulation : 974 / 1099 [n/a] @ "9875000"
// RTL Simulation : 975 / 1099 [n/a] @ "9885000"
// RTL Simulation : 976 / 1099 [n/a] @ "9895000"
// RTL Simulation : 977 / 1099 [n/a] @ "9905000"
// RTL Simulation : 978 / 1099 [n/a] @ "9915000"
// RTL Simulation : 979 / 1099 [n/a] @ "9925000"
// RTL Simulation : 980 / 1099 [n/a] @ "9935000"
// RTL Simulation : 981 / 1099 [n/a] @ "9945000"
// RTL Simulation : 982 / 1099 [n/a] @ "9955000"
// RTL Simulation : 983 / 1099 [n/a] @ "9965000"
// RTL Simulation : 984 / 1099 [n/a] @ "9975000"
// RTL Simulation : 985 / 1099 [n/a] @ "9985000"
// RTL Simulation : 986 / 1099 [n/a] @ "9995000"
// RTL Simulation : 987 / 1099 [n/a] @ "10005000"
// RTL Simulation : 988 / 1099 [n/a] @ "10015000"
// RTL Simulation : 989 / 1099 [n/a] @ "10025000"
// RTL Simulation : 990 / 1099 [n/a] @ "10035000"
// RTL Simulation : 991 / 1099 [n/a] @ "10045000"
// RTL Simulation : 992 / 1099 [n/a] @ "10055000"
// RTL Simulation : 993 / 1099 [n/a] @ "10065000"
// RTL Simulation : 994 / 1099 [n/a] @ "10075000"
// RTL Simulation : 995 / 1099 [n/a] @ "10085000"
// RTL Simulation : 996 / 1099 [n/a] @ "10095000"
// RTL Simulation : 997 / 1099 [n/a] @ "10105000"
// RTL Simulation : 998 / 1099 [n/a] @ "10115000"
// RTL Simulation : 999 / 1099 [n/a] @ "10125000"
// RTL Simulation : 1000 / 1099 [n/a] @ "10135000"
// RTL Simulation : 1001 / 1099 [n/a] @ "10145000"
// RTL Simulation : 1002 / 1099 [n/a] @ "10155000"
// RTL Simulation : 1003 / 1099 [n/a] @ "10165000"
// RTL Simulation : 1004 / 1099 [n/a] @ "10175000"
// RTL Simulation : 1005 / 1099 [n/a] @ "10185000"
// RTL Simulation : 1006 / 1099 [n/a] @ "10195000"
// RTL Simulation : 1007 / 1099 [n/a] @ "10205000"
// RTL Simulation : 1008 / 1099 [n/a] @ "10215000"
// RTL Simulation : 1009 / 1099 [n/a] @ "10225000"
// RTL Simulation : 1010 / 1099 [n/a] @ "10235000"
// RTL Simulation : 1011 / 1099 [n/a] @ "10245000"
// RTL Simulation : 1012 / 1099 [n/a] @ "10255000"
// RTL Simulation : 1013 / 1099 [n/a] @ "10265000"
// RTL Simulation : 1014 / 1099 [n/a] @ "10275000"
// RTL Simulation : 1015 / 1099 [n/a] @ "10285000"
// RTL Simulation : 1016 / 1099 [n/a] @ "10295000"
// RTL Simulation : 1017 / 1099 [n/a] @ "10305000"
// RTL Simulation : 1018 / 1099 [n/a] @ "10315000"
// RTL Simulation : 1019 / 1099 [n/a] @ "10325000"
// RTL Simulation : 1020 / 1099 [n/a] @ "10335000"
// RTL Simulation : 1021 / 1099 [n/a] @ "10345000"
// RTL Simulation : 1022 / 1099 [n/a] @ "10355000"
// RTL Simulation : 1023 / 1099 [n/a] @ "10365000"
// RTL Simulation : 1024 / 1099 [n/a] @ "10375000"
// RTL Simulation : 1025 / 1099 [n/a] @ "10385000"
// RTL Simulation : 1026 / 1099 [n/a] @ "10395000"
// RTL Simulation : 1027 / 1099 [n/a] @ "10405000"
// RTL Simulation : 1028 / 1099 [n/a] @ "10415000"
// RTL Simulation : 1029 / 1099 [n/a] @ "10425000"
// RTL Simulation : 1030 / 1099 [n/a] @ "10435000"
// RTL Simulation : 1031 / 1099 [n/a] @ "10445000"
// RTL Simulation : 1032 / 1099 [n/a] @ "10455000"
// RTL Simulation : 1033 / 1099 [n/a] @ "10465000"
// RTL Simulation : 1034 / 1099 [n/a] @ "10475000"
// RTL Simulation : 1035 / 1099 [n/a] @ "10485000"
// RTL Simulation : 1036 / 1099 [n/a] @ "10495000"
// RTL Simulation : 1037 / 1099 [n/a] @ "10505000"
// RTL Simulation : 1038 / 1099 [n/a] @ "10515000"
// RTL Simulation : 1039 / 1099 [n/a] @ "10525000"
// RTL Simulation : 1040 / 1099 [n/a] @ "10535000"
// RTL Simulation : 1041 / 1099 [n/a] @ "10545000"
// RTL Simulation : 1042 / 1099 [n/a] @ "10555000"
// RTL Simulation : 1043 / 1099 [n/a] @ "10565000"
// RTL Simulation : 1044 / 1099 [n/a] @ "10575000"
// RTL Simulation : 1045 / 1099 [n/a] @ "10585000"
// RTL Simulation : 1046 / 1099 [n/a] @ "10595000"
// RTL Simulation : 1047 / 1099 [n/a] @ "10605000"
// RTL Simulation : 1048 / 1099 [n/a] @ "10615000"
// RTL Simulation : 1049 / 1099 [n/a] @ "10625000"
// RTL Simulation : 1050 / 1099 [n/a] @ "10635000"
// RTL Simulation : 1051 / 1099 [n/a] @ "10645000"
// RTL Simulation : 1052 / 1099 [n/a] @ "10655000"
// RTL Simulation : 1053 / 1099 [n/a] @ "10665000"
// RTL Simulation : 1054 / 1099 [n/a] @ "10675000"
// RTL Simulation : 1055 / 1099 [n/a] @ "10685000"
// RTL Simulation : 1056 / 1099 [n/a] @ "10695000"
// RTL Simulation : 1057 / 1099 [n/a] @ "10705000"
// RTL Simulation : 1058 / 1099 [n/a] @ "10715000"
// RTL Simulation : 1059 / 1099 [n/a] @ "10725000"
// RTL Simulation : 1060 / 1099 [n/a] @ "10735000"
// RTL Simulation : 1061 / 1099 [n/a] @ "10745000"
// RTL Simulation : 1062 / 1099 [n/a] @ "10755000"
// RTL Simulation : 1063 / 1099 [n/a] @ "10765000"
// RTL Simulation : 1064 / 1099 [n/a] @ "10775000"
// RTL Simulation : 1065 / 1099 [n/a] @ "10785000"
// RTL Simulation : 1066 / 1099 [n/a] @ "10795000"
// RTL Simulation : 1067 / 1099 [n/a] @ "10805000"
// RTL Simulation : 1068 / 1099 [n/a] @ "10815000"
// RTL Simulation : 1069 / 1099 [n/a] @ "10825000"
// RTL Simulation : 1070 / 1099 [n/a] @ "10835000"
// RTL Simulation : 1071 / 1099 [n/a] @ "10845000"
// RTL Simulation : 1072 / 1099 [n/a] @ "10855000"
// RTL Simulation : 1073 / 1099 [n/a] @ "10865000"
// RTL Simulation : 1074 / 1099 [n/a] @ "10875000"
// RTL Simulation : 1075 / 1099 [n/a] @ "10885000"
// RTL Simulation : 1076 / 1099 [n/a] @ "10895000"
// RTL Simulation : 1077 / 1099 [n/a] @ "10905000"
// RTL Simulation : 1078 / 1099 [n/a] @ "10915000"
// RTL Simulation : 1079 / 1099 [n/a] @ "10925000"
// RTL Simulation : 1080 / 1099 [n/a] @ "10935000"
// RTL Simulation : 1081 / 1099 [n/a] @ "10945000"
// RTL Simulation : 1082 / 1099 [n/a] @ "10955000"
// RTL Simulation : 1083 / 1099 [n/a] @ "10965000"
// RTL Simulation : 1084 / 1099 [n/a] @ "10975000"
// RTL Simulation : 1085 / 1099 [n/a] @ "10985000"
// RTL Simulation : 1086 / 1099 [n/a] @ "10995000"
// RTL Simulation : 1087 / 1099 [n/a] @ "11005000"
// RTL Simulation : 1088 / 1099 [n/a] @ "11015000"
// RTL Simulation : 1089 / 1099 [n/a] @ "11025000"
// RTL Simulation : 1090 / 1099 [n/a] @ "11035000"
// RTL Simulation : 1091 / 1099 [n/a] @ "11045000"
// RTL Simulation : 1092 / 1099 [n/a] @ "11055000"
// RTL Simulation : 1093 / 1099 [n/a] @ "11065000"
// RTL Simulation : 1094 / 1099 [n/a] @ "11075000"
// RTL Simulation : 1095 / 1099 [n/a] @ "11085000"
// RTL Simulation : 1096 / 1099 [n/a] @ "11095000"
// RTL Simulation : 1097 / 1099 [n/a] @ "11105000"
// RTL Simulation : 1098 / 1099 [n/a] @ "11115000"
// RTL Simulation : 1099 / 1099 [n/a] @ "11125000"
////////////////////////////////////////////////////////////////////////////////////
$finish called at time : 11175 ns : File "C:/Users/TAlars/Documents/vivado_projects_tests/fpgaTOspace/HLS/wb_s_uart_fd/wb_s_uart_fd/solution1/sim/verilog/top.autotb.v" Line 652
## quit
INFO: [Common 17-206] Exiting xsim at Fri Oct 11 10:48:57 2024...
--------------
Start the write test
--------------
Load the Write signals
 adr = 0xfc we = 1 cyc = 1 stb = 1 wb_in = 0x5a rx = 1 tx = 1 ack = 0 uart_out = 0x0
 tx = 0
 tx = 0
 tx = 1
 tx = 0
 tx = 1
 tx = 1
 tx = 0
 tx = 1
 tx = 0
 tx = 1
 adr = 0xfc we = 1 cyc = 1 stb = 1 wb_in = 0x5a rx = 1 tx = 1 ack = 1 uart_out = 0x0
--------------
 adr = 0xfc we = 0 cyc = 0 stb = 0 wb_in = 0x5a rx = 1 tx = 1 ack = 0 uart_out = 0x0
--------------
TX_REG = 0x2b4
--------------
--------------
END Write
--------------
 adr = 0xfc we = 0 cyc = 0 stb = 0 wb_in = 0x5a rx = 1 tx = 1 ack = 0 uart_out = 0x0
--------------
Start the read test
--------------
Load the read signals
 adr = 0xfc we = 0 cyc = 1 stb = 1 wb_in = 0x5a rx = 1 tx = 1 ack = 0 uart_out = 0x0
--------------
--------------
 RX = 1
--------------
--------------
 adr = 0xfc we = 0 cyc = 1 stb = 1 wb_in = 0x5a rx = 0 tx = 1 ack = 0 uart_out = 0x0
 RX = 1
 adr = 0xfc we = 0 cyc = 1 stb = 1 wb_in = 0x5a rx = 1 tx = 1 ack = 0 uart_out = 0x2
 RX = 1
 adr = 0xfc we = 0 cyc = 1 stb = 1 wb_in = 0x5a rx = 1 tx = 1 ack = 0 uart_out = 0x6
 RX = 1
 adr = 0xfc we = 0 cyc = 1 stb = 1 wb_in = 0x5a rx = 1 tx = 1 ack = 0 uart_out = 0x0e
 RX = 1
 adr = 0xfc we = 0 cyc = 1 stb = 1 wb_in = 0x5a rx = 1 tx = 1 ack = 0 uart_out = 0x1e
 RX = 0
 adr = 0xfc we = 0 cyc = 1 stb = 1 wb_in = 0x5a rx = 0 tx = 1 ack = 0 uart_out = 0x1e
 RX = 0
 adr = 0xfc we = 0 cyc = 1 stb = 1 wb_in = 0x5a rx = 0 tx = 1 ack = 0 uart_out = 0x1e
 RX = 1
 adr = 0xfc we = 0 cyc = 1 stb = 1 wb_in = 0x5a rx = 1 tx = 1 ack = 0 uart_out = 0x09e
 RX = 1
 adr = 0xfc we = 0 cyc = 1 stb = 1 wb_in = 0x5a rx = 1 tx = 1 ack = 0 uart_out = 0x19e
 RX = 1
 adr = 0xfc we = 0 cyc = 1 stb = 1 wb_in = 0x5a rx = 1 tx = 1 ack = 0 uart_out = 0x39e
 RX = 1
 adr = 0xfc we = 0 cyc = 1 stb = 1 wb_in = 0x5a rx = 1 tx = 1 ack = 0 uart_out = 0x39e
 RX = 1
 adr = 0xfc we = 0 cyc = 1 stb = 1 wb_in = 0x5a rx = 1 tx = 1 ack = 0 uart_out = 0x39e
UART_OUT = 0x39e
--------------
--------------
END Read
--------------
 adr = 0xfc we = 0 cyc = 1 stb = 1 wb_in = 0x5a rx = 1 tx = 1 ack = 0 uart_out = 0x39e
 adr = 0xfc we = 0 cyc = 0 stb = 0 wb_in = 0x5a rx = 1 tx = 1 ack = 0 uart_out = 0x39e
Test Pass
--------------
END Test
--------------
