10/09/24 10:12:22: Running xcd server. This server was built by gradle.
10/09/24 10:12:22: Server was asked to start on port: '61714'
10/09/24 10:12:22: Server is using token UUID: 'cd36221a-6d28-4ef9-a31d-b44e91ea4b4a'
10/09/24 10:12:22: SESSION_MGR: creating session with session uuid: '6d04a3e9-ade5-4ab9-8d63-1f78fcd2ec76' and name 'default'
10/09/24 10:12:22: Attempting to start server on port '61714'
10/09/24 10:12:22: Running Dispatch Server
10/09/24 10:12:22: Version 2.2.0
10/09/24 10:12:31: Dispatch Server: Accepted socket connection from client
10/09/24 10:12:31: Starting Socket connection
10/09/24 10:12:31: EXCHANGE_TOKEN received, server token: cd36221a-6d28-4ef9-a31d-b44e91ea4b4a, passed token: cd36221a-6d28-4ef9-a31d-b44e91ea4b4a
10/09/24 10:12:31: SESSION_MGR: creating session with session uuid: 'f2d2b2ca-f011-4bf7-8da1-5157005e565f' and name 'vitis_hls'
10/09/24 10:12:31: KERNEL_SVC: creating session with uuid: 'f2d2b2ca-f011-4bf7-8da1-5157005e565f' and name 'vitis_hls'
10/09/24 10:12:31: GUIDANCE_SMGR: creating guidance session with uuid: 'f2d2b2ca-f011-4bf7-8da1-5157005e565f' and name 'vitis_hls'
10/09/24 10:12:44: STOP_SERVER received, server token: cd36221a-6d28-4ef9-a31d-b44e91ea4b4a, passed token: cd36221a-6d28-4ef9-a31d-b44e91ea4b4a
10/09/24 10:12:44: Socket received request to stop server.
10/09/24 10:12:44: Dispatch Server: do_await_stop
10/09/24 10:12:44: SERVER: destructor for server bound to port 61714
10/09/24 10:12:44: Server exiting with status 0.
10/09/24 10:12:44: Closing log file.
10/09/24 10:13:19: Running xcd server. This server was built by gradle.
10/09/24 10:13:19: Server was asked to start on port: '61994'
10/09/24 10:13:19: Server is using token UUID: '747ab425-68f7-40d8-b6d9-56f6adb20a19'
10/09/24 10:13:19: SESSION_MGR: creating session with session uuid: '6d04a3e9-ade5-4ab9-8d63-1f78fcd2ec76' and name 'default'
10/09/24 10:13:19: Attempting to start server on port '61994'
10/09/24 10:13:19: Running Dispatch Server
10/09/24 10:13:19: Version 2.2.0
10/09/24 10:13:28: Dispatch Server: Accepted socket connection from client
10/09/24 10:13:28: Starting Socket connection
10/09/24 10:13:28: EXCHANGE_TOKEN received, server token: 747ab425-68f7-40d8-b6d9-56f6adb20a19, passed token: 747ab425-68f7-40d8-b6d9-56f6adb20a19
10/09/24 10:13:28: SESSION_MGR: creating session with session uuid: 'ea019b0c-3e37-492c-86e0-21b2b71c3003' and name 'vitis_hls'
10/09/24 10:13:28: KERNEL_SVC: creating session with uuid: 'ea019b0c-3e37-492c-86e0-21b2b71c3003' and name 'vitis_hls'
10/09/24 10:13:28: GUIDANCE_SMGR: creating guidance session with uuid: 'ea019b0c-3e37-492c-86e0-21b2b71c3003' and name 'vitis_hls'
10/09/24 10:13:56: STOP_SERVER received, server token: 747ab425-68f7-40d8-b6d9-56f6adb20a19, passed token: 747ab425-68f7-40d8-b6d9-56f6adb20a19
10/09/24 10:13:56: Socket received request to stop server.
10/09/24 10:13:56: Dispatch Server: do_await_stop
10/09/24 10:13:56: SERVER: destructor for server bound to port 61994
10/09/24 10:13:56: Server exiting with status 0.
10/09/24 10:13:56: Closing log file.
