10/11/24 11:03:34: Running xcd server. This server was built by gradle.
10/11/24 11:03:34: Server was asked to start on port: '65306'
10/11/24 11:03:34: Server is using token UUID: '3f248afb-5d89-4cc9-8227-a1e5dd9b0ff8'
10/11/24 11:03:34: SESSION_MGR: creating session with session uuid: '6d04a3e9-ade5-4ab9-8d63-1f78fcd2ec76' and name 'default'
10/11/24 11:03:34: Attempting to start server on port '65306'
10/11/24 11:03:34: Running Dispatch Server
10/11/24 11:03:34: Version 2.2.0
10/11/24 11:03:43: Dispatch Server: Accepted socket connection from client
10/11/24 11:03:43: Starting Socket connection
10/11/24 11:03:43: EXCHANGE_TOKEN received, server token: 3f248afb-5d89-4cc9-8227-a1e5dd9b0ff8, passed token: 3f248afb-5d89-4cc9-8227-a1e5dd9b0ff8
10/11/24 11:03:43: SESSION_MGR: creating session with session uuid: 'cd2ab5bc-542d-47b5-a784-0541f81dd71b' and name 'vitis_hls'
10/11/24 11:03:43: KERNEL_SVC: creating session with uuid: 'cd2ab5bc-542d-47b5-a784-0541f81dd71b' and name 'vitis_hls'
10/11/24 11:03:43: GUIDANCE_SMGR: creating guidance session with uuid: 'cd2ab5bc-542d-47b5-a784-0541f81dd71b' and name 'vitis_hls'
10/11/24 11:03:56: STOP_SERVER received, server token: 3f248afb-5d89-4cc9-8227-a1e5dd9b0ff8, passed token: 3f248afb-5d89-4cc9-8227-a1e5dd9b0ff8
10/11/24 11:03:56: Socket received request to stop server.
10/11/24 11:03:56: Dispatch Server: do_await_stop
10/11/24 11:03:56: SERVER: destructor for server bound to port 65306
10/11/24 11:03:56: Server exiting with status 0.
10/11/24 11:03:56: Closing log file.
10/11/24 11:04:41: Running xcd server. This server was built by gradle.
10/11/24 11:04:41: Server was asked to start on port: '49223'
10/11/24 11:04:41: Server is using token UUID: 'da9c2dea-23dc-494f-8690-e912750224a2'
10/11/24 11:04:41: SESSION_MGR: creating session with session uuid: '6d04a3e9-ade5-4ab9-8d63-1f78fcd2ec76' and name 'default'
10/11/24 11:04:41: Attempting to start server on port '49223'
10/11/24 11:04:41: Running Dispatch Server
10/11/24 11:04:41: Version 2.2.0
10/11/24 11:04:50: Dispatch Server: Accepted socket connection from client
10/11/24 11:04:50: Starting Socket connection
10/11/24 11:04:50: EXCHANGE_TOKEN received, server token: da9c2dea-23dc-494f-8690-e912750224a2, passed token: da9c2dea-23dc-494f-8690-e912750224a2
10/11/24 11:04:50: SESSION_MGR: creating session with session uuid: '35b96b3e-5c5c-49a0-9642-23518213380f' and name 'vitis_hls'
10/11/24 11:04:50: KERNEL_SVC: creating session with uuid: '35b96b3e-5c5c-49a0-9642-23518213380f' and name 'vitis_hls'
10/11/24 11:04:50: GUIDANCE_SMGR: creating guidance session with uuid: '35b96b3e-5c5c-49a0-9642-23518213380f' and name 'vitis_hls'
10/11/24 11:05:04: STOP_SERVER received, server token: da9c2dea-23dc-494f-8690-e912750224a2, passed token: da9c2dea-23dc-494f-8690-e912750224a2
10/11/24 11:05:04: Socket received request to stop server.
10/11/24 11:05:04: Dispatch Server: do_await_stop
10/11/24 11:05:04: SERVER: destructor for server bound to port 49223
10/11/24 11:05:04: Server exiting with status 0.
10/11/24 11:05:04: Closing log file.
