remark: C:/Xilinx/Vitis_HLS/2022.2/common/technology/autopilot\ap_int_base.h:214:67: Inlining function '_ZN8ssdm_intILi7ELb0EEC2EDq7_j' into 'ap_int_base<7, false>::ap_int_base(int)'
remark: <unknown>:0:0: Inlining function 'ap_int_base<7, false>::ap_int_base(int)' into 'ap_uint<7>::ap_uint(int)'
remark: C:/Xilinx/Vitis_HLS/2022.2/common/technology/autopilot\ap_int_base.h:1669:558: Inlining function 'ap_int_base<7, false>::ap_int_base(int)' into 'ap_int_base<7, false>::RType<7, false>::arg1 operator>><7, false>(ap_int_base<7, false> const&, int)'
remark: C:/Xilinx/Vitis_HLS/2022.2/common/technology/autopilot\ap_int_base.h:214:67: Inlining function 'ssdm_int<32, true>::ssdm_int(int)' into 'ap_int_base<32, true>::ap_int_base(int)'
remark: C:/Xilinx/Vitis_HLS/2022.2/common/technology/autopilot\ap_int_base.h:185:106: Inlining function 'ssdm_int<32, true>::ssdm_int(int)' into 'ap_int_base<32, true>::ap_int_base<7, false>(ap_int_base<7, false> const&)'
remark: C:/Xilinx/Vitis_HLS/2022.2/common/technology/autopilot\ap_int_base.h:1497:341: Inlining function 'ap_int_base<32, true>::ap_int_base<7, false>(ap_int_base<7, false> const&)' into 'ap_int_base<7, false>::RType<32, true>::logic operator&<7, false, 32, true>(ap_int_base<7, false> const&, ap_int_base<32, true> const&)'
remark: C:/Xilinx/Vitis_HLS/2022.2/common/technology/autopilot\ap_int_base.h:1497:520: Inlining function 'ap_int_base<32, true>::ap_int_base(int)' into 'ap_int_base<7, false>::RType<32, true>::logic operator&<7, false, 32, true>(ap_int_base<7, false> const&, ap_int_base<32, true> const&)'
remark: C:/Xilinx/Vitis_HLS/2022.2/common/technology/autopilot\ap_int_base.h:1633:3098: Inlining function 'ap_int_base<32, true>::ap_int_base(int)' into 'ap_int_base<7, false>::RType<($_0)32, true>::logic operator&<7, false>(ap_int_base<7, false> const&, int)'
remark: C:/Xilinx/Vitis_HLS/2022.2/common/technology/autopilot\ap_int_base.h:1633:3096: Inlining function 'ap_int_base<7, false>::RType<32, true>::logic operator&<7, false, 32, true>(ap_int_base<7, false> const&, ap_int_base<32, true> const&)' into 'ap_int_base<7, false>::RType<($_0)32, true>::logic operator&<7, false>(ap_int_base<7, false> const&, int)'
remark: C:/Xilinx/Vitis_HLS/2022.2/common/technology/autopilot\ap_int_base.h:1498:520: Inlining function 'ap_int_base<7, false>::ap_int_base(int)' into 'ap_int_base<7, false>::RType<7, false>::logic operator|<7, false, 7, false>(ap_int_base<7, false> const&, ap_int_base<7, false> const&)'
remark: prbs_7_taps/source/prbs.cpp:24:29: Inlining function 'ap_int_base<7, false>::RType<7, false>::logic operator|<7, false, 7, false>(ap_int_base<7, false> const&, ap_int_base<7, false> const&)' into 'first_func()'
remark: prbs_7_taps/source/prbs.cpp:23:29: Inlining function 'ap_int_base<7, false>::RType<7, false>::arg1 operator>><7, false>(ap_int_base<7, false> const&, int)' into 'first_func()'
remark: prbs_7_taps/source/prbs.cpp:16:11: Inlining function 'ap_int_base<32, true>::operator long long() const' into 'first_func()'
remark: prbs_7_taps/source/prbs.cpp:16:29: Inlining function 'ap_int_base<7, false>::RType<($_0)32, true>::logic operator&<7, false>(ap_int_base<7, false> const&, int)' into 'first_func()'
remark: prbs_7_taps/source/prbs.cpp:16:23: Inlining function 'ap_int_base<7, false>::RType<7, false>::arg1 operator>><7, false>(ap_int_base<7, false> const&, int)' into 'first_func()'
remark: prbs_7_taps/source/prbs.cpp:15:11: Inlining function 'ap_int_base<32, true>::operator long long() const' into 'first_func()'
remark: prbs_7_taps/source/prbs.cpp:15:29: Inlining function 'ap_int_base<7, false>::RType<($_0)32, true>::logic operator&<7, false>(ap_int_base<7, false> const&, int)' into 'first_func()'
remark: prbs_7_taps/source/prbs.cpp:15:23: Inlining function 'ap_int_base<7, false>::RType<7, false>::arg1 operator>><7, false>(ap_int_base<7, false> const&, int)' into 'first_func()'
remark: prbs_7_taps/source/prbs.cpp:47:29: Inlining function 'ap_int_base<7, false>::RType<7, false>::logic operator|<7, false, 7, false>(ap_int_base<7, false> const&, ap_int_base<7, false> const&)' into 'second_func(bool, bool&)'
remark: prbs_7_taps/source/prbs.cpp:46:29: Inlining function 'ap_int_base<7, false>::RType<7, false>::arg1 operator>><7, false>(ap_int_base<7, false> const&, int)' into 'second_func(bool, bool&)'
remark: prbs_7_taps/source/prbs.cpp:39:11: Inlining function 'ap_int_base<32, true>::operator long long() const' into 'second_func(bool, bool&)'
remark: prbs_7_taps/source/prbs.cpp:39:29: Inlining function 'ap_int_base<7, false>::RType<($_0)32, true>::logic operator&<7, false>(ap_int_base<7, false> const&, int)' into 'second_func(bool, bool&)'
remark: prbs_7_taps/source/prbs.cpp:39:23: Inlining function 'ap_int_base<7, false>::RType<7, false>::arg1 operator>><7, false>(ap_int_base<7, false> const&, int)' into 'second_func(bool, bool&)'
remark: prbs_7_taps/source/prbs.cpp:38:11: Inlining function 'ap_int_base<32, true>::operator long long() const' into 'second_func(bool, bool&)'
remark: prbs_7_taps/source/prbs.cpp:38:29: Inlining function 'ap_int_base<7, false>::RType<($_0)32, true>::logic operator&<7, false>(ap_int_base<7, false> const&, int)' into 'second_func(bool, bool&)'
remark: prbs_7_taps/source/prbs.cpp:38:23: Inlining function 'ap_int_base<7, false>::RType<7, false>::arg1 operator>><7, false>(ap_int_base<7, false> const&, int)' into 'second_func(bool, bool&)'
