C:\Users\TAlars\Documents\vivado_projects_tests\fpgaTOspace\HLS\prbs_7_taps\solution1\.autopilot\db\prbs.pp.0.cpp:1327:7: warning: Added loop label VITIS_LOOP_1211_1:   [xilinx-label-all-loops]
      for (i = 0; i < __N - 1; ++i) {
      ^~~
      VITIS_LOOP_1211_1: 
C:\Users\TAlars\Documents\vivado_projects_tests\fpgaTOspace\HLS\prbs_7_taps\solution1\.autopilot\db\prbs.pp.0.cpp:1327:7: note: FIX-IT applied suggested code changes
C:\Users\TAlars\Documents\vivado_projects_tests\fpgaTOspace\HLS\prbs_7_taps\solution1\.autopilot\db\prbs.pp.0.cpp:2301:5: warning: Added loop label VITIS_LOOP_676_1:   [xilinx-label-all-loops]
    for (unsigned i = low; i != high; ++i) {
    ^~~
    VITIS_LOOP_676_1: 
C:\Users\TAlars\Documents\vivado_projects_tests\fpgaTOspace\HLS\prbs_7_taps\solution1\.autopilot\db\prbs.pp.0.cpp:2301:5: note: FIX-IT applied suggested code changes
C:\Users\TAlars\Documents\vivado_projects_tests\fpgaTOspace\HLS\prbs_7_taps\solution1\.autopilot\db\prbs.pp.0.cpp:2315:5: warning: Added loop label VITIS_LOOP_690_1:   [xilinx-label-all-loops]
    for (unsigned i = low; i != high; ++i) {
    ^~~
    VITIS_LOOP_690_1: 
C:\Users\TAlars\Documents\vivado_projects_tests\fpgaTOspace\HLS\prbs_7_taps\solution1\.autopilot\db\prbs.pp.0.cpp:2315:5: note: FIX-IT applied suggested code changes
C:\Users\TAlars\Documents\vivado_projects_tests\fpgaTOspace\HLS\prbs_7_taps\solution1\.autopilot\db\prbs.pp.0.cpp:2329:5: warning: Added loop label VITIS_LOOP_704_1:   [xilinx-label-all-loops]
    for (unsigned i = low; i != high; ++i) {
    ^~~
    VITIS_LOOP_704_1: 
C:\Users\TAlars\Documents\vivado_projects_tests\fpgaTOspace\HLS\prbs_7_taps\solution1\.autopilot\db\prbs.pp.0.cpp:2329:5: note: FIX-IT applied suggested code changes
C:\Users\TAlars\Documents\vivado_projects_tests\fpgaTOspace\HLS\prbs_7_taps\solution1\.autopilot\db\prbs.pp.0.cpp:3940:7: warning: Added loop label VITIS_LOOP_1245_1:   [xilinx-label-all-loops]
      for (i = 0; i < __N - 1; ++i) {
      ^~~
      VITIS_LOOP_1245_1: 
C:\Users\TAlars\Documents\vivado_projects_tests\fpgaTOspace\HLS\prbs_7_taps\solution1\.autopilot\db\prbs.pp.0.cpp:3940:7: note: FIX-IT applied suggested code changes
