remark: C:/Xilinx/Vitis_HLS/2022.2/common/technology/autopilot\ap_int_base.h:214:67: Inlining function 'ssdm_int<8, false>::ssdm_int(unsigned char)' into 'ap_int_base<8, false>::ap_int_base(int)'
remark: <unknown>:0:0: Inlining function 'ap_int_base<8, false>::ap_int_base(int)' into 'ap_uint<8>::ap_uint(int)'
remark: C:/Xilinx/Vitis_HLS/2022.2/common/technology/autopilot\ap_int_base.h:214:67: Inlining function 'ssdm_int<32, true>::ssdm_int(int)' into 'ap_int_base<32, true>::ap_int_base(int)'
remark: C:/Xilinx/Vitis_HLS/2022.2/common/technology/autopilot\ap_int_base.h:1788:1853: Inlining function 'ap_int_base<32, true>::ap_int_base(int)' into 'bool operator==<8, false>(ap_int_base<8, false> const&, int)'
remark: C:/Xilinx/Vitis_HLS/2022.2/common/technology/autopilot\ap_int_base.h:1788:1850: Inlining function 'bool ap_int_base<8, false>::operator==<32, true>(ap_int_base<32, true> const&) const' into 'bool operator==<8, false>(ap_int_base<8, false> const&, int)'
remark: C:/Xilinx/Vitis_HLS/2022.2/common/technology/autopilot\ap_int_base.h:214:67: Inlining function '_ZN8ssdm_intILi40ELb0EEC2EDq40_j' into 'ap_int_base<40, false>::ap_int_base(int)'
remark: C:/Xilinx/Vitis_HLS/2022.2/common/technology/autopilot\ap_int_base.h:185:106: Inlining function '_ZN8ssdm_intILi40ELb0EEC2EDq40_j' into 'ap_int_base<40, false>::ap_int_base<8, false>(ap_int_base<8, false> const&)'
remark: C:/Xilinx/Vitis_HLS/2022.2/common/technology/autopilot\ap_int_base.h:1669:228: Inlining function 'ap_int_base<40, false>::ap_int_base(int)' into 'ap_int_base<40, false>::RType<40, false>::arg1 operator<<<40, false>(ap_int_base<40, false> const&, int)'
remark: C:/Xilinx/Vitis_HLS/2022.2/common/technology/autopilot\ap_int_ref.h:1330:580: Inlining function 'ap_int_base<40, false>::ap_int_base(int)' into 'ap_int_base<(8) + (($_0)32), false> operator,<8, false>(int, ap_int_base<8, false> const&)'
remark: C:/Xilinx/Vitis_HLS/2022.2/common/technology/autopilot\ap_int_ref.h:1330:704: Inlining function 'ap_int_base<40, false>& ap_int_base<40, false>::operator|=<40, false>(ap_int_base<40, false> const&)' into 'ap_int_base<(8) + (($_0)32), false> operator,<8, false>(int, ap_int_base<8, false> const&)'
remark: C:/Xilinx/Vitis_HLS/2022.2/common/technology/autopilot\ap_int_ref.h:1330:711: Inlining function 'ap_int_base<40, false>::RType<40, false>::arg1 operator<<<40, false>(ap_int_base<40, false> const&, int)' into 'ap_int_base<(8) + (($_0)32), false> operator,<8, false>(int, ap_int_base<8, false> const&)'
remark: C:/Xilinx/Vitis_HLS/2022.2/common/technology/autopilot\ap_int_ref.h:1330:631: Inlining function 'ap_int_base<40, false>::ap_int_base<8, false>(ap_int_base<8, false> const&)' into 'ap_int_base<(8) + (($_0)32), false> operator,<8, false>(int, ap_int_base<8, false> const&)'
remark: C:/Xilinx/Vitis_HLS/2022.2/common/technology/autopilot\ap_int_base.h:214:67: Inlining function '_ZN8ssdm_intILi72ELb0EEC2EDq72_j' into 'ap_int_base<72, false>::ap_int_base(int)'
remark: C:/Xilinx/Vitis_HLS/2022.2/common/technology/autopilot\ap_int_base.h:185:106: Inlining function '_ZN8ssdm_intILi72ELb0EEC2EDq72_j' into 'ap_int_base<72, false>::ap_int_base<40, false>(ap_int_base<40, false> const&)'
remark: C:/Xilinx/Vitis_HLS/2022.2/common/technology/autopilot\ap_int_base.h:185:106: Inlining function 'ssdm_int<32, false>::ssdm_int(unsigned int)' into 'ap_int_base<32, false>::ap_int_base<32, true>(ap_int_base<32, true> const&)'
remark: C:/Xilinx/Vitis_HLS/2022.2/common/technology/autopilot\ap_int_base.h:214:67: Inlining function '_ZN8ssdm_intILi1ELb0EEC2EDq1_j' into 'ap_int_base<1, false>::ap_int_base(int)'
remark: C:/Xilinx/Vitis_HLS/2022.2/common/technology/autopilot\ap_int_base.h:185:106: Inlining function '_ZN8ssdm_intILi33ELb1EEC2EDq33_i' into 'ap_int_base<33, true>::ap_int_base<1, false>(ap_int_base<1, false> const&)'
remark: C:/Xilinx/Vitis_HLS/2022.2/common/technology/autopilot\ap_int_base.h:185:106: Inlining function '_ZN8ssdm_intILi33ELb1EEC2EDq33_i' into 'ap_int_base<33, true>::ap_int_base<32, true>(ap_int_base<32, true> const&)'
remark: C:/Xilinx/Vitis_HLS/2022.2/common/technology/autopilot\ap_int_base.h:214:67: Inlining function '_ZN8ssdm_intILi33ELb1EEC2EDq33_i' into 'ap_int_base<33, true>::ap_int_base(int)'
remark: C:/Xilinx/Vitis_HLS/2022.2/common/technology/autopilot\ap_int_base.h:1496:341: Inlining function 'ap_int_base<33, true>::ap_int_base<1, false>(ap_int_base<1, false> const&)' into 'ap_int_base<1, false>::RType<32, true>::minus operator-<1, false, 32, true>(ap_int_base<1, false> const&, ap_int_base<32, true> const&)'
remark: C:/Xilinx/Vitis_HLS/2022.2/common/technology/autopilot\ap_int_base.h:1496:520: Inlining function 'ap_int_base<33, true>::ap_int_base(int)' into 'ap_int_base<1, false>::RType<32, true>::minus operator-<1, false, 32, true>(ap_int_base<1, false> const&, ap_int_base<32, true> const&)'
remark: C:/Xilinx/Vitis_HLS/2022.2/common/technology/autopilot\ap_int_base.h:1496:430: Inlining function 'ap_int_base<33, true>::ap_int_base<32, true>(ap_int_base<32, true> const&)' into 'ap_int_base<1, false>::RType<32, true>::minus operator-<1, false, 32, true>(ap_int_base<1, false> const&, ap_int_base<32, true> const&)'
remark: C:/Xilinx/Vitis_HLS/2022.2/common/technology/autopilot\ap_int_base.h:895:12: Inlining function 'ap_int_base<1, false>::ap_int_base(int)' into 'ap_int_base<32, true>::operator-() const'
remark: C:/Xilinx/Vitis_HLS/2022.2/common/technology/autopilot\ap_int_base.h:895:37: Inlining function 'ap_int_base<1, false>::RType<32, true>::minus operator-<1, false, 32, true>(ap_int_base<1, false> const&, ap_int_base<32, true> const&)' into 'ap_int_base<32, true>::operator-() const'
remark: C:/Xilinx/Vitis_HLS/2022.2/common/technology/autopilot\ap_int_base.h:998:21: Inlining function 'ap_int_base<32, false>::to_uint() const' into 'ap_int_base<72, false>& ap_int_base<72, false>::operator>>=<32>(ap_int_base<32, false> const&)'
remark: C:/Xilinx/Vitis_HLS/2022.2/common/technology/autopilot\ap_int_base.h:981:21: Inlining function 'ap_int_base<32, false>::to_uint() const' into 'ap_int_base<72, false>& ap_int_base<72, false>::operator<<=<32>(ap_int_base<32, false> const&)'
remark: C:/Xilinx/Vitis_HLS/2022.2/common/technology/autopilot\ap_int_base.h:971:37: Inlining function 'ap_int_base<32, false>::ap_int_base<32, true>(ap_int_base<32, true> const&)' into 'ap_int_base<72, false>& ap_int_base<72, false>::operator<<=<32>(ap_int_base<32, true> const&)'
remark: C:/Xilinx/Vitis_HLS/2022.2/common/technology/autopilot\ap_int_base.h:976:14: Inlining function 'ap_int_base<72, false>& ap_int_base<72, false>::operator<<=<32>(ap_int_base<32, false> const&)' into 'ap_int_base<72, false>& ap_int_base<72, false>::operator<<=<32>(ap_int_base<32, true> const&)'
remark: C:/Xilinx/Vitis_HLS/2022.2/common/technology/autopilot\ap_int_base.h:974:14: Inlining function 'ap_int_base<72, false>& ap_int_base<72, false>::operator>>=<32>(ap_int_base<32, false> const&)' into 'ap_int_base<72, false>& ap_int_base<72, false>::operator<<=<32>(ap_int_base<32, true> const&)'
remark: C:/Xilinx/Vitis_HLS/2022.2/common/technology/autopilot\ap_int_base.h:973:10: Inlining function 'ap_int_base<32, false>& ap_int_base<32, false>::operator=<33, true>(ap_int_base<33, true> const&)' into 'ap_int_base<72, false>& ap_int_base<72, false>::operator<<=<32>(ap_int_base<32, true> const&)'
remark: C:/Xilinx/Vitis_HLS/2022.2/common/technology/autopilot\ap_int_base.h:973:12: Inlining function 'ap_int_base<32, true>::operator-() const' into 'ap_int_base<72, false>& ap_int_base<72, false>::operator<<=<32>(ap_int_base<32, true> const&)'
remark: C:/Xilinx/Vitis_HLS/2022.2/common/technology/autopilot\ap_int_base.h:1727:2025: Inlining function 'ap_int_base<32, true>::ap_int_base(int)' into 'ap_int_base<72, false>& operator<<=<72, false>(ap_int_base<72, false>&, int)'
remark: C:/Xilinx/Vitis_HLS/2022.2/common/technology/autopilot\ap_int_base.h:1727:2021: Inlining function 'ap_int_base<72, false>& ap_int_base<72, false>::operator<<=<32>(ap_int_base<32, true> const&)' into 'ap_int_base<72, false>& operator<<=<72, false>(ap_int_base<72, false>&, int)'
remark: C:/Xilinx/Vitis_HLS/2022.2/common/technology/autopilot\ap_int_base.h:988:37: Inlining function 'ap_int_base<32, false>::ap_int_base<32, true>(ap_int_base<32, true> const&)' into 'ap_int_base<72, false>& ap_int_base<72, false>::operator>>=<32>(ap_int_base<32, true> const&)'
remark: C:/Xilinx/Vitis_HLS/2022.2/common/technology/autopilot\ap_int_base.h:993:12: Inlining function 'ap_int_base<72, false>& ap_int_base<72, false>::operator>>=<32>(ap_int_base<32, false> const&)' into 'ap_int_base<72, false>& ap_int_base<72, false>::operator>>=<32>(ap_int_base<32, true> const&)'
remark: C:/Xilinx/Vitis_HLS/2022.2/common/technology/autopilot\ap_int_base.h:991:14: Inlining function 'ap_int_base<72, false>& ap_int_base<72, false>::operator<<=<32>(ap_int_base<32, false> const&)' into 'ap_int_base<72, false>& ap_int_base<72, false>::operator>>=<32>(ap_int_base<32, true> const&)'
remark: C:/Xilinx/Vitis_HLS/2022.2/common/technology/autopilot\ap_int_base.h:990:10: Inlining function 'ap_int_base<32, false>& ap_int_base<32, false>::operator=<33, true>(ap_int_base<33, true> const&)' into 'ap_int_base<72, false>& ap_int_base<72, false>::operator>>=<32>(ap_int_base<32, true> const&)'
remark: C:/Xilinx/Vitis_HLS/2022.2/common/technology/autopilot\ap_int_base.h:990:12: Inlining function 'ap_int_base<32, true>::operator-() const' into 'ap_int_base<72, false>& ap_int_base<72, false>::operator>>=<32>(ap_int_base<32, true> const&)'
remark: C:/Xilinx/Vitis_HLS/2022.2/common/technology/autopilot\ap_int_base.h:1727:1817: Inlining function 'ap_int_base<32, true>::ap_int_base(int)' into 'ap_int_base<72, false>& operator>>=<72, false>(ap_int_base<72, false>&, int)'
remark: C:/Xilinx/Vitis_HLS/2022.2/common/technology/autopilot\ap_int_base.h:1727:1813: Inlining function 'ap_int_base<72, false>& ap_int_base<72, false>::operator>>=<32>(ap_int_base<32, true> const&)' into 'ap_int_base<72, false>& operator>>=<72, false>(ap_int_base<72, false>&, int)'
remark: C:/Xilinx/Vitis_HLS/2022.2/common/technology/autopilot\ap_int_ref.h:1330:214: Inlining function 'ap_int_base<72, false>::ap_int_base(int)' into 'ap_int_base<(40) + (($_0)32), false> operator,<40, false>(ap_int_base<40, false> const&, int)'
remark: C:/Xilinx/Vitis_HLS/2022.2/common/technology/autopilot\ap_int_ref.h:1330:345: Inlining function 'ap_int_base<72, false>& ap_int_base<72, false>::operator|=<72, false>(ap_int_base<72, false> const&)' into 'ap_int_base<(40) + (($_0)32), false> operator,<40, false>(ap_int_base<40, false> const&, int)'
remark: C:/Xilinx/Vitis_HLS/2022.2/common/technology/autopilot\ap_int_ref.h:1330:328: Inlining function 'ap_int_base<72, false>& operator>>=<72, false>(ap_int_base<72, false>&, int)' into 'ap_int_base<(40) + (($_0)32), false> operator,<40, false>(ap_int_base<40, false> const&, int)'
remark: C:/Xilinx/Vitis_HLS/2022.2/common/technology/autopilot\ap_int_ref.h:1330:313: Inlining function 'ap_int_base<72, false>& operator<<=<72, false>(ap_int_base<72, false>&, int)' into 'ap_int_base<(40) + (($_0)32), false> operator,<40, false>(ap_int_base<40, false> const&, int)'
remark: C:/Xilinx/Vitis_HLS/2022.2/common/technology/autopilot\ap_int_ref.h:1330:279: Inlining function 'ap_int_base<72, false>& operator<<=<72, false>(ap_int_base<72, false>&, int)' into 'ap_int_base<(40) + (($_0)32), false> operator,<40, false>(ap_int_base<40, false> const&, int)'
remark: C:/Xilinx/Vitis_HLS/2022.2/common/technology/autopilot\ap_int_ref.h:1330:265: Inlining function 'ap_int_base<72, false>::ap_int_base<40, false>(ap_int_base<40, false> const&)' into 'ap_int_base<(40) + (($_0)32), false> operator,<40, false>(ap_int_base<40, false> const&, int)'
remark: C:/Xilinx/Vitis_HLS/2022.2/common/technology/autopilot\ap_int_base.h:185:106: Inlining function 'ssdm_int<8, false>::ssdm_int(unsigned char)' into 'ap_int_base<8, false>::ap_int_base<72, false>(ap_int_base<72, false> const&)'
remark: <unknown>:0:0: Inlining function 'ap_int_base<8, false>::ap_int_base<72, false>(ap_int_base<72, false> const&)' into 'ap_uint<8>::ap_uint<72, false>(ap_int_base<72, false> const&)'
remark: C:/Xilinx/Vitis_HLS/2022.2/common/technology/autopilot\ap_int_base.h:1129:30: Inlining function 'ap_bit_ref<8, false>::ap_bit_ref(ap_int_base<8, false>*, int)' into 'ap_int_base<8, false>::operator[](int)'
remark: wb_s_uart_fd/source/top.cpp:92:25: Inlining function 'ap_bit_ref<8, false>::operator=(bool)' into 'top(ap_uint<8>, bool, bool, bool, ap_uint<8>, bool, bool&, bool&, ap_uint<8>&)'
remark: wb_s_uart_fd/source/top.cpp:92:8: Inlining function 'ap_int_base<8, false>::operator[](int)' into 'top(ap_uint<8>, bool, bool, bool, ap_uint<8>, bool, bool&, bool&, ap_uint<8>&)'
remark: wb_s_uart_fd/source/top.cpp:70:15: Inlining function 'ap_int_base<8, false>::operator[](int)' into 'top(ap_uint<8>, bool, bool, bool, ap_uint<8>, bool, bool&, bool&, ap_uint<8>&)'
remark: wb_s_uart_fd/source/top.cpp:49:35: Inlining function 'ap_int_base<(40) + (($_0)32), false> operator,<40, false>(ap_int_base<40, false> const&, int)' into 'top(ap_uint<8>, bool, bool, bool, ap_uint<8>, bool, bool&, bool&, ap_uint<8>&)'
remark: wb_s_uart_fd/source/top.cpp:49:25: Inlining function 'ap_int_base<(8) + (($_0)32), false> operator,<8, false>(int, ap_int_base<8, false> const&)' into 'top(ap_uint<8>, bool, bool, bool, ap_uint<8>, bool, bool&, bool&, ap_uint<8>&)'
remark: wb_s_uart_fd/source/top.cpp:46:15: Inlining function 'bool operator==<8, false>(ap_int_base<8, false> const&, int)' into 'top(ap_uint<8>, bool, bool, bool, ap_uint<8>, bool, bool&, bool&, ap_uint<8>&)'
remark: wb_s_uart_fd/source/top.cpp:67:21: Loop 'VITIS_LOOP_67_1' is marked as complete unroll implied by the pipeline pragma
remark: wb_s_uart_fd/source/top.cpp:68:22: Loop 'VITIS_LOOP_68_2' is marked as complete unroll implied by the pipeline pragma
remark: wb_s_uart_fd/source/top.cpp:89:21: Loop 'VITIS_LOOP_89_3' is marked as complete unroll implied by the pipeline pragma
remark: wb_s_uart_fd/source/top.cpp:90:22: Loop 'VITIS_LOOP_90_4' is marked as complete unroll implied by the pipeline pragma
remark: wb_s_uart_fd/source/top.cpp:8:0: Unrolling loop 'VITIS_LOOP_67_1' (wb_s_uart_fd/source/top.cpp:67:21) in function 'top' completely with a factor of 10
remark: wb_s_uart_fd/source/top.cpp:8:0: Unrolling loop 'VITIS_LOOP_68_2' (wb_s_uart_fd/source/top.cpp:68:22) in function 'top' completely with a factor of 54
remark: wb_s_uart_fd/source/top.cpp:8:0: Unrolling loop 'VITIS_LOOP_68_2' (wb_s_uart_fd/source/top.cpp:68:22) in function 'top' completely with a factor of 54
remark: wb_s_uart_fd/source/top.cpp:8:0: Unrolling loop 'VITIS_LOOP_68_2' (wb_s_uart_fd/source/top.cpp:68:22) in function 'top' completely with a factor of 54
remark: wb_s_uart_fd/source/top.cpp:8:0: Unrolling loop 'VITIS_LOOP_68_2' (wb_s_uart_fd/source/top.cpp:68:22) in function 'top' completely with a factor of 54
remark: wb_s_uart_fd/source/top.cpp:8:0: Unrolling loop 'VITIS_LOOP_68_2' (wb_s_uart_fd/source/top.cpp:68:22) in function 'top' completely with a factor of 54
remark: wb_s_uart_fd/source/top.cpp:8:0: Unrolling loop 'VITIS_LOOP_68_2' (wb_s_uart_fd/source/top.cpp:68:22) in function 'top' completely with a factor of 54
remark: wb_s_uart_fd/source/top.cpp:8:0: Unrolling loop 'VITIS_LOOP_68_2' (wb_s_uart_fd/source/top.cpp:68:22) in function 'top' completely with a factor of 54
remark: wb_s_uart_fd/source/top.cpp:8:0: Unrolling loop 'VITIS_LOOP_68_2' (wb_s_uart_fd/source/top.cpp:68:22) in function 'top' completely with a factor of 54
remark: wb_s_uart_fd/source/top.cpp:8:0: Unrolling loop 'VITIS_LOOP_68_2' (wb_s_uart_fd/source/top.cpp:68:22) in function 'top' completely with a factor of 54
remark: wb_s_uart_fd/source/top.cpp:8:0: Unrolling loop 'VITIS_LOOP_68_2' (wb_s_uart_fd/source/top.cpp:68:22) in function 'top' completely with a factor of 54
remark: wb_s_uart_fd/source/top.cpp:8:0: Unrolling loop 'VITIS_LOOP_89_3' (wb_s_uart_fd/source/top.cpp:89:21) in function 'top' completely with a factor of 8
remark: wb_s_uart_fd/source/top.cpp:8:0: Unrolling loop 'VITIS_LOOP_90_4' (wb_s_uart_fd/source/top.cpp:90:22) in function 'top' completely with a factor of 54
remark: wb_s_uart_fd/source/top.cpp:8:0: Unrolling loop 'VITIS_LOOP_90_4' (wb_s_uart_fd/source/top.cpp:90:22) in function 'top' completely with a factor of 54
remark: wb_s_uart_fd/source/top.cpp:8:0: Unrolling loop 'VITIS_LOOP_90_4' (wb_s_uart_fd/source/top.cpp:90:22) in function 'top' completely with a factor of 54
remark: wb_s_uart_fd/source/top.cpp:8:0: Unrolling loop 'VITIS_LOOP_90_4' (wb_s_uart_fd/source/top.cpp:90:22) in function 'top' completely with a factor of 54
remark: wb_s_uart_fd/source/top.cpp:8:0: Unrolling loop 'VITIS_LOOP_90_4' (wb_s_uart_fd/source/top.cpp:90:22) in function 'top' completely with a factor of 54
remark: wb_s_uart_fd/source/top.cpp:8:0: Unrolling loop 'VITIS_LOOP_90_4' (wb_s_uart_fd/source/top.cpp:90:22) in function 'top' completely with a factor of 54
remark: wb_s_uart_fd/source/top.cpp:8:0: Unrolling loop 'VITIS_LOOP_90_4' (wb_s_uart_fd/source/top.cpp:90:22) in function 'top' completely with a factor of 54
remark: wb_s_uart_fd/source/top.cpp:8:0: Unrolling loop 'VITIS_LOOP_90_4' (wb_s_uart_fd/source/top.cpp:90:22) in function 'top' completely with a factor of 54
