C:\Users\TAlars\Documents\vivado_projects_tests\fpgaTOspace\HLS\wb_s_uart_fd\wb_s_uart_fd\solution1\.autopilot\db\top.pp.0.cpp:1326:7: warning: Added loop label VITIS_LOOP_1211_1:   [xilinx-label-all-loops]
      for (i = 0; i < __N - 1; ++i) {
      ^~~
      VITIS_LOOP_1211_1: 
C:\Users\TAlars\Documents\vivado_projects_tests\fpgaTOspace\HLS\wb_s_uart_fd\wb_s_uart_fd\solution1\.autopilot\db\top.pp.0.cpp:1326:7: note: FIX-IT applied suggested code changes
C:\Users\TAlars\Documents\vivado_projects_tests\fpgaTOspace\HLS\wb_s_uart_fd\wb_s_uart_fd\solution1\.autopilot\db\top.pp.0.cpp:2300:5: warning: Added loop label VITIS_LOOP_676_1:   [xilinx-label-all-loops]
    for (unsigned i = low; i != high; ++i) {
    ^~~
    VITIS_LOOP_676_1: 
C:\Users\TAlars\Documents\vivado_projects_tests\fpgaTOspace\HLS\wb_s_uart_fd\wb_s_uart_fd\solution1\.autopilot\db\top.pp.0.cpp:2300:5: note: FIX-IT applied suggested code changes
C:\Users\TAlars\Documents\vivado_projects_tests\fpgaTOspace\HLS\wb_s_uart_fd\wb_s_uart_fd\solution1\.autopilot\db\top.pp.0.cpp:2314:5: warning: Added loop label VITIS_LOOP_690_1:   [xilinx-label-all-loops]
    for (unsigned i = low; i != high; ++i) {
    ^~~
    VITIS_LOOP_690_1: 
C:\Users\TAlars\Documents\vivado_projects_tests\fpgaTOspace\HLS\wb_s_uart_fd\wb_s_uart_fd\solution1\.autopilot\db\top.pp.0.cpp:2314:5: note: FIX-IT applied suggested code changes
C:\Users\TAlars\Documents\vivado_projects_tests\fpgaTOspace\HLS\wb_s_uart_fd\wb_s_uart_fd\solution1\.autopilot\db\top.pp.0.cpp:2328:5: warning: Added loop label VITIS_LOOP_704_1:   [xilinx-label-all-loops]
    for (unsigned i = low; i != high; ++i) {
    ^~~
    VITIS_LOOP_704_1: 
C:\Users\TAlars\Documents\vivado_projects_tests\fpgaTOspace\HLS\wb_s_uart_fd\wb_s_uart_fd\solution1\.autopilot\db\top.pp.0.cpp:2328:5: note: FIX-IT applied suggested code changes
C:\Users\TAlars\Documents\vivado_projects_tests\fpgaTOspace\HLS\wb_s_uart_fd\wb_s_uart_fd\solution1\.autopilot\db\top.pp.0.cpp:3939:7: warning: Added loop label VITIS_LOOP_1245_1:   [xilinx-label-all-loops]
      for (i = 0; i < __N - 1; ++i) {
      ^~~
      VITIS_LOOP_1245_1: 
C:\Users\TAlars\Documents\vivado_projects_tests\fpgaTOspace\HLS\wb_s_uart_fd\wb_s_uart_fd\solution1\.autopilot\db\top.pp.0.cpp:3939:7: note: FIX-IT applied suggested code changes
C:\Users\TAlars\Documents\vivado_projects_tests\fpgaTOspace\HLS\wb_s_uart_fd\wb_s_uart_fd\solution1\.autopilot\db\top.pp.0.cpp:5783:4: warning: Added loop label VITIS_LOOP_67_1:   [xilinx-label-all-loops]
   for (int i = 0; i < 10;i++){
   ^~~
   VITIS_LOOP_67_1: 
C:\Users\TAlars\Documents\vivado_projects_tests\fpgaTOspace\HLS\wb_s_uart_fd\wb_s_uart_fd\solution1\.autopilot\db\top.pp.0.cpp:5783:4: note: FIX-IT applied suggested code changes
C:\Users\TAlars\Documents\vivado_projects_tests\fpgaTOspace\HLS\wb_s_uart_fd\wb_s_uart_fd\solution1\.autopilot\db\top.pp.0.cpp:5784:5: warning: Added loop label VITIS_LOOP_68_2:   [xilinx-label-all-loops]
    for (int j = 0; j<(100000000 / (16 * 112500))-1;j++)
    ^~~
    VITIS_LOOP_68_2: 
C:\Users\TAlars\Documents\vivado_projects_tests\fpgaTOspace\HLS\wb_s_uart_fd\wb_s_uart_fd\solution1\.autopilot\db\top.pp.0.cpp:5784:5: note: FIX-IT applied suggested code changes
C:\Users\TAlars\Documents\vivado_projects_tests\fpgaTOspace\HLS\wb_s_uart_fd\wb_s_uart_fd\solution1\.autopilot\db\top.pp.0.cpp:5805:4: warning: Added loop label VITIS_LOOP_89_3:   [xilinx-label-all-loops]
   for (int i=0; i<8;i++){
   ^~~
   VITIS_LOOP_89_3: 
C:\Users\TAlars\Documents\vivado_projects_tests\fpgaTOspace\HLS\wb_s_uart_fd\wb_s_uart_fd\solution1\.autopilot\db\top.pp.0.cpp:5805:4: note: FIX-IT applied suggested code changes
C:\Users\TAlars\Documents\vivado_projects_tests\fpgaTOspace\HLS\wb_s_uart_fd\wb_s_uart_fd\solution1\.autopilot\db\top.pp.0.cpp:5806:5: warning: Added loop label VITIS_LOOP_90_4:   [xilinx-label-all-loops]
    for (int j=0;j<(100000000 / (16 * 112500)) -1;j++){
    ^~~
    VITIS_LOOP_90_4: 
C:\Users\TAlars\Documents\vivado_projects_tests\fpgaTOspace\HLS\wb_s_uart_fd\wb_s_uart_fd\solution1\.autopilot\db\top.pp.0.cpp:5806:5: note: FIX-IT applied suggested code changes
