Copyright 1986-2022 Xilinx, Inc. All Rights Reserved.
-----------------------------------------------------------------------------------------------------------------------------
| Tool Version : Vivado v.2022.2 (win64) Build 3671981 Fri Oct 14 05:00:03 MDT 2022
| Date         : Fri May 24 19:19:29 2024
| Host         : IT05676 running 64-bit major release  (build 9200)
| Command      : report_utilization -file design_1_wrapper_utilization_placed.rpt -pb design_1_wrapper_utilization_placed.pb
| Design       : design_1_wrapper
| Device       : xczu1cg-sbva484-1-e
| Speed File   : -1
| Design State : Fully Placed
-----------------------------------------------------------------------------------------------------------------------------

Utilization Design Information

Table of Contents
-----------------
1. CLB Logic
1.1 Summary of Registers by Type
2. CLB Logic Distribution
3. BLOCKRAM
4. ARITHMETIC
5. I/O
6. CLOCK
7. ADVANCED
8. CONFIGURATION
9. Primitives
10. Black Boxes
11. Instantiated Netlists

1. CLB Logic
------------

+----------------------------+------+-------+------------+-----------+-------+
|          Site Type         | Used | Fixed | Prohibited | Available | Util% |
+----------------------------+------+-------+------------+-----------+-------+
| CLB LUTs                   | 3078 |     0 |          0 |     37440 |  8.22 |
|   LUT as Logic             | 2767 |     0 |          0 |     37440 |  7.39 |
|   LUT as Memory            |  311 |     0 |          0 |     15840 |  1.96 |
|     LUT as Distributed RAM |  145 |     0 |            |           |       |
|     LUT as Shift Register  |  166 |     0 |            |           |       |
| CLB Registers              | 2956 |     0 |          0 |     74880 |  3.95 |
|   Register as Flip Flop    | 2956 |     0 |          0 |     74880 |  3.95 |
|   Register as Latch        |    0 |     0 |          0 |     74880 |  0.00 |
| CARRY8                     |   29 |     0 |          0 |      4680 |  0.62 |
| F7 Muxes                   |   36 |     0 |          0 |     18720 |  0.19 |
| F8 Muxes                   |    0 |     0 |          0 |      9360 |  0.00 |
| F9 Muxes                   |    0 |     0 |          0 |      4680 |  0.00 |
+----------------------------+------+-------+------------+-----------+-------+
* Warning! LUT value is adjusted to account for LUT combining.


1.1 Summary of Registers by Type
--------------------------------

+-------+--------------+-------------+--------------+
| Total | Clock Enable | Synchronous | Asynchronous |
+-------+--------------+-------------+--------------+
| 0     |            _ |           - |            - |
| 0     |            _ |           - |          Set |
| 0     |            _ |           - |        Reset |
| 0     |            _ |         Set |            - |
| 0     |            _ |       Reset |            - |
| 0     |          Yes |           - |            - |
| 39    |          Yes |           - |          Set |
| 107   |          Yes |           - |        Reset |
| 100   |          Yes |         Set |            - |
| 2710  |          Yes |       Reset |            - |
+-------+--------------+-------------+--------------+


2. CLB Logic Distribution
-------------------------

+--------------------------------------------+------+-------+------------+-----------+-------+
|                  Site Type                 | Used | Fixed | Prohibited | Available | Util% |
+--------------------------------------------+------+-------+------------+-----------+-------+
| CLB                                        |  599 |     0 |          0 |      4680 | 12.80 |
|   CLBL                                     |  394 |     0 |            |           |       |
|   CLBM                                     |  205 |     0 |            |           |       |
| LUT as Logic                               | 2767 |     0 |          0 |     37440 |  7.39 |
|   using O5 output only                     |  105 |       |            |           |       |
|   using O6 output only                     | 1939 |       |            |           |       |
|   using O5 and O6                          |  723 |       |            |           |       |
| LUT as Memory                              |  311 |     0 |          0 |     15840 |  1.96 |
|   LUT as Distributed RAM                   |  145 |     0 |            |           |       |
|     using O5 output only                   |    0 |       |            |           |       |
|     using O6 output only                   |    5 |       |            |           |       |
|     using O5 and O6                        |  140 |       |            |           |       |
|   LUT as Shift Register                    |  166 |     0 |            |           |       |
|     using O5 output only                   |    0 |       |            |           |       |
|     using O6 output only                   |  133 |       |            |           |       |
|     using O5 and O6                        |   33 |       |            |           |       |
| CLB Registers                              | 2956 |     0 |          0 |     74880 |  3.95 |
|   Register driven from within the CLB      | 1660 |       |            |           |       |
|   Register driven from outside the CLB     | 1296 |       |            |           |       |
|     LUT in front of the register is unused |  721 |       |            |           |       |
|     LUT in front of the register is used   |  575 |       |            |           |       |
| Unique Control Sets                        |  193 |       |          0 |      9360 |  2.06 |
+--------------------------------------------+------+-------+------------+-----------+-------+
* * Note: Available Control Sets calculated as Slices * 2, Review the Control Sets Report for more information regarding control sets.


3. BLOCKRAM
-----------

+-------------------+------+-------+------------+-----------+-------+
|     Site Type     | Used | Fixed | Prohibited | Available | Util% |
+-------------------+------+-------+------------+-----------+-------+
| Block RAM Tile    |   16 |     0 |          0 |       108 | 14.81 |
|   RAMB36/FIFO*    |   16 |     0 |          0 |       108 | 14.81 |
|     RAMB36E2 only |   16 |       |            |           |       |
|   RAMB18          |    0 |     0 |          0 |       216 |  0.00 |
+-------------------+------+-------+------------+-----------+-------+
* Note: Each Block RAM Tile only has one FIFO logic available and therefore can accommodate only one FIFO36E2 or one FIFO18E2. However, if a FIFO18E2 occupies a Block RAM Tile, that tile can still accommodate a RAMB18E2


4. ARITHMETIC
-------------

+----------------+------+-------+------------+-----------+-------+
|    Site Type   | Used | Fixed | Prohibited | Available | Util% |
+----------------+------+-------+------------+-----------+-------+
| DSPs           |    3 |     0 |          0 |       216 |  1.39 |
|   DSP48E2 only |    3 |       |            |           |       |
+----------------+------+-------+------------+-----------+-------+


5. I/O
------

+------------------+------+-------+------------+-----------+-------+
|     Site Type    | Used | Fixed | Prohibited | Available | Util% |
+------------------+------+-------+------------+-----------+-------+
| Bonded IOB       |    3 |     3 |          0 |        82 |  3.66 |
| HPIOB_M          |    0 |     0 |          0 |        26 |  0.00 |
| HPIOB_S          |    0 |     0 |          0 |        26 |  0.00 |
| HDIOB_M          |    1 |     1 |          0 |        12 |  8.33 |
|   INPUT          |    0 |       |            |           |       |
|   OUTPUT         |    1 |       |            |           |       |
|   BIDIR          |    0 |       |            |           |       |
| HDIOB_S          |    2 |     2 |          0 |        12 | 16.67 |
|   INPUT          |    0 |       |            |           |       |
|   OUTPUT         |    2 |       |            |           |       |
|   BIDIR          |    0 |       |            |           |       |
| HPIOB_SNGL       |    0 |     0 |          0 |         6 |  0.00 |
| HPIOBDIFFINBUF   |    0 |     0 |          0 |        72 |  0.00 |
| HPIOBDIFFOUTBUF  |    0 |     0 |          0 |        72 |  0.00 |
| HDIOBDIFFINBUF   |    0 |     0 |          0 |        12 |  0.00 |
| BITSLICE_CONTROL |    0 |     0 |          0 |        24 |  0.00 |
| BITSLICE_RX_TX   |    0 |     0 |          0 |       936 |  0.00 |
| BITSLICE_TX      |    0 |     0 |          0 |        24 |  0.00 |
| RIU_OR           |    0 |     0 |          0 |        12 |  0.00 |
+------------------+------+-------+------------+-----------+-------+


6. CLOCK
--------

+----------------------+------+-------+------------+-----------+-------+
|       Site Type      | Used | Fixed | Prohibited | Available | Util% |
+----------------------+------+-------+------------+-----------+-------+
| GLOBAL CLOCK BUFFERs |    4 |     0 |          0 |       184 |  2.17 |
|   BUFGCE             |    1 |     0 |          0 |        76 |  1.32 |
|   BUFGCE_DIV         |    0 |     0 |          0 |        12 |  0.00 |
|   BUFG_PS            |    1 |     0 |          0 |        72 |  1.39 |
|   BUFGCTRL*          |    1 |     0 |          0 |        24 |  4.17 |
| PLL                  |    0 |     0 |          0 |         6 |  0.00 |
| MMCM                 |    0 |     0 |          0 |         3 |  0.00 |
+----------------------+------+-------+------------+-----------+-------+
* Note: Each used BUFGCTRL counts as two GLOBAL CLOCK BUFFERs. This table does not include global clocking resources, only buffer cell usage. See the Clock Utilization Report (report_clock_utilization) for detailed accounting of global clocking resource availability.


7. ADVANCED
-----------

+-----------+------+-------+------------+-----------+--------+
| Site Type | Used | Fixed | Prohibited | Available |  Util% |
+-----------+------+-------+------------+-----------+--------+
| PS8       |    1 |     0 |          0 |         1 | 100.00 |
| SYSMONE4  |    0 |     0 |          0 |         1 |   0.00 |
+-----------+------+-------+------------+-----------+--------+


8. CONFIGURATION
----------------

+-------------+------+-------+------------+-----------+-------+
|  Site Type  | Used | Fixed | Prohibited | Available | Util% |
+-------------+------+-------+------------+-----------+-------+
| BSCANE2     |    1 |     0 |          0 |         4 | 25.00 |
| DNA_PORTE2  |    0 |     0 |          0 |         1 |  0.00 |
| EFUSE_USR   |    0 |     0 |          0 |         1 |  0.00 |
| FRAME_ECCE4 |    0 |     0 |          0 |         1 |  0.00 |
| ICAPE3      |    0 |     0 |          0 |         2 |  0.00 |
| MASTER_JTAG |    0 |     0 |          0 |         1 |  0.00 |
| STARTUPE3   |    0 |     0 |          0 |         1 |  0.00 |
+-------------+------+-------+------------+-----------+-------+


9. Primitives
-------------

+----------+------+---------------------+
| Ref Name | Used | Functional Category |
+----------+------+---------------------+
| FDRE     | 2710 |            Register |
| LUT6     | 1242 |                 CLB |
| LUT5     |  784 |                 CLB |
| LUT3     |  580 |                 CLB |
| LUT4     |  491 |                 CLB |
| LUT2     |  332 |                 CLB |
| RAMD32   |  266 |                 CLB |
| SRL16E   |  157 |                 CLB |
| FDCE     |  107 |            Register |
| FDSE     |  100 |            Register |
| LUT1     |   61 |                 CLB |
| FDPE     |   39 |            Register |
| MUXF7    |   36 |                 CLB |
| SRLC32E  |   35 |                 CLB |
| CARRY8   |   29 |                 CLB |
| RAMS32   |   19 |                 CLB |
| RAMB36E2 |   16 |            BLOCKRAM |
| SRLC16E  |    7 |                 CLB |
| OBUF     |    3 |                 I/O |
| DSP48E2  |    3 |          Arithmetic |
| PS8      |    1 |            Advanced |
| BUFG_PS  |    1 |               Clock |
| BUFGCTRL |    1 |               Clock |
| BUFGCE   |    1 |               Clock |
| BSCANE2  |    1 |       Configuration |
+----------+------+---------------------+


10. Black Boxes
---------------

+----------+------+
| Ref Name | Used |
+----------+------+


11. Instantiated Netlists
-------------------------

+----------------------------------+------+
|             Ref Name             | Used |
+----------------------------------+------+
| design_1_zynq_ultra_ps_e_0_0     |    1 |
| design_1_xbar_2                  |    1 |
| design_1_rst_ps8_0_100M_3        |    1 |
| design_1_mutex_0_1               |    1 |
| design_1_microblaze_0_axi_intc_3 |    1 |
| design_1_microblaze_0_1          |    1 |
| design_1_mdm_1_4                 |    1 |
| design_1_mailbox_0_1             |    1 |
| design_1_lmb_bram_4              |    1 |
| design_1_ilmb_v10_4              |    1 |
| design_1_ilmb_bram_if_cntlr_4    |    1 |
| design_1_dlmb_v10_4              |    1 |
| design_1_dlmb_bram_if_cntlr_4    |    1 |
| design_1_axi_gpio_0_1            |    1 |
| design_1_auto_pc_0               |    1 |
| design_1_auto_ds_0               |    1 |
+----------------------------------+------+


