Copyright 1986-2022 Xilinx, Inc. All Rights Reserved.
---------------------------------------------------------------------------------------------------
| Tool Version      : Vivado v.2022.2 (win64) Build 3671981 Fri Oct 14 05:00:03 MDT 2022
| Date              : Fri May 24 19:20:19 2024
| Host              : IT05676 running 64-bit major release  (build 9200)
| Command           : report_clock_utilization -file design_1_wrapper_clock_utilization_routed.rpt
| Design            : design_1_wrapper
| Device            : xczu1cg-sbva484
| Speed File        : -1  PRODUCTION 1.30 03-25-2022
| Temperature Grade : E
| Design State      : Routed
---------------------------------------------------------------------------------------------------

Clock Utilization Report

Table of Contents
-----------------
1. Clock Primitive Utilization
2. Global Clock Resources
3. Global Clock Source Details
4. Clock Regions : Clock Primitives
5. Clock Regions : Load Primitives
6. Clock Regions : Global Clock Summary
7. Clock Regions : Routing Resource Utilization
8. Device Cell Placement Summary for Global Clock g0
9. Device Cell Placement Summary for Global Clock g1
10. Device Cell Placement Summary for Global Clock g2
11. Clock Region Cell Placement per Global Clock: Region X0Y0
12. Clock Region Cell Placement per Global Clock: Region X0Y1

1. Clock Primitive Utilization
------------------------------

+------------+------+-----------+-----+--------------+--------+
| Type       | Used | Available | LOC | Clock Region | Pblock |
+------------+------+-----------+-----+--------------+--------+
| BUFGCE     |    1 |        76 |   0 |            0 |      0 |
| BUFGCE_DIV |    0 |        12 |   0 |            0 |      0 |
| BUFGCTRL   |    1 |        24 |   0 |            0 |      0 |
| BUFG_PS    |    1 |        72 |   0 |            0 |      0 |
| MMCM       |    0 |         3 |   0 |            0 |      0 |
| PLL        |    0 |         6 |   0 |            0 |      0 |
+------------+------+-----------+-----+--------------+--------+


2. Global Clock Resources
-------------------------

+-----------+-----------+-----------------+------------+----------------+--------------+------+-------------------+-------------------+-------------+-----------------+--------------+------------------------------------------------------------+---------------------------------------------------------------------+-----------------------------------------------------------+
| Global Id | Source Id | Driver Type/Pin | Constraint | Site           | Clock Region | Root | Clock Delay Group | Load Clock Region | Clock Loads | Non-Clock Loads | Clock Period | Clock                                                      | Driver Pin                                                          | Net                                                       |
+-----------+-----------+-----------------+------------+----------------+--------------+------+-------------------+-------------------+-------------+-----------------+--------------+------------------------------------------------------------+---------------------------------------------------------------------+-----------------------------------------------------------+
| g0        | src0      | BUFG_PS/O       | None       | BUFG_PS_X0Y60  | X0Y2         | X0Y0 |                   |                 2 |        3015 |               0 |       10.000 | clk_pl_0                                                   | design_1_i/zynq_ultra_ps_e_0/inst/buffer_pl_clk_0.PL_CLK_0_BUFG/O   | design_1_i/zynq_ultra_ps_e_0/inst/pl_clk0                 |
| g1        | src1      | BUFGCTRL/O      | None       | BUFGCTRL_X0Y20 | X0Y2         | X0Y0 |                   |                 2 |         233 |               0 |       33.333 | design_1_i/mdm_1/U0/Use_E2.BSCAN_I/Use_E2.BSCANE2_I/DRCK   | design_1_i/mdm_1/U0/No_Dbg_Reg_Access.BUFG_DRCK/Using_FPGA.Native/O | design_1_i/mdm_1/U0/No_Dbg_Reg_Access.BUFG_DRCK/Dbg_Clk_0 |
| g1        | src2      | BUFGCTRL/O      | None       | BUFGCTRL_X0Y20 | X0Y2         | X0Y0 |                   |                 2 |         233 |               0 |       33.333 | design_1_i/mdm_1/U0/Use_E2.BSCAN_I/Use_E2.BSCANE2_I/DRCK   | design_1_i/mdm_1/U0/No_Dbg_Reg_Access.BUFG_DRCK/Using_FPGA.Native/O | design_1_i/mdm_1/U0/No_Dbg_Reg_Access.BUFG_DRCK/Dbg_Clk_0 |
| g2        | src3      | BUFGCE/O        | None       | BUFGCE_X0Y37   | X0Y1         | X0Y1 |                   |                 2 |          39 |               1 |       66.666 | design_1_i/mdm_1/U0/Use_E2.BSCAN_I/Use_E2.BSCANE2_I/UPDATE | design_1_i/mdm_1/U0/Use_E2.BSCAN_I/Dbg_Update_0_BUFG_inst/O         | design_1_i/mdm_1/U0/Use_E2.BSCAN_I/Dbg_Update_0_BUFGCE    |
+-----------+-----------+-----------------+------------+----------------+--------------+------+-------------------+-------------------+-------------+-----------------+--------------+------------------------------------------------------------+---------------------------------------------------------------------+-----------------------------------------------------------+
* Clock Loads column represents cell count of net connects that connect to a clock pin. Internal cell leaf pins are not considered
** Non-Clock Loads column represents cell count of non-clock pin loads


3. Global Clock Source Details
------------------------------

+-----------+-----------+-----------------+------------+------------------+--------------+-------------+-----------------+---------------------+------------------------------------------------------------+------------------------------------------------------------+--------------------------------------------------------+
| Source Id | Global Id | Driver Type/Pin | Constraint | Site             | Clock Region | Clock Loads | Non-Clock Loads | Source Clock Period | Source Clock                                               | Driver Pin                                                 | Net                                                    |
+-----------+-----------+-----------------+------------+------------------+--------------+-------------+-----------------+---------------------+------------------------------------------------------------+------------------------------------------------------------+--------------------------------------------------------+
| src0      | g0        | PS8/PLCLK[0]    | None       | PS8_X0Y0         | X0Y0         |           1 |               0 |              10.000 | clk_pl_0                                                   | design_1_i/zynq_ultra_ps_e_0/inst/PS8_i/PLCLK[0]           | design_1_i/zynq_ultra_ps_e_0/inst/pl_clk_unbuffered[0] |
| src1      | g1        | BSCANE2/DRCK    | None       | CONFIG_SITE_X0Y0 | X0Y1         |           1 |               0 |              33.333 | design_1_i/mdm_1/U0/Use_E2.BSCAN_I/Use_E2.BSCANE2_I/DRCK   | design_1_i/mdm_1/U0/Use_E2.BSCAN_I/Use_E2.BSCANE2_I/DRCK   | design_1_i/mdm_1/U0/Use_E2.BSCAN_I/DRCK                |
| src2      | g1        | VCC/P           | None       |                  | n/a          |           0 |               0 |                     |                                                            | design_1_i/mdm_1/U0/No_Dbg_Reg_Access.BUFG_DRCK/VCC_1/P    | design_1_i/mdm_1/U0/No_Dbg_Reg_Access.BUFG_DRCK/VCC_2  |
| src3      | g2        | BSCANE2/UPDATE  | None       | CONFIG_SITE_X0Y0 | X0Y1         |           1 |               0 |              66.666 | design_1_i/mdm_1/U0/Use_E2.BSCAN_I/Use_E2.BSCANE2_I/UPDATE | design_1_i/mdm_1/U0/Use_E2.BSCAN_I/Use_E2.BSCANE2_I/UPDATE | design_1_i/mdm_1/U0/Use_E2.BSCAN_I/Dbg_Update_0        |
+-----------+-----------+-----------------+------------+------------------+--------------+-------------+-----------------+---------------------+------------------------------------------------------------+------------------------------------------------------------+--------------------------------------------------------+
* Clock Loads column represents cell count of net connects that connect to a clock pin. Internal cell leaf pins are not considered
** Non-Clock Loads column represents cell count of non-clock pin loads


4. Clock Regions : Clock Primitives
-----------------------------------

+-------------------+---------------+---------------+---------------+---------------+---------------+---------------+---------------+---------------+
|                   |  Global Clock |     BUFGCE    |   BUFGCE_DIV  |    BUFGCTRL   |    BUFG_GT    |    BUFG_PS    |      MMCM     |      PLL      |
+-------------------+-------+-------+-------+-------+-------+-------+-------+-------+-------+-------+-------+-------+-------+-------+-------+-------+
| Clock Region Name | Used  | Avail | Used  | Avail | Used  | Avail | Used  | Avail | Used  | Avail | Used  | Avail | Used  | Avail | Used  | Avail |
+-------------------+-------+-------+-------+-------+-------+-------+-------+-------+-------+-------+-------+-------+-------+-------+-------+-------+
| X0Y0              |     3 |    24 |     0 |    28 |     0 |     4 |     0 |     8 |     0 |     0 |     0 |    24 |     0 |     1 |     0 |     2 |
| X0Y1              |     3 |    24 |     1 |    24 |     0 |     4 |     0 |     8 |     0 |     0 |     0 |    24 |     0 |     1 |     0 |     2 |
| X0Y2              |     0 |    24 |     0 |    24 |     0 |     4 |     1 |     8 |     0 |     0 |     1 |    24 |     0 |     1 |     0 |     2 |
+-------------------+-------+-------+-------+-------+-------+-------+-------+-------+-------+-------+-------+-------+-------+-------+-------+-------+
* Global Clock column represents track count; while other columns represents cell counts


5. Clock Regions : Load Primitives
----------------------------------

+-------------------+------------------+------------------+------------------+------------------+------------------+------------------+------------------+
|                   |   Global Clock   |        FF        |      LUTRAM      |  Block RAM (18K) |        DSP       |        GT        |      HARD IP     |
+-------------------+--------+---------+--------+---------+--------+---------+--------+---------+--------+---------+--------+---------+--------+---------+
| Clock Region Name | Used   | Avail   | Used   | Avail   | Used   | Avail   | Used   | Avail   | Used   | Avail   | Used   | Avail   | Used   | Avail   |
+-------------------+--------+---------+--------+---------+--------+---------+--------+---------+--------+---------+--------+---------+--------+---------+
| X0Y0              |      3 |      24 |   2840 |   24960 |    304 |    5280 |     32 |      72 |      3 |      72 |      0 |       0 |      0 |       0 |
| X0Y1              |      3 |      24 |    116 |   24960 |      7 |    5280 |      0 |      72 |      0 |      72 |      0 |       0 |      0 |       0 |
| X0Y2              |      0 |      24 |      0 |   24960 |      0 |    5280 |      0 |      72 |      0 |      72 |      0 |       0 |      0 |       0 |
+-------------------+--------+---------+--------+---------+--------+---------+--------+---------+--------+---------+--------+---------+--------+---------+
* Global Clock column represents track count; while other columns represents cell counts


6. Clock Regions : Global Clock Summary
---------------------------------------

All Modules
+----+----+
|    | X0 |
+----+----+
| Y2 |  0 |
| Y1 |  3 |
| Y0 |  3 |
+----+----+


7. Clock Regions : Routing Resource Utilization
-----------------------------------------------

All Modules
+-------------------+----------------------+----------------------+----------------------+----------------------+
|                   |        HROUTES       |        HDISTRS       |        VROUTES       |        VDISTRS       |
+-------------------+------+-------+-------+------+-------+-------+------+-------+-------+------+-------+-------+
| Clock Region Name | Used | Avail | Util% | Used | Avail | Util% | Used | Avail | Util% | Used | Avail | Util% |
+-------------------+------+-------+-------+------+-------+-------+------+-------+-------+------+-------+-------+
| X0Y0              |    0 |    24 |  0.00 |    3 |    24 | 12.50 |    2 |    24 |  8.33 |    3 |    24 | 12.50 |
| X0Y1              |    0 |    24 |  0.00 |    3 |    24 | 12.50 |    2 |    24 |  8.33 |    1 |    24 |  4.17 |
| X0Y2              |    3 |    24 | 12.50 |    0 |    24 |  0.00 |    2 |    24 |  8.33 |    0 |    24 |  0.00 |
+-------------------+------+-------+-------+------+-------+-------+------+-------+-------+------+-------+-------+


8. Device Cell Placement Summary for Global Clock g0
----------------------------------------------------

+-----------+-----------------+-------------------+----------+-------------+---------------+----------+-------------+----------+----------------+----------+-------------------------------------------+
| Global Id | Driver Type/Pin | Driver Region (D) | Clock    | Period (ns) | Waveform (ns) | Root (R) | Slice Loads | IO Loads | Clocking Loads | GT Loads | Net                                       |
+-----------+-----------------+-------------------+----------+-------------+---------------+----------+-------------+----------+----------------+----------+-------------------------------------------+
| g0        | BUFG_PS/O       | X0Y2              | clk_pl_0 |      10.000 | {0.000 5.000} | X0Y0     |        3015 |        0 |              0 |        0 | design_1_i/zynq_ultra_ps_e_0/inst/pl_clk0 |
+-----------+-----------------+-------------------+----------+-------------+---------------+----------+-------------+----------+----------------+----------+-------------------------------------------+
* Slice Loads column represents load cell count of all cell types other than IO, GT and clock resources
** IO Loads column represents load cell count of IO types
*** Clocking Loads column represents load cell count that are clock resources (global clock buffer, MMCM, PLL, etc)
**** GT Loads column represents load cell count of GT types


+----+----------+-----------------------+
|    | X0       | HORIZONTAL PROG DELAY |
+----+----------+-----------------------+
| Y2 |    (D) 0 |                     - |
| Y1 |        4 |                     0 |
| Y0 | (R) 3011 |                     0 |
+----+----------+-----------------------+


9. Device Cell Placement Summary for Global Clock g1
----------------------------------------------------

+-----------+-----------------+-------------------+----------------------------------------------------------+-------------+----------------+----------+-------------+----------+----------------+----------+-----------------------------------------------------------+
| Global Id | Driver Type/Pin | Driver Region (D) | Clock                                                    | Period (ns) | Waveform (ns)  | Root (R) | Slice Loads | IO Loads | Clocking Loads | GT Loads | Net                                                       |
+-----------+-----------------+-------------------+----------------------------------------------------------+-------------+----------------+----------+-------------+----------+----------------+----------+-----------------------------------------------------------+
| g1        | BUFGCTRL/O      | X0Y2              | design_1_i/mdm_1/U0/Use_E2.BSCAN_I/Use_E2.BSCANE2_I/DRCK |      33.333 | {0.000 16.667} | X0Y0     |         233 |        0 |              0 |        0 | design_1_i/mdm_1/U0/No_Dbg_Reg_Access.BUFG_DRCK/Dbg_Clk_0 |
+-----------+-----------------+-------------------+----------------------------------------------------------+-------------+----------------+----------+-------------+----------+----------------+----------+-----------------------------------------------------------+
* Slice Loads column represents load cell count of all cell types other than IO, GT and clock resources
** IO Loads column represents load cell count of IO types
*** Clocking Loads column represents load cell count that are clock resources (global clock buffer, MMCM, PLL, etc)
**** GT Loads column represents load cell count of GT types


+----+---------+-----------------------+
|    | X0      | HORIZONTAL PROG DELAY |
+----+---------+-----------------------+
| Y2 |   (D) 0 |                     - |
| Y1 |      91 |                     0 |
| Y0 | (R) 142 |                     0 |
+----+---------+-----------------------+


10. Device Cell Placement Summary for Global Clock g2
-----------------------------------------------------

+-----------+-----------------+-------------------+------------------------------------------------------------+-------------+----------------+----------+-------------+----------+----------------+----------+--------------------------------------------------------+
| Global Id | Driver Type/Pin | Driver Region (D) | Clock                                                      | Period (ns) | Waveform (ns)  | Root (R) | Slice Loads | IO Loads | Clocking Loads | GT Loads | Net                                                    |
+-----------+-----------------+-------------------+------------------------------------------------------------+-------------+----------------+----------+-------------+----------+----------------+----------+--------------------------------------------------------+
| g2        | BUFGCE/O        | X0Y1              | design_1_i/mdm_1/U0/Use_E2.BSCAN_I/Use_E2.BSCANE2_I/UPDATE |      66.666 | {0.000 33.333} | X0Y1     |          40 |        0 |              0 |        0 | design_1_i/mdm_1/U0/Use_E2.BSCAN_I/Dbg_Update_0_BUFGCE |
+-----------+-----------------+-------------------+------------------------------------------------------------+-------------+----------------+----------+-------------+----------+----------------+----------+--------------------------------------------------------+
* Slice Loads column represents load cell count of all cell types other than IO, GT and clock resources
** IO Loads column represents load cell count of IO types
*** Clocking Loads column represents load cell count that are clock resources (global clock buffer, MMCM, PLL, etc)
**** GT Loads column represents load cell count of GT types


+----+------------+-----------------------+
|    | X0         | HORIZONTAL PROG DELAY |
+----+------------+-----------------------+
| Y2 |          0 |                     - |
| Y1 | (R) (D) 29 |                     1 |
| Y0 |         11 |                     0 |
+----+------------+-----------------------+


11. Clock Region Cell Placement per Global Clock: Region X0Y0
-------------------------------------------------------------

+-----------+-------+-----------------+------------+-------------+-----------------+------+-------------+------+-----+----+------+-----+---------+-----------------------------------------------------------+
| Global Id | Track | Driver Type/Pin | Constraint | Clock Loads | Non-Clock Loads | FF   | Memory LUTs | RAMB | DSP | GT | MMCM | PLL | Hard IP | Net                                                       |
+-----------+-------+-----------------+------------+-------------+-----------------+------+-------------+------+-----+----+------+-----+---------+-----------------------------------------------------------+
| g0        | 12    | BUFG_PS/O       | None       |        3011 |               0 | 2703 |         288 |   16 |   3 |  0 |    0 |   0 |       0 | design_1_i/zynq_ultra_ps_e_0/inst/pl_clk0                 |
| g1        | 23    | BUFGCTRL/O      | None       |         142 |               0 |  126 |          16 |    0 |   0 |  0 |    0 |   0 |       0 | design_1_i/mdm_1/U0/No_Dbg_Reg_Access.BUFG_DRCK/Dbg_Clk_0 |
| g2        | 13    | BUFGCE/O        | None       |          11 |               0 |   11 |           0 |    0 |   0 |  0 |    0 |   0 |       0 | design_1_i/mdm_1/U0/Use_E2.BSCAN_I/Dbg_Update_0_BUFGCE    |
+-----------+-------+-----------------+------------+-------------+-----------------+------+-------------+------+-----+----+------+-----+---------+-----------------------------------------------------------+
* Clock Loads column represents cell count of net connects that connect to a clock pin. Internal cell leaf pins are not considered
** Non-Clock Loads column represents cell count of non-clock pin loads
*** Columns FF, LUTRAM, RAMB through 'Hard IP' represents load cell counts


12. Clock Region Cell Placement per Global Clock: Region X0Y1
-------------------------------------------------------------

+-----------+-------+-----------------+------------+-------------+-----------------+----+-------------+------+-----+----+------+-----+---------+-----------------------------------------------------------+
| Global Id | Track | Driver Type/Pin | Constraint | Clock Loads | Non-Clock Loads | FF | Memory LUTs | RAMB | DSP | GT | MMCM | PLL | Hard IP | Net                                                       |
+-----------+-------+-----------------+------------+-------------+-----------------+----+-------------+------+-----+----+------+-----+---------+-----------------------------------------------------------+
| g0        | 12    | BUFG_PS/O       | None       |           4 |               0 |  4 |           0 |    0 |   0 |  0 |    0 |   0 |       0 | design_1_i/zynq_ultra_ps_e_0/inst/pl_clk0                 |
| g1        | 23    | BUFGCTRL/O      | None       |          91 |               0 | 84 |           7 |    0 |   0 |  0 |    0 |   0 |       0 | design_1_i/mdm_1/U0/No_Dbg_Reg_Access.BUFG_DRCK/Dbg_Clk_0 |
| g2        | 13    | BUFGCE/O        | None       |          28 |               1 | 28 |           0 |    0 |   0 |  0 |    0 |   0 |       0 | design_1_i/mdm_1/U0/Use_E2.BSCAN_I/Dbg_Update_0_BUFGCE    |
+-----------+-------+-----------------+------------+-------------+-----------------+----+-------------+------+-----+----+------+-----+---------+-----------------------------------------------------------+
* Clock Loads column represents cell count of net connects that connect to a clock pin. Internal cell leaf pins are not considered
** Non-Clock Loads column represents cell count of non-clock pin loads
*** Columns FF, LUTRAM, RAMB through 'Hard IP' represents load cell counts


